activecomp {
  name: "EPG_Details"
  width: 1762
  height: 222
  defaultcameradistance: 2447.2222
  layer {
    name: "Details-Contents"
    id: 1974
    sourceid: 1986
    transform {
      anchorPoint {
        x: 881
        y: 0
        z: 0
      }
      scale {
        x: 1
        y: 1
        z: 1
      }
      position {
        x: 881
        y: 0
        z: 0
      }
      orientation {
        x: 0
        y: 0
        z: 0
      }
      rotationX: 0
      rotationY: 0
      rotationZ: 0
      opacity: 1
    }
    acceptsshadows: true
    acceptslights: true
    castsshadows: false
    properties {
      key: "height"
      value: "fill-parent"
    }
  }
  bgcolor {
    alpha: 1
    red: 0.17254901960784313
    green: 0.17254901960784313
    blue: 0.17254901960784313
  }
  properties {
    key: "layout"
    value: "CYIStackLayout"
  }
  properties {
    key: "spacing"
    value: "15"
  }
  properties {
    key: "gravity"
    value: "top"
  }
  childtemplates: "EPG_Details-Contents"
}
sources {
  uid: 1986
  srctype: AE_COMP_SRC
  name: "EPG_Details-Contents.layout"
  width: 1762
  height: 222
  copy_source: true
}
