activecomp {
  name: "EPG_Lane-Placeholder2"
  width: 1710
  height: 134
  defaultcameradistance: 2375
  layer {
    name: "Timeslot-Half-Placeholder-root"
    id: 2138
    sourceid: 2909
    transform {
      anchorPoint {
        x: 162.5
        y: 65
        z: 0
      }
      scale {
        x: 1
        y: 1
        z: 1
      }
      position {
        x: 1462.5
        y: 67
        z: 0
      }
      orientation {
        x: 0
        y: 0
        z: 0
      }
      rotationX: 0
      rotationY: 0
      rotationZ: 0
      opacity: 1
    }
    acceptsshadows: true
    acceptslights: true
    castsshadows: false
  }
  layer {
    name: "Timeslot-Half-Placeholder-root"
    id: 2139
    sourceid: 2909
    transform {
      anchorPoint {
        x: 162.5
        y: 65
        z: 0
      }
      scale {
        x: 1
        y: 1
        z: 1
      }
      position {
        x: 1786.5
        y: 65
        z: 0
      }
      orientation {
        x: 0
        y: 0
        z: 0
      }
      rotationX: 0
      rotationY: 0
      rotationZ: 0
      opacity: 1
    }
    acceptsshadows: true
    acceptslights: true
    castsshadows: false
  }
  layer {
    name: "Timeslot-2x-Placeholder-root"
    id: 2140
    sourceid: 2820
    transform {
      anchorPoint {
        x: 650
        y: 65
        z: 0
      }
      scale {
        x: 1
        y: 1
        z: 1
      }
      position {
        x: 650
        y: 67
        z: 0
      }
      orientation {
        x: 0
        y: 0
        z: 0
      }
      rotationX: 0
      rotationY: 0
      rotationZ: 0
      opacity: 1
    }
    acceptsshadows: true
    acceptslights: true
    castsshadows: false
  }
  bgcolor {
    alpha: 1
    red: 0.17254901960784313
    green: 0.17254901960784313
    blue: 0.17254901960784313
  }
  properties {
    key: "spacing"
    value: "0"
  }
  properties {
    key: "layout"
    value: "CYIRowLayout"
  }
  properties {
    key: "horizontal-scroll"
    value: "true"
  }
  properties {
    key: "vertical-scroll"
    value: "false"
  }
  childtemplates: "EPG_Timeslot-Half-Placeholder-root"
  childtemplates: "EPG_Timeslot-2x-Placeholder-root"
}
sources {
  uid: 2909
  srctype: AE_COMP_SRC
  name: "EPG_Timeslot-Half-Placeholder-root.layout"
  width: 325
  height: 130
  copy_source: true
}
sources {
  uid: 2820
  srctype: AE_COMP_SRC
  name: "EPG_Timeslot-2x-Placeholder-root.layout"
  width: 1300
  height: 130
  copy_source: true
}
