tracks {
  binding: IS_VISIBLE
  targetid: 3587
  targetname: "Scaler"
  keytimes {
    datatype: AE_INT_DATA
    timeOffset: 0
    inttype: AE_INTERP_HOLD
    ivalue1: 1
  }
}
tracks {
  binding: SCALE
  targetid: 3587
  targetname: "Scaler"
  keytimes {
    datatype: AE_FLOAT_VECTOR_DATA
    timeOffset: 0
    inttype: AE_INTERP_LINEAR
    fvalue1: 1
    fvalue2: 0.38
    fvalue3: 1
  }
  keytimes {
    datatype: AE_FLOAT_VECTOR_DATA
    timeOffset: 1
    inttype: AE_INTERP_LINEAR
    fvalue1: 1
    fvalue2: 0.38
    fvalue3: 1
  }
  keytimes {
    datatype: AE_FLOAT_VECTOR_DATA
    timeOffset: 1.01666
    inttype: AE_INTERP_LINEAR
    fvalue1: 1
    fvalue2: 0.39641798
    fvalue3: 1
    isCookedKeytime: true
  }
  keytimes {
    datatype: AE_FLOAT_VECTOR_DATA
    timeOffset: 1.03332
    inttype: AE_INTERP_LINEAR
    fvalue1: 1
    fvalue2: 0.46989071
    fvalue3: 1
    isCookedKeytime: true
  }
  keytimes {
    datatype: AE_FLOAT_VECTOR_DATA
    timeOffset: 1.0666399
    inttype: AE_INTERP_LINEAR
    fvalue1: 1
    fvalue2: 0.90893584
    fvalue3: 1
    isCookedKeytime: true
  }
  keytimes {
    datatype: AE_FLOAT_VECTOR_DATA
    timeOffset: 1.0832999
    inttype: AE_INTERP_LINEAR
    fvalue1: 1
    fvalue2: 0.98323148
    fvalue3: 1
    isCookedKeytime: true
  }
  keytimes {
    datatype: AE_FLOAT_VECTOR_DATA
    timeOffset: 1.1
    inttype: AE_INTERP_LINEAR
    fvalue1: 1
    fvalue2: 1
    fvalue3: 1
  }
  keytimes {
    datatype: AE_FLOAT_VECTOR_DATA
    timeOffset: 2.6
    inttype: AE_INTERP_LINEAR
    fvalue1: 1
    fvalue2: 1
    fvalue3: 1
  }
  keytimes {
    datatype: AE_FLOAT_VECTOR_DATA
    timeOffset: 2.6166599
    inttype: AE_INTERP_LINEAR
    fvalue1: 1
    fvalue2: 0.94457376
    fvalue3: 1
    isCookedKeytime: true
  }
  keytimes {
    datatype: AE_FLOAT_VECTOR_DATA
    timeOffset: 2.6333199
    inttype: AE_INTERP_LINEAR
    fvalue1: 1
    fvalue2: 0.59554046
    fvalue3: 1
    isCookedKeytime: true
  }
  keytimes {
    datatype: AE_FLOAT_VECTOR_DATA
    timeOffset: 2.6499798
    inttype: AE_INTERP_LINEAR
    fvalue1: 1
    fvalue2: 0.39676845
    fvalue3: 1
    isCookedKeytime: true
  }
  keytimes {
    datatype: AE_FLOAT_VECTOR_DATA
    timeOffset: 2.66
    inttype: AE_INTERP_LINEAR
    fvalue1: 1
    fvalue2: 0.38
    fvalue3: 1
  }
  trackName: "Scale"
}
tracks {
  binding: IS_VISIBLE
  targetid: 3588
  targetname: "BG"
  keytimes {
    datatype: AE_INT_DATA
    timeOffset: 0
    inttype: AE_INTERP_HOLD
    ivalue1: 1
  }
}
tracks {
  binding: OPACITY
  targetid: 3588
  targetname: "BG"
  keytimes {
    datatype: AE_FLOAT_DATA
    timeOffset: 0
    inttype: AE_INTERP_LINEAR
    fvalue1: 0
  }
  keytimes {
    datatype: AE_FLOAT_DATA
    timeOffset: 1.24
    inttype: AE_INTERP_LINEAR
    fvalue1: 0
  }
  keytimes {
    datatype: AE_FLOAT_DATA
    timeOffset: 1.25666
    inttype: AE_INTERP_LINEAR
    fvalue1: 0.16765177
    isCookedKeytime: true
  }
  keytimes {
    datatype: AE_FLOAT_DATA
    timeOffset: 1.27332
    inttype: AE_INTERP_LINEAR
    fvalue1: 0.29893774
    isCookedKeytime: true
  }
  keytimes {
    datatype: AE_FLOAT_DATA
    timeOffset: 1.2899799
    inttype: AE_INTERP_LINEAR
    fvalue1: 0.39214608
    isCookedKeytime: true
  }
  keytimes {
    datatype: AE_FLOAT_DATA
    timeOffset: 1.3066399
    inttype: AE_INTERP_LINEAR
    fvalue1: 0.45394066
    isCookedKeytime: true
  }
  keytimes {
    datatype: AE_FLOAT_DATA
    timeOffset: 1.3232999
    inttype: AE_INTERP_LINEAR
    fvalue1: 0.48881671
    isCookedKeytime: true
  }
  keytimes {
    datatype: AE_FLOAT_DATA
    timeOffset: 1.34
    inttype: AE_INTERP_LINEAR
    fvalue1: 0.5
  }
  keytimes {
    datatype: AE_FLOAT_DATA
    timeOffset: 1.4
    inttype: AE_INTERP_LINEAR
    fvalue1: 0.49999991
  }
  keytimes {
    datatype: AE_FLOAT_DATA
    timeOffset: 1.41666
    inttype: AE_INTERP_LINEAR
    fvalue1: 0.48401326
    isCookedKeytime: true
  }
  keytimes {
    datatype: AE_FLOAT_DATA
    timeOffset: 1.4333199
    inttype: AE_INTERP_LINEAR
    fvalue1: 0.44165513
    isCookedKeytime: true
  }
  keytimes {
    datatype: AE_FLOAT_DATA
    timeOffset: 1.4499799
    inttype: AE_INTERP_LINEAR
    fvalue1: 0.38314846
    isCookedKeytime: true
  }
  keytimes {
    datatype: AE_FLOAT_DATA
    timeOffset: 1.4666399
    inttype: AE_INTERP_LINEAR
    fvalue1: 0.32123566
    isCookedKeytime: true
  }
  keytimes {
    datatype: AE_FLOAT_DATA
    timeOffset: 1.4832999
    inttype: AE_INTERP_LINEAR
    fvalue1: 0.27110231
    isCookedKeytime: true
  }
  keytimes {
    datatype: AE_FLOAT_DATA
    timeOffset: 1.5
    inttype: AE_INTERP_LINEAR
    fvalue1: 0.25
  }
  keytimes {
    datatype: AE_FLOAT_DATA
    timeOffset: 1.6
    inttype: AE_INTERP_LINEAR
    fvalue1: 0.25
  }
  keytimes {
    datatype: AE_FLOAT_DATA
    timeOffset: 1.61666
    inttype: AE_INTERP_LINEAR
    fvalue1: 0.27074084
    isCookedKeytime: true
  }
  keytimes {
    datatype: AE_FLOAT_DATA
    timeOffset: 1.63332
    inttype: AE_INTERP_LINEAR
    fvalue1: 0.32068458
    isCookedKeytime: true
  }
  keytimes {
    datatype: AE_FLOAT_DATA
    timeOffset: 1.6666399
    inttype: AE_INTERP_LINEAR
    fvalue1: 0.44116291
    isCookedKeytime: true
  }
  keytimes {
    datatype: AE_FLOAT_DATA
    timeOffset: 1.6832999
    inttype: AE_INTERP_LINEAR
    fvalue1: 0.48372409
    isCookedKeytime: true
  }
  keytimes {
    datatype: AE_FLOAT_DATA
    timeOffset: 1.7
    inttype: AE_INTERP_LINEAR
    fvalue1: 0.49999991
  }
  keytimes {
    datatype: AE_FLOAT_DATA
    timeOffset: 1.8
    inttype: AE_INTERP_LINEAR
    fvalue1: 0.5
  }
  keytimes {
    datatype: AE_FLOAT_DATA
    timeOffset: 1.8166599
    inttype: AE_INTERP_LINEAR
    fvalue1: 0.33090445
    isCookedKeytime: true
  }
  keytimes {
    datatype: AE_FLOAT_DATA
    timeOffset: 1.8333199
    inttype: AE_INTERP_LINEAR
    fvalue1: 0.14120427
    isCookedKeytime: true
  }
  keytimes {
    datatype: AE_FLOAT_DATA
    timeOffset: 1.8499799
    inttype: AE_INTERP_LINEAR
    fvalue1: 0.062968515
    isCookedKeytime: true
  }
  keytimes {
    datatype: AE_FLOAT_DATA
    timeOffset: 1.8666399
    inttype: AE_INTERP_LINEAR
    fvalue1: 0.023753274
    isCookedKeytime: true
  }
  keytimes {
    datatype: AE_FLOAT_DATA
    timeOffset: 1.8832998
    inttype: AE_INTERP_LINEAR
    fvalue1: 0.0052531534
    isCookedKeytime: true
  }
  keytimes {
    datatype: AE_FLOAT_DATA
    timeOffset: 1.9
    inttype: AE_INTERP_LINEAR
    fvalue1: 0
  }
  trackName: "Opacity"
}
tracks {
  binding: SCALE
  targetid: 3588
  targetname: "BG"
  keytimes {
    datatype: AE_FLOAT_VECTOR_DATA
    timeOffset: 0
    inttype: AE_INTERP_LINEAR
    fvalue1: 1
    fvalue2: 1
    fvalue3: 1
  }
  keytimes {
    datatype: AE_FLOAT_VECTOR_DATA
    timeOffset: 1
    inttype: AE_INTERP_LINEAR
    fvalue1: 1
    fvalue2: 1
    fvalue3: 1
  }
  keytimes {
    datatype: AE_FLOAT_VECTOR_DATA
    timeOffset: 1.01666
    inttype: AE_INTERP_LINEAR
    fvalue1: 1
    fvalue2: 1.0474002
    fvalue3: 1
    isCookedKeytime: true
  }
  keytimes {
    datatype: AE_FLOAT_VECTOR_DATA
    timeOffset: 1.03332
    inttype: AE_INTERP_LINEAR
    fvalue1: 1
    fvalue2: 1.2595232
    fvalue3: 1
    isCookedKeytime: true
  }
  keytimes {
    datatype: AE_FLOAT_VECTOR_DATA
    timeOffset: 1.0666399
    inttype: AE_INTERP_LINEAR
    fvalue1: 1
    fvalue2: 2.5270889
    fvalue3: 1
    isCookedKeytime: true
  }
  keytimes {
    datatype: AE_FLOAT_VECTOR_DATA
    timeOffset: 1.0832999
    inttype: AE_INTERP_LINEAR
    fvalue1: 1
    fvalue2: 2.7415879
    fvalue3: 1
    isCookedKeytime: true
  }
  keytimes {
    datatype: AE_FLOAT_VECTOR_DATA
    timeOffset: 1.1
    inttype: AE_INTERP_LINEAR
    fvalue1: 1
    fvalue2: 2.79
    fvalue3: 1
  }
  keytimes {
    datatype: AE_FLOAT_VECTOR_DATA
    timeOffset: 2.6
    inttype: AE_INTERP_LINEAR
    fvalue1: 1
    fvalue2: 2.79
    fvalue3: 1
  }
  keytimes {
    datatype: AE_FLOAT_VECTOR_DATA
    timeOffset: 2.6166599
    inttype: AE_INTERP_LINEAR
    fvalue1: 1
    fvalue2: 2.6299789
    fvalue3: 1
    isCookedKeytime: true
  }
  keytimes {
    datatype: AE_FLOAT_VECTOR_DATA
    timeOffset: 2.6333199
    inttype: AE_INTERP_LINEAR
    fvalue1: 1
    fvalue2: 1.6222862
    fvalue3: 1
    isCookedKeytime: true
  }
  keytimes {
    datatype: AE_FLOAT_VECTOR_DATA
    timeOffset: 2.6499798
    inttype: AE_INTERP_LINEAR
    fvalue1: 1
    fvalue2: 1.0484122
    fvalue3: 1
    isCookedKeytime: true
  }
  keytimes {
    datatype: AE_FLOAT_VECTOR_DATA
    timeOffset: 2.66
    inttype: AE_INTERP_LINEAR
    fvalue1: 1
    fvalue2: 1
    fvalue3: 1
  }
  trackName: "Scale"
}
tracks {
  binding: IS_VISIBLE
  targetid: 3589
  targetname: "borderRight-Focus"
  keytimes {
    datatype: AE_INT_DATA
    timeOffset: 0
    inttype: AE_INTERP_HOLD
    ivalue1: 1
  }
}
tracks {
  binding: OPACITY
  targetid: 3589
  targetname: "borderRight-Focus"
  keytimes {
    datatype: AE_FLOAT_DATA
    timeOffset: 0
    inttype: AE_INTERP_LINEAR
    fvalue1: 0
  }
  keytimes {
    datatype: AE_FLOAT_DATA
    timeOffset: 1.24
    inttype: AE_INTERP_LINEAR
    fvalue1: 0
  }
  keytimes {
    datatype: AE_FLOAT_DATA
    timeOffset: 1.34
    inttype: AE_INTERP_LINEAR
    fvalue1: 1
  }
  keytimes {
    datatype: AE_FLOAT_DATA
    timeOffset: 1.4
    inttype: AE_INTERP_LINEAR
    fvalue1: 1
  }
  keytimes {
    datatype: AE_FLOAT_DATA
    timeOffset: 1.5
    inttype: AE_INTERP_LINEAR
    fvalue1: 0.8
  }
  keytimes {
    datatype: AE_FLOAT_DATA
    timeOffset: 1.6
    inttype: AE_INTERP_LINEAR
    fvalue1: 0.8
  }
  keytimes {
    datatype: AE_FLOAT_DATA
    timeOffset: 1.7
    inttype: AE_INTERP_LINEAR
    fvalue1: 1
  }
  keytimes {
    datatype: AE_FLOAT_DATA
    timeOffset: 1.8
    inttype: AE_INTERP_LINEAR
    fvalue1: 1
  }
  keytimes {
    datatype: AE_FLOAT_DATA
    timeOffset: 1.9
    inttype: AE_INTERP_LINEAR
    fvalue1: 0
  }
  trackName: "Opacity"
}
tracks {
  binding: SCALE
  targetid: 3589
  targetname: "borderRight-Focus"
  keytimes {
    datatype: AE_FLOAT_VECTOR_DATA
    timeOffset: 0
    inttype: AE_INTERP_LINEAR
    fvalue1: 1
    fvalue2: 1
    fvalue3: 1
  }
  keytimes {
    datatype: AE_FLOAT_VECTOR_DATA
    timeOffset: 1
    inttype: AE_INTERP_LINEAR
    fvalue1: 1
    fvalue2: 1
    fvalue3: 1
  }
  keytimes {
    datatype: AE_FLOAT_VECTOR_DATA
    timeOffset: 1.01666
    inttype: AE_INTERP_LINEAR
    fvalue1: 1
    fvalue2: 1.0474002
    fvalue3: 1
    isCookedKeytime: true
  }
  keytimes {
    datatype: AE_FLOAT_VECTOR_DATA
    timeOffset: 1.03332
    inttype: AE_INTERP_LINEAR
    fvalue1: 1
    fvalue2: 1.2595232
    fvalue3: 1
    isCookedKeytime: true
  }
  keytimes {
    datatype: AE_FLOAT_VECTOR_DATA
    timeOffset: 1.0666399
    inttype: AE_INTERP_LINEAR
    fvalue1: 1
    fvalue2: 2.5270889
    fvalue3: 1
    isCookedKeytime: true
  }
  keytimes {
    datatype: AE_FLOAT_VECTOR_DATA
    timeOffset: 1.0832999
    inttype: AE_INTERP_LINEAR
    fvalue1: 1
    fvalue2: 2.7415879
    fvalue3: 1
    isCookedKeytime: true
  }
  keytimes {
    datatype: AE_FLOAT_VECTOR_DATA
    timeOffset: 1.1
    inttype: AE_INTERP_LINEAR
    fvalue1: 1
    fvalue2: 2.79
    fvalue3: 1
  }
  keytimes {
    datatype: AE_FLOAT_VECTOR_DATA
    timeOffset: 2.6
    inttype: AE_INTERP_LINEAR
    fvalue1: 1
    fvalue2: 2.79
    fvalue3: 1
  }
  keytimes {
    datatype: AE_FLOAT_VECTOR_DATA
    timeOffset: 2.6166599
    inttype: AE_INTERP_LINEAR
    fvalue1: 1
    fvalue2: 2.6299789
    fvalue3: 1
    isCookedKeytime: true
  }
  keytimes {
    datatype: AE_FLOAT_VECTOR_DATA
    timeOffset: 2.6333199
    inttype: AE_INTERP_LINEAR
    fvalue1: 1
    fvalue2: 1.6222862
    fvalue3: 1
    isCookedKeytime: true
  }
  keytimes {
    datatype: AE_FLOAT_VECTOR_DATA
    timeOffset: 2.6499798
    inttype: AE_INTERP_LINEAR
    fvalue1: 1
    fvalue2: 1.0484122
    fvalue3: 1
    isCookedKeytime: true
  }
  keytimes {
    datatype: AE_FLOAT_VECTOR_DATA
    timeOffset: 2.66
    inttype: AE_INTERP_LINEAR
    fvalue1: 1
    fvalue2: 1
    fvalue3: 1
  }
  trackName: "Scale"
}
tracks {
  binding: IS_VISIBLE
  targetid: 3590
  targetname: "borderLeft-Focus"
  keytimes {
    datatype: AE_INT_DATA
    timeOffset: 0
    inttype: AE_INTERP_HOLD
    ivalue1: 1
  }
}
tracks {
  binding: OPACITY
  targetid: 3590
  targetname: "borderLeft-Focus"
  keytimes {
    datatype: AE_FLOAT_DATA
    timeOffset: 0
    inttype: AE_INTERP_LINEAR
    fvalue1: 0
  }
  keytimes {
    datatype: AE_FLOAT_DATA
    timeOffset: 1.24
    inttype: AE_INTERP_LINEAR
    fvalue1: 0
  }
  keytimes {
    datatype: AE_FLOAT_DATA
    timeOffset: 1.34
    inttype: AE_INTERP_LINEAR
    fvalue1: 1
  }
  keytimes {
    datatype: AE_FLOAT_DATA
    timeOffset: 1.4
    inttype: AE_INTERP_LINEAR
    fvalue1: 1
  }
  keytimes {
    datatype: AE_FLOAT_DATA
    timeOffset: 1.5
    inttype: AE_INTERP_LINEAR
    fvalue1: 0.8
  }
  keytimes {
    datatype: AE_FLOAT_DATA
    timeOffset: 1.6
    inttype: AE_INTERP_LINEAR
    fvalue1: 0.8
  }
  keytimes {
    datatype: AE_FLOAT_DATA
    timeOffset: 1.7
    inttype: AE_INTERP_LINEAR
    fvalue1: 1
  }
  keytimes {
    datatype: AE_FLOAT_DATA
    timeOffset: 1.8
    inttype: AE_INTERP_LINEAR
    fvalue1: 1
  }
  keytimes {
    datatype: AE_FLOAT_DATA
    timeOffset: 1.9
    inttype: AE_INTERP_LINEAR
    fvalue1: 0
  }
  trackName: "Opacity"
}
tracks {
  binding: SCALE
  targetid: 3590
  targetname: "borderLeft-Focus"
  keytimes {
    datatype: AE_FLOAT_VECTOR_DATA
    timeOffset: 0
    inttype: AE_INTERP_LINEAR
    fvalue1: 1
    fvalue2: 1
    fvalue3: 1
  }
  keytimes {
    datatype: AE_FLOAT_VECTOR_DATA
    timeOffset: 1
    inttype: AE_INTERP_LINEAR
    fvalue1: 1
    fvalue2: 1
    fvalue3: 1
  }
  keytimes {
    datatype: AE_FLOAT_VECTOR_DATA
    timeOffset: 1.01666
    inttype: AE_INTERP_LINEAR
    fvalue1: 1
    fvalue2: 1.0474002
    fvalue3: 1
    isCookedKeytime: true
  }
  keytimes {
    datatype: AE_FLOAT_VECTOR_DATA
    timeOffset: 1.03332
    inttype: AE_INTERP_LINEAR
    fvalue1: 1
    fvalue2: 1.2595232
    fvalue3: 1
    isCookedKeytime: true
  }
  keytimes {
    datatype: AE_FLOAT_VECTOR_DATA
    timeOffset: 1.0666399
    inttype: AE_INTERP_LINEAR
    fvalue1: 1
    fvalue2: 2.5270889
    fvalue3: 1
    isCookedKeytime: true
  }
  keytimes {
    datatype: AE_FLOAT_VECTOR_DATA
    timeOffset: 1.0832999
    inttype: AE_INTERP_LINEAR
    fvalue1: 1
    fvalue2: 2.7415879
    fvalue3: 1
    isCookedKeytime: true
  }
  keytimes {
    datatype: AE_FLOAT_VECTOR_DATA
    timeOffset: 1.1
    inttype: AE_INTERP_LINEAR
    fvalue1: 1
    fvalue2: 2.79
    fvalue3: 1
  }
  keytimes {
    datatype: AE_FLOAT_VECTOR_DATA
    timeOffset: 2.6
    inttype: AE_INTERP_LINEAR
    fvalue1: 1
    fvalue2: 2.79
    fvalue3: 1
  }
  keytimes {
    datatype: AE_FLOAT_VECTOR_DATA
    timeOffset: 2.6166599
    inttype: AE_INTERP_LINEAR
    fvalue1: 1
    fvalue2: 2.6299789
    fvalue3: 1
    isCookedKeytime: true
  }
  keytimes {
    datatype: AE_FLOAT_VECTOR_DATA
    timeOffset: 2.6333199
    inttype: AE_INTERP_LINEAR
    fvalue1: 1
    fvalue2: 1.6222862
    fvalue3: 1
    isCookedKeytime: true
  }
  keytimes {
    datatype: AE_FLOAT_VECTOR_DATA
    timeOffset: 2.6499798
    inttype: AE_INTERP_LINEAR
    fvalue1: 1
    fvalue2: 1.0484122
    fvalue3: 1
    isCookedKeytime: true
  }
  keytimes {
    datatype: AE_FLOAT_VECTOR_DATA
    timeOffset: 2.66
    inttype: AE_INTERP_LINEAR
    fvalue1: 1
    fvalue2: 1
    fvalue3: 1
  }
  trackName: "Scale"
}
tracks {
  binding: IS_VISIBLE
  targetid: 3591
  targetname: "borderBottom-Focus"
  keytimes {
    datatype: AE_INT_DATA
    timeOffset: 0
    inttype: AE_INTERP_HOLD
    ivalue1: 1
  }
}
tracks {
  binding: POSITION
  targetid: 3591
  targetname: "borderBottom-Focus"
  keytimes {
    datatype: AE_FLOAT_VECTOR_DATA
    timeOffset: 0
    inttype: AE_INTERP_LINEAR
    fvalue1: 65
    fvalue2: 127
    fvalue3: 0
  }
  keytimes {
    datatype: AE_FLOAT_VECTOR_DATA
    timeOffset: 1
    inttype: AE_INTERP_LINEAR
    fvalue1: 65
    fvalue2: 127
    fvalue3: 0
  }
  keytimes {
    datatype: AE_FLOAT_VECTOR_DATA
    timeOffset: 1.01666
    inttype: AE_INTERP_LINEAR
    fvalue1: 65
    fvalue2: 133.14413
    fvalue3: 0
    isCookedKeytime: true
  }
  keytimes {
    datatype: AE_FLOAT_VECTOR_DATA
    timeOffset: 1.03332
    inttype: AE_INTERP_LINEAR
    fvalue1: 65
    fvalue2: 160.64384
    fvalue3: 0
    isCookedKeytime: true
  }
  keytimes {
    datatype: AE_FLOAT_VECTOR_DATA
    timeOffset: 1.0666399
    inttype: AE_INTERP_LINEAR
    fvalue1: 65
    fvalue2: 324.91815
    fvalue3: 0
    isCookedKeytime: true
  }
  keytimes {
    datatype: AE_FLOAT_VECTOR_DATA
    timeOffset: 1.0832999
    inttype: AE_INTERP_LINEAR
    fvalue1: 65
    fvalue2: 352.7251
    fvalue3: 0
    isCookedKeytime: true
  }
  keytimes {
    datatype: AE_FLOAT_VECTOR_DATA
    timeOffset: 1.1
    inttype: AE_INTERP_LINEAR
    fvalue1: 65
    fvalue2: 359
    fvalue3: 0
  }
  keytimes {
    datatype: AE_FLOAT_VECTOR_DATA
    timeOffset: 1.11666
    inttype: AE_INTERP_LINEAR
    fvalue1: 65
    fvalue2: 359.08481
    fvalue3: 0
    isCookedKeytime: true
  }
  keytimes {
    datatype: AE_FLOAT_VECTOR_DATA
    timeOffset: 1.13332
    inttype: AE_INTERP_LINEAR
    fvalue1: 65
    fvalue2: 359.33249
    fvalue3: 0
    isCookedKeytime: true
  }
  keytimes {
    datatype: AE_FLOAT_VECTOR_DATA
    timeOffset: 1.14998
    inttype: AE_INTERP_LINEAR
    fvalue1: 65
    fvalue2: 359.73166
    fvalue3: 0
    isCookedKeytime: true
  }
  keytimes {
    datatype: AE_FLOAT_VECTOR_DATA
    timeOffset: 1.1666399
    inttype: AE_INTERP_LINEAR
    fvalue1: 65
    fvalue2: 360.26962
    fvalue3: 0
    isCookedKeytime: true
  }
  keytimes {
    datatype: AE_FLOAT_VECTOR_DATA
    timeOffset: 1.1832999
    inttype: AE_INTERP_LINEAR
    fvalue1: 65
    fvalue2: 360.93286
    fvalue3: 0
    isCookedKeytime: true
  }
  keytimes {
    datatype: AE_FLOAT_VECTOR_DATA
    timeOffset: 1.1999599
    inttype: AE_INTERP_LINEAR
    fvalue1: 65
    fvalue2: 361.70767
    fvalue3: 0
    isCookedKeytime: true
  }
  keytimes {
    datatype: AE_FLOAT_VECTOR_DATA
    timeOffset: 1.2499398
    inttype: AE_INTERP_LINEAR
    fvalue1: 65
    fvalue2: 364.56934
    fvalue3: 0
    isCookedKeytime: true
  }
  keytimes {
    datatype: AE_FLOAT_VECTOR_DATA
    timeOffset: 1.2832597
    inttype: AE_INTERP_LINEAR
    fvalue1: 65
    fvalue2: 366.80518
    fvalue3: 0
    isCookedKeytime: true
  }
  keytimes {
    datatype: AE_FLOAT_VECTOR_DATA
    timeOffset: 1.3332397
    inttype: AE_INTERP_LINEAR
    fvalue1: 65
    fvalue2: 370.45132
    fvalue3: 0
    isCookedKeytime: true
  }
  keytimes {
    datatype: AE_FLOAT_VECTOR_DATA
    timeOffset: 1.4831795
    inttype: AE_INTERP_LINEAR
    fvalue1: 65
    fvalue2: 381.75598
    fvalue3: 0
    isCookedKeytime: true
  }
  keytimes {
    datatype: AE_FLOAT_VECTOR_DATA
    timeOffset: 1.4998394
    inttype: AE_INTERP_LINEAR
    fvalue1: 65
    fvalue2: 382.9624
    fvalue3: 0
    isCookedKeytime: true
  }
  keytimes {
    datatype: AE_FLOAT_VECTOR_DATA
    timeOffset: 1.6164593
    inttype: AE_INTERP_LINEAR
    fvalue1: 65
    fvalue2: 385.22025
    fvalue3: 0
    isCookedKeytime: true
  }
  keytimes {
    datatype: AE_FLOAT_VECTOR_DATA
    timeOffset: 1.6664392
    inttype: AE_INTERP_LINEAR
    fvalue1: 65
    fvalue2: 382.22504
    fvalue3: 0
    isCookedKeytime: true
  }
  keytimes {
    datatype: AE_FLOAT_VECTOR_DATA
    timeOffset: 1.6997591
    inttype: AE_INTERP_LINEAR
    fvalue1: 65
    fvalue2: 380.34793
    fvalue3: 0
    isCookedKeytime: true
  }
  keytimes {
    datatype: AE_FLOAT_VECTOR_DATA
    timeOffset: 1.816379
    inttype: AE_INTERP_LINEAR
    fvalue1: 65
    fvalue2: 374.53098
    fvalue3: 0
    isCookedKeytime: true
  }
  keytimes {
    datatype: AE_FLOAT_VECTOR_DATA
    timeOffset: 1.8496989
    inttype: AE_INTERP_LINEAR
    fvalue1: 65
    fvalue2: 373.07507
    fvalue3: 0
    isCookedKeytime: true
  }
  keytimes {
    datatype: AE_FLOAT_VECTOR_DATA
    timeOffset: 1.8830189
    inttype: AE_INTERP_LINEAR
    fvalue1: 65
    fvalue2: 371.70718
    fvalue3: 0
    isCookedKeytime: true
  }
  keytimes {
    datatype: AE_FLOAT_VECTOR_DATA
    timeOffset: 1.8996788
    inttype: AE_INTERP_LINEAR
    fvalue1: 65
    fvalue2: 371.05515
    fvalue3: 0
    isCookedKeytime: true
  }
  keytimes {
    datatype: AE_FLOAT_VECTOR_DATA
    timeOffset: 2.6
    inttype: AE_INTERP_LINEAR
    fvalue1: 65
    fvalue2: 359
    fvalue3: 0
  }
  keytimes {
    datatype: AE_FLOAT_VECTOR_DATA
    timeOffset: 2.6166599
    inttype: AE_INTERP_LINEAR
    fvalue1: 65
    fvalue2: 338.2547
    fvalue3: 0
    isCookedKeytime: true
  }
  keytimes {
    datatype: AE_FLOAT_VECTOR_DATA
    timeOffset: 2.6333199
    inttype: AE_INTERP_LINEAR
    fvalue1: 65
    fvalue2: 207.65657
    fvalue3: 0
    isCookedKeytime: true
  }
  keytimes {
    datatype: AE_FLOAT_VECTOR_DATA
    timeOffset: 2.6499798
    inttype: AE_INTERP_LINEAR
    fvalue1: 65
    fvalue2: 133.27492
    fvalue3: 0
    isCookedKeytime: true
  }
  keytimes {
    datatype: AE_FLOAT_VECTOR_DATA
    timeOffset: 2.66
    inttype: AE_INTERP_LINEAR
    fvalue1: 65
    fvalue2: 127
    fvalue3: 0
  }
  trackName: "Position"
}
tracks {
  binding: OPACITY
  targetid: 3591
  targetname: "borderBottom-Focus"
  keytimes {
    datatype: AE_FLOAT_DATA
    timeOffset: 0
    inttype: AE_INTERP_LINEAR
    fvalue1: 0
  }
  keytimes {
    datatype: AE_FLOAT_DATA
    timeOffset: 1.24
    inttype: AE_INTERP_LINEAR
    fvalue1: 0
  }
  keytimes {
    datatype: AE_FLOAT_DATA
    timeOffset: 1.34
    inttype: AE_INTERP_LINEAR
    fvalue1: 1
  }
  keytimes {
    datatype: AE_FLOAT_DATA
    timeOffset: 1.4
    inttype: AE_INTERP_LINEAR
    fvalue1: 1
  }
  keytimes {
    datatype: AE_FLOAT_DATA
    timeOffset: 1.5
    inttype: AE_INTERP_LINEAR
    fvalue1: 0.8
  }
  keytimes {
    datatype: AE_FLOAT_DATA
    timeOffset: 1.6
    inttype: AE_INTERP_LINEAR
    fvalue1: 0.8
  }
  keytimes {
    datatype: AE_FLOAT_DATA
    timeOffset: 1.7
    inttype: AE_INTERP_LINEAR
    fvalue1: 1
  }
  keytimes {
    datatype: AE_FLOAT_DATA
    timeOffset: 1.8
    inttype: AE_INTERP_LINEAR
    fvalue1: 1
  }
  keytimes {
    datatype: AE_FLOAT_DATA
    timeOffset: 1.9
    inttype: AE_INTERP_LINEAR
    fvalue1: 0
  }
  trackName: "Opacity"
}
tracks {
  binding: IS_VISIBLE
  targetid: 3592
  targetname: "borderTop-Focus"
  keytimes {
    datatype: AE_INT_DATA
    timeOffset: 0
    inttype: AE_INTERP_HOLD
    ivalue1: 1
  }
}
tracks {
  binding: OPACITY
  targetid: 3592
  targetname: "borderTop-Focus"
  keytimes {
    datatype: AE_FLOAT_DATA
    timeOffset: 0
    inttype: AE_INTERP_LINEAR
    fvalue1: 0
  }
  keytimes {
    datatype: AE_FLOAT_DATA
    timeOffset: 1.24
    inttype: AE_INTERP_LINEAR
    fvalue1: 0
  }
  keytimes {
    datatype: AE_FLOAT_DATA
    timeOffset: 1.34
    inttype: AE_INTERP_LINEAR
    fvalue1: 1
  }
  keytimes {
    datatype: AE_FLOAT_DATA
    timeOffset: 1.4
    inttype: AE_INTERP_LINEAR
    fvalue1: 1
  }
  keytimes {
    datatype: AE_FLOAT_DATA
    timeOffset: 1.5
    inttype: AE_INTERP_LINEAR
    fvalue1: 0.8
  }
  keytimes {
    datatype: AE_FLOAT_DATA
    timeOffset: 1.6
    inttype: AE_INTERP_LINEAR
    fvalue1: 0.8
  }
  keytimes {
    datatype: AE_FLOAT_DATA
    timeOffset: 1.7
    inttype: AE_INTERP_LINEAR
    fvalue1: 1
  }
  keytimes {
    datatype: AE_FLOAT_DATA
    timeOffset: 1.8
    inttype: AE_INTERP_LINEAR
    fvalue1: 1
  }
  keytimes {
    datatype: AE_FLOAT_DATA
    timeOffset: 1.9
    inttype: AE_INTERP_LINEAR
    fvalue1: 0
  }
  trackName: "Opacity"
}
tracks {
  binding: IS_VISIBLE
  targetid: 3593
  targetname: "ChannelImage"
  keytimes {
    datatype: AE_INT_DATA
    timeOffset: 0
    inttype: AE_INTERP_HOLD
    ivalue1: 1
  }
}
tracks {
  binding: POSITION
  targetid: 3593
  targetname: "ChannelImage"
  keytimes {
    datatype: AE_FLOAT_VECTOR_DATA
    timeOffset: 0
    inttype: AE_INTERP_LINEAR
    fvalue1: 65
    fvalue2: 65
    fvalue3: 0
  }
  keytimes {
    datatype: AE_FLOAT_VECTOR_DATA
    timeOffset: 1
    inttype: AE_INTERP_LINEAR
    fvalue1: 65
    fvalue2: 65
    fvalue3: 0
  }
  keytimes {
    datatype: AE_FLOAT_VECTOR_DATA
    timeOffset: 1.01666
    inttype: AE_INTERP_LINEAR
    fvalue1: 65
    fvalue2: 68.0721
    fvalue3: 0
    isCookedKeytime: true
  }
  keytimes {
    datatype: AE_FLOAT_VECTOR_DATA
    timeOffset: 1.03332
    inttype: AE_INTERP_LINEAR
    fvalue1: 65
    fvalue2: 81.821083
    fvalue3: 0
    isCookedKeytime: true
  }
  keytimes {
    datatype: AE_FLOAT_VECTOR_DATA
    timeOffset: 1.0666399
    inttype: AE_INTERP_LINEAR
    fvalue1: 65
    fvalue2: 163.95828
    fvalue3: 0
    isCookedKeytime: true
  }
  keytimes {
    datatype: AE_FLOAT_VECTOR_DATA
    timeOffset: 1.0832999
    inttype: AE_INTERP_LINEAR
    fvalue1: 65
    fvalue2: 177.86229
    fvalue3: 0
    isCookedKeytime: true
  }
  keytimes {
    datatype: AE_FLOAT_VECTOR_DATA
    timeOffset: 1.1
    inttype: AE_INTERP_LINEAR
    fvalue1: 65
    fvalue2: 181
    fvalue3: 0
  }
  keytimes {
    datatype: AE_FLOAT_VECTOR_DATA
    timeOffset: 1.11666
    inttype: AE_INTERP_LINEAR
    fvalue1: 65
    fvalue2: 181.0424
    fvalue3: 0
    isCookedKeytime: true
  }
  keytimes {
    datatype: AE_FLOAT_VECTOR_DATA
    timeOffset: 1.13332
    inttype: AE_INTERP_LINEAR
    fvalue1: 65
    fvalue2: 181.16624
    fvalue3: 0
    isCookedKeytime: true
  }
  keytimes {
    datatype: AE_FLOAT_VECTOR_DATA
    timeOffset: 1.14998
    inttype: AE_INTERP_LINEAR
    fvalue1: 65
    fvalue2: 181.36583
    fvalue3: 0
    isCookedKeytime: true
  }
  keytimes {
    datatype: AE_FLOAT_VECTOR_DATA
    timeOffset: 1.1666399
    inttype: AE_INTERP_LINEAR
    fvalue1: 65
    fvalue2: 181.63481
    fvalue3: 0
    isCookedKeytime: true
  }
  keytimes {
    datatype: AE_FLOAT_VECTOR_DATA
    timeOffset: 1.1832999
    inttype: AE_INTERP_LINEAR
    fvalue1: 65
    fvalue2: 181.96643
    fvalue3: 0
    isCookedKeytime: true
  }
  keytimes {
    datatype: AE_FLOAT_VECTOR_DATA
    timeOffset: 1.1999599
    inttype: AE_INTERP_LINEAR
    fvalue1: 65
    fvalue2: 182.35384
    fvalue3: 0
    isCookedKeytime: true
  }
  keytimes {
    datatype: AE_FLOAT_VECTOR_DATA
    timeOffset: 1.2499398
    inttype: AE_INTERP_LINEAR
    fvalue1: 65
    fvalue2: 183.78467
    fvalue3: 0
    isCookedKeytime: true
  }
  keytimes {
    datatype: AE_FLOAT_VECTOR_DATA
    timeOffset: 1.2832597
    inttype: AE_INTERP_LINEAR
    fvalue1: 65
    fvalue2: 184.90259
    fvalue3: 0
    isCookedKeytime: true
  }
  keytimes {
    datatype: AE_FLOAT_VECTOR_DATA
    timeOffset: 1.3332397
    inttype: AE_INTERP_LINEAR
    fvalue1: 65
    fvalue2: 186.72566
    fvalue3: 0
    isCookedKeytime: true
  }
  keytimes {
    datatype: AE_FLOAT_VECTOR_DATA
    timeOffset: 1.4831795
    inttype: AE_INTERP_LINEAR
    fvalue1: 65
    fvalue2: 192.37799
    fvalue3: 0
    isCookedKeytime: true
  }
  keytimes {
    datatype: AE_FLOAT_VECTOR_DATA
    timeOffset: 1.4998394
    inttype: AE_INTERP_LINEAR
    fvalue1: 65
    fvalue2: 192.9812
    fvalue3: 0
    isCookedKeytime: true
  }
  keytimes {
    datatype: AE_FLOAT_VECTOR_DATA
    timeOffset: 1.6164593
    inttype: AE_INTERP_LINEAR
    fvalue1: 65
    fvalue2: 194.10875
    fvalue3: 0
    isCookedKeytime: true
  }
  keytimes {
    datatype: AE_FLOAT_VECTOR_DATA
    timeOffset: 1.6664392
    inttype: AE_INTERP_LINEAR
    fvalue1: 65
    fvalue2: 192.60442
    fvalue3: 0
    isCookedKeytime: true
  }
  keytimes {
    datatype: AE_FLOAT_VECTOR_DATA
    timeOffset: 1.6997591
    inttype: AE_INTERP_LINEAR
    fvalue1: 65
    fvalue2: 191.66902
    fvalue3: 0
    isCookedKeytime: true
  }
  keytimes {
    datatype: AE_FLOAT_VECTOR_DATA
    timeOffset: 1.816379
    inttype: AE_INTERP_LINEAR
    fvalue1: 65
    fvalue2: 188.7614
    fvalue3: 0
    isCookedKeytime: true
  }
  keytimes {
    datatype: AE_FLOAT_VECTOR_DATA
    timeOffset: 1.8496989
    inttype: AE_INTERP_LINEAR
    fvalue1: 65
    fvalue2: 188.02986
    fvalue3: 0
    isCookedKeytime: true
  }
  keytimes {
    datatype: AE_FLOAT_VECTOR_DATA
    timeOffset: 1.8830189
    inttype: AE_INTERP_LINEAR
    fvalue1: 65
    fvalue2: 187.34303
    fvalue3: 0
    isCookedKeytime: true
  }
  keytimes {
    datatype: AE_FLOAT_VECTOR_DATA
    timeOffset: 1.8996788
    inttype: AE_INTERP_LINEAR
    fvalue1: 65
    fvalue2: 187.0161
    fvalue3: 0
    isCookedKeytime: true
  }
  keytimes {
    datatype: AE_FLOAT_VECTOR_DATA
    timeOffset: 2.6
    inttype: AE_INTERP_LINEAR
    fvalue1: 65
    fvalue2: 181
    fvalue3: 0
  }
  keytimes {
    datatype: AE_FLOAT_VECTOR_DATA
    timeOffset: 2.6166599
    inttype: AE_INTERP_LINEAR
    fvalue1: 65
    fvalue2: 170.62735
    fvalue3: 0
    isCookedKeytime: true
  }
  keytimes {
    datatype: AE_FLOAT_VECTOR_DATA
    timeOffset: 2.6333199
    inttype: AE_INTERP_LINEAR
    fvalue1: 65
    fvalue2: 105.32829
    fvalue3: 0
    isCookedKeytime: true
  }
  keytimes {
    datatype: AE_FLOAT_VECTOR_DATA
    timeOffset: 2.6499798
    inttype: AE_INTERP_LINEAR
    fvalue1: 65
    fvalue2: 68.137756
    fvalue3: 0
    isCookedKeytime: true
  }
  keytimes {
    datatype: AE_FLOAT_VECTOR_DATA
    timeOffset: 2.66
    inttype: AE_INTERP_LINEAR
    fvalue1: 65
    fvalue2: 65
    fvalue3: 0
  }
  trackName: "Position"
}
markers {
  starttime: 1
  duration: 0.2
  name: "Row-Expand"
  tracksSelection {
    targetid: 3587
    binding: SCALE
  }
  tracksSelection {
    targetid: 3588
    binding: SCALE
  }
  tracksSelection {
    targetid: 3589
    binding: SCALE
  }
  tracksSelection {
    targetid: 3590
    binding: SCALE
  }
  tracksSelection {
    targetid: 3591
    binding: POSITION
  }
  tracksSelection {
    targetid: 3593
    binding: POSITION
  }
  alltracks: false
  looping: false
}
markers {
  starttime: 1.24
  duration: 0.1
  name: "FocusIn"
  tracksSelection {
    targetid: 3588
    binding: OPACITY
  }
  tracksSelection {
    targetid: 3589
    binding: OPACITY
  }
  tracksSelection {
    targetid: 3590
    binding: OPACITY
  }
  tracksSelection {
    targetid: 3591
    binding: OPACITY
  }
  tracksSelection {
    targetid: 3592
    binding: OPACITY
  }
  alltracks: false
  id: 21
  looping: false
  properties {
    key: "recursive"
    value: "true"
  }
}
markers {
  starttime: 1.4
  duration: 0.1
  name: "Press"
  tracksSelection {
    targetid: 3588
    binding: OPACITY
  }
  tracksSelection {
    targetid: 3589
    binding: OPACITY
  }
  tracksSelection {
    targetid: 3590
    binding: OPACITY
  }
  tracksSelection {
    targetid: 3591
    binding: OPACITY
  }
  tracksSelection {
    targetid: 3592
    binding: OPACITY
  }
  alltracks: false
  id: 18
  looping: false
  properties {
    key: "recursive"
    value: "true"
  }
}
markers {
  starttime: 1.6
  duration: 0.1
  name: "Release"
  tracksSelection {
    targetid: 3588
    binding: OPACITY
  }
  tracksSelection {
    targetid: 3589
    binding: OPACITY
  }
  tracksSelection {
    targetid: 3590
    binding: OPACITY
  }
  tracksSelection {
    targetid: 3591
    binding: OPACITY
  }
  tracksSelection {
    targetid: 3592
    binding: OPACITY
  }
  alltracks: false
  id: 19
  looping: false
  properties {
    key: "recursive"
    value: "true"
  }
}
markers {
  starttime: 1.8
  duration: 0.1
  name: "FocusOut"
  tracksSelection {
    targetid: 3588
    binding: OPACITY
  }
  tracksSelection {
    targetid: 3589
    binding: OPACITY
  }
  tracksSelection {
    targetid: 3590
    binding: OPACITY
  }
  tracksSelection {
    targetid: 3591
    binding: OPACITY
  }
  tracksSelection {
    targetid: 3592
    binding: OPACITY
  }
  alltracks: false
  id: 22
  looping: false
  properties {
    key: "recursive"
    value: "true"
  }
}
markers {
  starttime: 2.6
  duration: 0.06
  name: "Row-Collapse"
  tracksSelection {
    targetid: 3587
    binding: SCALE
  }
  tracksSelection {
    targetid: 3588
    binding: SCALE
  }
  tracksSelection {
    targetid: 3589
    binding: SCALE
  }
  tracksSelection {
    targetid: 3590
    binding: SCALE
  }
  tracksSelection {
    targetid: 3591
    binding: POSITION
  }
  tracksSelection {
    targetid: 3593
    binding: POSITION
  }
  alltracks: false
  looping: false
}
