activecomp {
  name: "EPG_Favourirte-Icon-Container"
  width: 80
  height: 130
  defaultcameradistance: 111.11111
  layer {
    name: "Text"
    id: 2039
    sourceid: -1
    transform {
      anchorPoint {
        x: 36.304596
        y: 6.4599996
        z: 0
      }
      scale {
        x: 1
        y: 1
        z: 1
      }
      position {
        x: 40
        y: 80.219994
        z: 0
      }
      orientation {
        x: 0
        y: 0
        z: 0
      }
      rotationX: 0
      rotationY: 0
      rotationZ: 0
      opacity: 1
    }
    acceptsshadows: true
    acceptslights: true
    castsshadows: false
    textinfo {
      justification: AE_TEXT_CENTER
      fontSize: 24
      fontColor {
        alpha: 1
        red: 0.92156994342803955
        green: 0.92156994342803955
        blue: 0.92156994342803955
      }
      fontName: "ATTAleckSans-Regular"
      isPointText: false
      boundsWidth: 72
      boundsHeight: 27
      isLabel: true
      text: ""
      multiline: true
      ellipsis: true
      isAllCaps: false
    }
    properties {
      key: "text-placeholder"
      value: "true"
    }
    properties {
      key: "text-overflow"
      value: "ellipsis"
    }
    properties {
      key: "item-gravity"
      value: "center"
    }
    properties {
      key: "margin-top"
      value: "40"
    }
  }
  layer {
    name: "Heart-Outline.png"
    id: 2040
    sourceid: 1872
    transform {
      anchorPoint {
        x: 33
        y: 32
        z: 0
      }
      scale {
        x: 0.41510418
        y: 0.41510418
        z: 1
      }
      position {
        x: 40
        y: 50
        z: 0
      }
      orientation {
        x: 0
        y: 0
        z: 0
      }
      rotationX: 0
      rotationY: 0
      rotationZ: 0
      opacity: 1
    }
    acceptsshadows: true
    acceptslights: true
    castsshadows: false
    properties {
      key: "item-gravity"
      value: "center"
    }
    properties {
      key: "size-mode"
      value: "fill"
    }
  }
  layer {
    name: "Heart.png"
    id: 2041
    sourceid: 1873
    transform {
      anchorPoint {
        x: 33
        y: 32
        z: 0
      }
      scale {
        x: 0.41510418
        y: 0.41510418
        z: 1
      }
      position {
        x: 40
        y: 50
        z: 0
      }
      orientation {
        x: 0
        y: 0
        z: 0
      }
      rotationX: 0
      rotationY: 0
      rotationZ: 0
      opacity: 0
    }
    acceptsshadows: true
    acceptslights: true
    castsshadows: false
    properties {
      key: "item-gravity"
      value: "center"
    }
    properties {
      key: "size-mode"
      value: "fill"
    }
  }
  layer {
    name: "SCALE"
    id: 2042
    sourceid: 2650
    transform {
      anchorPoint {
        x: 0
        y: 0
        z: 0
      }
      scale {
        x: 1
        y: 1
        z: 1
      }
      position {
        x: 40
        y: 65
        z: 0
      }
      orientation {
        x: 0
        y: 0
        z: 0
      }
      rotationX: 0
      rotationY: 0
      rotationZ: 0
      opacity: 1
    }
    acceptsshadows: true
    acceptslights: true
    castsshadows: false
  }
  bgcolor {
    alpha: 1
    red: 0
    green: 0
    blue: 0
  }
}
sources {
  uid: 1
  srctype: AE_FONT_SRC
  name: "ATTAleckSans-Regular"
  copy_source: true
  file_name: "yi_ATT Aleck Sans-Regular.ttf"
  style_name: "Regular"
}
sources {
  uid: 1872
  srctype: AE_IMAGE_SRC
  name: "Heart-Outline.png"
  width: 66
  height: 64
  numberOfFrames: 1
  fps: 0
  loops: 1
  copy_source: true
}
sources {
  uid: 1873
  srctype: AE_IMAGE_SRC
  name: "Heart.png"
  width: 66
  height: 64
  numberOfFrames: 1
  fps: 0
  loops: 1
  copy_source: true
}
sources {
  uid: 2650
  srctype: AE_NULL_SRC
  width: 100
  height: 100
  copy_source: false
}
