activecomp {
  name: "EPG_OnNow-Details-Slot"
  width: 1490
  height: 362
  defaultcameradistance: 2069.4443
  layer {
    name: "Scaler"
    id: 3359
    sourceid: 3465
    transform {
      anchorPoint {
        x: 3
        y: 0
        z: 0
      }
      scale {
        x: 1
        y: 0.36
        z: 1
      }
      position {
        x: 745
        y: 0
        z: 0
      }
      orientation {
        x: 0
        y: 0
        z: 0
      }
      rotationX: 0
      rotationY: 0
      rotationZ: 0
      opacity: 0
    }
    acceptsshadows: true
    acceptslights: true
    castsshadows: false
  }
  layer {
    name: "BG"
    id: 3360
    sourceid: 3395
    transform {
      anchorPoint {
        x: 745
        y: 181
        z: 0
      }
      scale {
        x: 1
        y: 1
        z: 1
      }
      position {
        x: 745
        y: 181
        z: 0
      }
      orientation {
        x: 0
        y: 0
        z: 0
      }
      rotationX: 0
      rotationY: 0
      rotationZ: 0
      opacity: 0
    }
    acceptsshadows: true
    acceptslights: true
    castsshadows: false
    properties {
      key: "width"
      value: "fill-parent"
    }
    properties {
      key: "item-gravity"
      value: "center"
    }
    properties {
      key: "layoutable"
      value: "false"
    }
  }
  layer {
    name: "OnNow-Details-Text-Container"
    id: 3361
    sourceid: 3416
    transform {
      anchorPoint {
        x: 0
        y: 181
        z: 0
      }
      scale {
        x: 1
        y: 1
        z: 1
      }
      position {
        x: 644
        y: 181.16
        z: 0
      }
      orientation {
        x: 0
        y: 0
        z: 0
      }
      rotationX: 0
      rotationY: 0
      rotationZ: 0
      opacity: 0
    }
    acceptsshadows: true
    acceptslights: true
    castsshadows: false
    properties {
      key: "layoutable"
      value: "false"
    }
  }
  layer {
    name: "OnNow-Details-Image"
    id: 3362
    sourceid: 3401
    transform {
      anchorPoint {
        x: 0
        y: 181
        z: 0
      }
      scale {
        x: 1
        y: 1
        z: 1
      }
      position {
        x: 0
        y: 181
        z: 0
      }
      orientation {
        x: 0
        y: 0
        z: 0
      }
      rotationX: 0
      rotationY: 0
      rotationZ: 0
      opacity: 0
    }
    acceptsshadows: true
    acceptslights: true
    castsshadows: false
    properties {
      key: "layoutable"
      value: "false"
    }
  }
  layer {
    name: "Preview-Contents"
    id: 3363
    sourceid: 2986
    transform {
      anchorPoint {
        x: 0
        y: 65.5
        z: 0
      }
      scale {
        x: 1.3683487
        y: 1
        z: 1
      }
      position {
        x: -1.5
        y: 73
        z: 0
      }
      orientation {
        x: 0
        y: 0
        z: 0
      }
      rotationX: 0
      rotationY: 0
      rotationZ: 0
      opacity: 1
    }
    acceptsshadows: true
    acceptslights: true
    castsshadows: false
    properties {
      key: "item-gravity"
      value: "right"
    }
    properties {
      key: "layoutable"
      value: "false"
    }
  }
  layer {
    name: "borderTop-Focus"
    id: 3364
    sourceid: 3390
    transform {
      anchorPoint {
        x: 739
        y: 3
        z: 0
      }
      scale {
        x: 1
        y: 1
        z: 1
      }
      position {
        x: 745
        y: 3
        z: 0
      }
      orientation {
        x: 0
        y: 0
        z: 0
      }
      rotationX: 0
      rotationY: 0
      rotationZ: 0
      opacity: 0
    }
    acceptsshadows: true
    acceptslights: true
    castsshadows: false
    properties {
      key: "item-gravity"
      value: "top"
    }
    properties {
      key: "width"
      value: "fill-parent"
    }
    properties {
      key: "margin-left"
      value: "6"
    }
    properties {
      key: "margin-right"
      value: "6"
    }
    properties {
      key: "layoutable"
      value: "false"
    }
  }
  layer {
    name: "borderBottom-Focus"
    id: 3365
    sourceid: 3392
    transform {
      anchorPoint {
        x: 739
        y: 3
        z: 0
      }
      scale {
        x: 1
        y: 1
        z: 1
      }
      position {
        x: 745
        y: 359
        z: 0
      }
      orientation {
        x: 0
        y: 0
        z: 0
      }
      rotationX: 0
      rotationY: 0
      rotationZ: 0
      opacity: 0
    }
    acceptsshadows: true
    acceptslights: true
    castsshadows: false
    properties {
      key: "item-gravity"
      value: "bottom"
    }
    properties {
      key: "width"
      value: "fill-parent"
    }
    properties {
      key: "margin-right"
      value: "6"
    }
    properties {
      key: "margin-left"
      value: "6"
    }
    properties {
      key: "layoutable"
      value: "false"
    }
  }
  layer {
    name: "borderLeft-Focus"
    id: 3366
    sourceid: 3397
    transform {
      anchorPoint {
        x: 3
        y: 181
        z: 0
      }
      scale {
        x: 1
        y: 1
        z: 1
      }
      position {
        x: 3
        y: 181
        z: 0
      }
      orientation {
        x: 0
        y: 0
        z: 0
      }
      rotationX: 0
      rotationY: 0
      rotationZ: 0
      opacity: 0
    }
    acceptsshadows: true
    acceptslights: true
    castsshadows: false
    properties {
      key: "item-gravity"
      value: "left"
    }
    properties {
      key: "height"
      value: "fill-parent"
    }
    properties {
      key: "layoutable"
      value: "false"
    }
  }
  layer {
    name: "borderRight-Focus"
    id: 3367
    sourceid: 3399
    transform {
      anchorPoint {
        x: 3
        y: 181
        z: 0
      }
      scale {
        x: 1
        y: 1
        z: 1
      }
      position {
        x: 1487
        y: 181
        z: 0
      }
      orientation {
        x: 0
        y: 0
        z: 0
      }
      rotationX: 0
      rotationY: 0
      rotationZ: 0
      opacity: 0
    }
    acceptsshadows: true
    acceptslights: true
    castsshadows: false
    properties {
      key: "item-gravity"
      value: "right"
    }
    properties {
      key: "height"
      value: "fill-parent"
    }
    properties {
      key: "layoutable"
      value: "false"
    }
  }
  classname: "CYIPushButtonView"
  bgcolor {
    alpha: 1
    red: 0.17254901960784313
    green: 0.17254901960784313
    blue: 0.17254901960784313
  }
  properties {
    key: "spacing"
    value: "0"
  }
  properties {
    key: "clip"
    value: "false"
  }
  properties {
    key: "layout"
    value: "CYIStackLayout"
  }
  properties {
    key: "componentSubtype"
    value: "push"
  }
  properties {
    key: "componentType"
    value: "button"
  }
  properties {
    key: "time-interpolator"
    value: "CYIInterpolateLinear"
  }
  properties {
    key: "height"
    value: "fit-content"
  }
  childtemplates: "EPG_OnNow-Details-Text-Container"
  childtemplates: "EPG_OnNow-Details-Image"
  childtemplates: "EPG_Preview-Contents"
}
sources {
  uid: 3465
  srctype: AE_SOLID_SRC
  color {
    alpha: 1
    red: 0
    green: 0.62352901697158813
    blue: 0.85882401466369629
  }
  width: 6
  height: 362
  copy_source: false
}
sources {
  uid: 3395
  srctype: AE_SOLID_SRC
  color {
    alpha: 1
    red: 0.074509806931018829
    green: 0.15294118225574493
    blue: 0.20000000298023224
  }
  width: 1490
  height: 362
  copy_source: false
}
sources {
  uid: 3416
  srctype: AE_COMP_SRC
  name: "EPG_OnNow-Details-Text-Container.layout"
  width: 846
  height: 362
  copy_source: true
}
sources {
  uid: 3401
  srctype: AE_COMP_SRC
  name: "EPG_OnNow-Details-Image.layout"
  width: 644
  height: 362
  copy_source: true
}
sources {
  uid: 2986
  srctype: AE_COMP_SRC
  name: "EPG_Preview-Contents.layout"
  width: 1090
  height: 131
  copy_source: true
}
sources {
  uid: 3390
  srctype: AE_SOLID_SRC
  color {
    alpha: 1
    red: 0
    green: 0.62352943420410156
    blue: 0.85882353782653809
  }
  width: 1478
  height: 6
  copy_source: false
}
sources {
  uid: 3392
  srctype: AE_SOLID_SRC
  color {
    alpha: 1
    red: 0
    green: 0.62352943420410156
    blue: 0.85882353782653809
  }
  width: 1478
  height: 6
  copy_source: false
}
sources {
  uid: 3397
  srctype: AE_SOLID_SRC
  color {
    alpha: 1
    red: 0
    green: 0.62352943420410156
    blue: 0.85882353782653809
  }
  width: 6
  height: 362
  copy_source: false
}
sources {
  uid: 3399
  srctype: AE_SOLID_SRC
  color {
    alpha: 1
    red: 0
    green: 0.62352943420410156
    blue: 0.85882353782653809
  }
  width: 6
  height: 362
  copy_source: false
}
