tracks {
  binding: IS_VISIBLE
  targetid: 3659
  targetname: "chevronRight.png"
  keytimes {
    datatype: AE_INT_DATA
    timeOffset: 0
    inttype: AE_INTERP_HOLD
    ivalue1: 1
  }
}
tracks {
  binding: OPACITY
  targetid: 3659
  targetname: "chevronRight.png"
  keytimes {
    datatype: AE_FLOAT_DATA
    timeOffset: 0
    inttype: AE_INTERP_LINEAR
    fvalue1: 0.6
  }
  keytimes {
    datatype: AE_FLOAT_DATA
    timeOffset: 1
    inttype: AE_INTERP_LINEAR
    fvalue1: 0.6
  }
  keytimes {
    datatype: AE_FLOAT_DATA
    timeOffset: 1.01666
    inttype: AE_INTERP_LINEAR
    fvalue1: 0.61059225
    isCookedKeytime: true
  }
  keytimes {
    datatype: AE_FLOAT_DATA
    timeOffset: 1.03332
    inttype: AE_INTERP_LINEAR
    fvalue1: 0.65799403
    isCookedKeytime: true
  }
  keytimes {
    datatype: AE_FLOAT_DATA
    timeOffset: 1.0666399
    inttype: AE_INTERP_LINEAR
    fvalue1: 0.94124895
    isCookedKeytime: true
  }
  keytimes {
    datatype: AE_FLOAT_DATA
    timeOffset: 1.0832999
    inttype: AE_INTERP_LINEAR
    fvalue1: 0.98918158
    isCookedKeytime: true
  }
  keytimes {
    datatype: AE_FLOAT_DATA
    timeOffset: 1.1
    inttype: AE_INTERP_LINEAR
    fvalue1: 1
  }
  keytimes {
    datatype: AE_FLOAT_DATA
    timeOffset: 2
    inttype: AE_INTERP_LINEAR
    fvalue1: 1
  }
  keytimes {
    datatype: AE_FLOAT_DATA
    timeOffset: 2.01666
    inttype: AE_INTERP_LINEAR
    fvalue1: 0.98940772
    isCookedKeytime: true
  }
  keytimes {
    datatype: AE_FLOAT_DATA
    timeOffset: 2.03332
    inttype: AE_INTERP_LINEAR
    fvalue1: 0.942006
    isCookedKeytime: true
  }
  keytimes {
    datatype: AE_FLOAT_DATA
    timeOffset: 2.06664
    inttype: AE_INTERP_LINEAR
    fvalue1: 0.65875107
    isCookedKeytime: true
  }
  keytimes {
    datatype: AE_FLOAT_DATA
    timeOffset: 2.0832999
    inttype: AE_INTERP_LINEAR
    fvalue1: 0.61081839
    isCookedKeytime: true
  }
  keytimes {
    datatype: AE_FLOAT_DATA
    timeOffset: 2.1
    inttype: AE_INTERP_LINEAR
    fvalue1: 0.6
  }
  trackName: "Opacity"
}
tracks {
  binding: SCALE
  targetid: 3659
  targetname: "chevronRight.png"
  keytimes {
    datatype: AE_FLOAT_VECTOR_DATA
    timeOffset: 0
    inttype: AE_INTERP_LINEAR
    fvalue1: 1
    fvalue2: 1
    fvalue3: 1
  }
  keytimes {
    datatype: AE_FLOAT_VECTOR_DATA
    timeOffset: 1.3
    inttype: AE_INTERP_LINEAR
    fvalue1: 1
    fvalue2: 1
    fvalue3: 1
  }
  keytimes {
    datatype: AE_FLOAT_VECTOR_DATA
    timeOffset: 1.3166599
    inttype: AE_INTERP_LINEAR
    fvalue1: 0.99941254
    fvalue2: 0.99941254
    fvalue3: 1
    isCookedKeytime: true
  }
  keytimes {
    datatype: AE_FLOAT_VECTOR_DATA
    timeOffset: 1.3333199
    inttype: AE_INTERP_LINEAR
    fvalue1: 0.99735188
    fvalue2: 0.99735188
    fvalue3: 1
    isCookedKeytime: true
  }
  keytimes {
    datatype: AE_FLOAT_VECTOR_DATA
    timeOffset: 1.3499799
    inttype: AE_INTERP_LINEAR
    fvalue1: 0.99313617
    fvalue2: 0.99313617
    fvalue3: 1
    isCookedKeytime: true
  }
  keytimes {
    datatype: AE_FLOAT_VECTOR_DATA
    timeOffset: 1.3666399
    inttype: AE_INTERP_LINEAR
    fvalue1: 0.98550147
    fvalue2: 0.98550147
    fvalue3: 1
    isCookedKeytime: true
  }
  keytimes {
    datatype: AE_FLOAT_VECTOR_DATA
    timeOffset: 1.3832998
    inttype: AE_INTERP_LINEAR
    fvalue1: 0.9720093
    fvalue2: 0.9720093
    fvalue3: 1
    isCookedKeytime: true
  }
  keytimes {
    datatype: AE_FLOAT_VECTOR_DATA
    timeOffset: 1.4166198
    inttype: AE_INTERP_LINEAR
    fvalue1: 0.92832261
    fvalue2: 0.92832261
    fvalue3: 1
    isCookedKeytime: true
  }
  keytimes {
    datatype: AE_FLOAT_VECTOR_DATA
    timeOffset: 1.4332798
    inttype: AE_INTERP_LINEAR
    fvalue1: 0.91468775
    fvalue2: 0.91468775
    fvalue3: 1
    isCookedKeytime: true
  }
  keytimes {
    datatype: AE_FLOAT_VECTOR_DATA
    timeOffset: 1.4499397
    inttype: AE_INTERP_LINEAR
    fvalue1: 0.90697038
    fvalue2: 0.90697038
    fvalue3: 1
    isCookedKeytime: true
  }
  keytimes {
    datatype: AE_FLOAT_VECTOR_DATA
    timeOffset: 1.4665997
    inttype: AE_INTERP_LINEAR
    fvalue1: 0.9027046
    fvalue2: 0.9027046
    fvalue3: 1
    isCookedKeytime: true
  }
  keytimes {
    datatype: AE_FLOAT_VECTOR_DATA
    timeOffset: 1.4832597
    inttype: AE_INTERP_LINEAR
    fvalue1: 0.900611
    fvalue2: 0.900611
    fvalue3: 1
    isCookedKeytime: true
  }
  keytimes {
    datatype: AE_FLOAT_VECTOR_DATA
    timeOffset: 1.5
    inttype: AE_INTERP_LINEAR
    fvalue1: 0.9
    fvalue2: 0.9
    fvalue3: 1
  }
  keytimes {
    datatype: AE_FLOAT_VECTOR_DATA
    timeOffset: 1.6
    inttype: AE_INTERP_LINEAR
    fvalue1: 0.9
    fvalue2: 0.9
    fvalue3: 1
  }
  keytimes {
    datatype: AE_FLOAT_VECTOR_DATA
    timeOffset: 1.61666
    inttype: AE_INTERP_LINEAR
    fvalue1: 0.90058744
    fvalue2: 0.90058744
    fvalue3: 1
    isCookedKeytime: true
  }
  keytimes {
    datatype: AE_FLOAT_VECTOR_DATA
    timeOffset: 1.63332
    inttype: AE_INTERP_LINEAR
    fvalue1: 0.90264809
    fvalue2: 0.90264809
    fvalue3: 1
    isCookedKeytime: true
  }
  keytimes {
    datatype: AE_FLOAT_VECTOR_DATA
    timeOffset: 1.64998
    inttype: AE_INTERP_LINEAR
    fvalue1: 0.90686387
    fvalue2: 0.90686387
    fvalue3: 1
    isCookedKeytime: true
  }
  keytimes {
    datatype: AE_FLOAT_VECTOR_DATA
    timeOffset: 1.6666399
    inttype: AE_INTERP_LINEAR
    fvalue1: 0.91449851
    fvalue2: 0.91449851
    fvalue3: 1
    isCookedKeytime: true
  }
  keytimes {
    datatype: AE_FLOAT_VECTOR_DATA
    timeOffset: 1.6832999
    inttype: AE_INTERP_LINEAR
    fvalue1: 0.92799073
    fvalue2: 0.92799073
    fvalue3: 1
    isCookedKeytime: true
  }
  keytimes {
    datatype: AE_FLOAT_VECTOR_DATA
    timeOffset: 1.7166198
    inttype: AE_INTERP_LINEAR
    fvalue1: 0.97167742
    fvalue2: 0.97167742
    fvalue3: 1
    isCookedKeytime: true
  }
  keytimes {
    datatype: AE_FLOAT_VECTOR_DATA
    timeOffset: 1.7332798
    inttype: AE_INTERP_LINEAR
    fvalue1: 0.98531228
    fvalue2: 0.98531228
    fvalue3: 1
    isCookedKeytime: true
  }
  keytimes {
    datatype: AE_FLOAT_VECTOR_DATA
    timeOffset: 1.7499398
    inttype: AE_INTERP_LINEAR
    fvalue1: 0.99302965
    fvalue2: 0.99302965
    fvalue3: 1
    isCookedKeytime: true
  }
  keytimes {
    datatype: AE_FLOAT_VECTOR_DATA
    timeOffset: 1.7665998
    inttype: AE_INTERP_LINEAR
    fvalue1: 0.99729538
    fvalue2: 0.99729538
    fvalue3: 1
    isCookedKeytime: true
  }
  keytimes {
    datatype: AE_FLOAT_VECTOR_DATA
    timeOffset: 1.7832597
    inttype: AE_INTERP_LINEAR
    fvalue1: 0.99938905
    fvalue2: 0.99938905
    fvalue3: 1
    isCookedKeytime: true
  }
  keytimes {
    datatype: AE_FLOAT_VECTOR_DATA
    timeOffset: 1.8
    inttype: AE_INTERP_LINEAR
    fvalue1: 1
    fvalue2: 1
    fvalue3: 1
  }
  trackName: "Scale"
}
markers {
  starttime: 1
  duration: 0.1
  name: "FocusIn"
  tracksSelection {
    targetid: 3659
    binding: OPACITY
  }
  alltracks: false
  id: 21
  looping: false
}
markers {
  starttime: 1.3
  duration: 0.2
  name: "Press"
  tracksSelection {
    targetid: 3659
    binding: SCALE
  }
  alltracks: false
  id: 18
  looping: false
}
markers {
  starttime: 1.6
  duration: 0.2
  name: "Release"
  tracksSelection {
    targetid: 3659
    binding: SCALE
  }
  alltracks: false
  id: 19
  looping: false
}
markers {
  starttime: 2
  duration: 0.1
  name: "FocusOut"
  tracksSelection {
    targetid: 3659
    binding: OPACITY
  }
  alltracks: false
  id: 22
  looping: false
}
