tracks {
  binding: IS_VISIBLE
  targetid: 2393
  targetname: "ListofLists-root"
  keytimes {
    datatype: AE_INT_DATA
    timeOffset: 0
    inttype: AE_INTERP_HOLD
    ivalue1: 1
  }
}
tracks {
  binding: IS_VISIBLE
  targetid: 2394
  targetname: "Time-List-root"
  keytimes {
    datatype: AE_INT_DATA
    timeOffset: 0
    inttype: AE_INTERP_HOLD
    ivalue1: 1
  }
}
tracks {
  binding: IS_VISIBLE
  targetid: 2395
  targetname: "Time-Marker"
  keytimes {
    datatype: AE_INT_DATA
    timeOffset: 0
    inttype: AE_INTERP_HOLD
    ivalue1: 1
  }
}
tracks {
  binding: POSITION
  targetid: 2395
  targetname: "Time-Marker"
  keytimes {
    datatype: AE_FLOAT_VECTOR_DATA
    timeOffset: 0
    inttype: AE_INTERP_LINEAR
    fvalue1: 0
    fvalue2: 4
    fvalue3: 0
  }
  keytimes {
    datatype: AE_FLOAT_VECTOR_DATA
    timeOffset: 0.2
    inttype: AE_INTERP_LINEAR
    sInTangentX: 0
    sInTangentY: 0
    sInTangentZ: 0
    sOutTangentX: 0
    sOutTangentY: 0
    sOutTangentZ: 0
    fvalue1: 0
    fvalue2: 4
    fvalue3: 0
  }
  keytimes {
    datatype: AE_FLOAT_VECTOR_DATA
    timeOffset: 0.86
    inttype: AE_INTERP_LINEAR
    sInTangentX: 0
    sInTangentY: 0
    sInTangentZ: 0
    sOutTangentX: 0
    sOutTangentY: 0
    sOutTangentZ: 0
    fvalue1: 0
    fvalue2: 4
    fvalue3: 0
  }
  keytimes {
    datatype: AE_FLOAT_VECTOR_DATA
    timeOffset: 1.8666797
    inttype: AE_INTERP_LINEAR
    sInTangentX: 0
    sInTangentY: 0
    sInTangentZ: 0
    sOutTangentX: 0
    sOutTangentY: 0
    sOutTangentZ: 0
    fvalue1: 1918.5
    fvalue2: 4
    fvalue3: 0
  }
  trackName: "Position"
}
tracks {
  binding: IS_VISIBLE
  targetid: 2396
  targetname: "CurrentTime.png"
  keytimes {
    datatype: AE_INT_DATA
    timeOffset: 0
    inttype: AE_INTERP_HOLD
    ivalue1: 1
  }
}
tracks {
  binding: IS_VISIBLE
  targetid: 2397
  targetname: "DateLabel-Container"
  keytimes {
    datatype: AE_INT_DATA
    timeOffset: 0
    inttype: AE_INTERP_HOLD
    ivalue1: 1
  }
}
