activecomp {
  name: "EPG_Time-Marker"
  width: 4
  height: 1080
  defaultcameradistance: 5.5555553
  layer {
    name: "Line-Bottom"
    id: 2770
    sourceid: 2645
    transform {
      anchorPoint {
        x: 0
        y: 0
        z: 0
      }
      scale {
        x: 1
        y: 1
        z: 1
      }
      position {
        x: 1
        y: 50
        z: 0
      }
      orientation {
        x: 0
        y: 0
        z: 0
      }
      rotationX: 0
      rotationY: 0
      rotationZ: 0
      opacity: 0.5
    }
    acceptsshadows: true
    acceptslights: true
    castsshadows: false
  }
  layer {
    name: "Line-Top"
    id: 2771
    sourceid: 2662
    transform {
      anchorPoint {
        x: 0
        y: 0
        z: 0
      }
      scale {
        x: 1
        y: 1
        z: 1
      }
      position {
        x: 1
        y: 0
        z: 0
      }
      orientation {
        x: 0
        y: 0
        z: 0
      }
      rotationX: 0
      rotationY: 0
      rotationZ: 0
      opacity: 0.5
    }
    acceptsshadows: true
    acceptslights: true
    castsshadows: false
  }
  classname: "EPGTimeMarkerView"
  bgcolor {
    alpha: 1
    red: 0.17254901960784313
    green: 0.17254901960784313
    blue: 0.17254901960784313
  }
  properties {
    key: "clip"
    value: "false"
  }
  properties {
    key: "usesCustomClass"
    value: "true"
  }
}
sources {
  uid: 2645
  srctype: AE_SOLID_SRC
  color {
    alpha: 1
    red: 0
    green: 0.69803923368453979
    blue: 0.929411768913269
  }
  width: 2
  height: 1080
  copy_source: false
}
sources {
  uid: 2662
  srctype: AE_SOLID_SRC
  color {
    alpha: 1
    red: 0
    green: 0.69803923368453979
    blue: 0.929411768913269
  }
  width: 2
  height: 1080
  copy_source: false
}
