activecomp {
  name: "EPG_Main-Placeholder"
  width: 1920
  height: 1080
  defaultcameradistance: 2666.6667
  layer {
    name: "BG"
    id: 2425
    sourceid: 2612
    transform {
      anchorPoint {
        x: 960
        y: 540
        z: 0
      }
      scale {
        x: 1
        y: 1
        z: 1
      }
      position {
        x: 960
        y: 540
        z: 0
      }
      orientation {
        x: 0
        y: 0
        z: 0
      }
      rotationX: 0
      rotationY: 0
      rotationZ: 0
      opacity: 0.9
    }
    acceptsshadows: true
    acceptslights: true
    castsshadows: false
  }
  layer {
    name: "Main-Epg-Placeholder"
    id: 2426
    sourceid: 2410
    transform {
      anchorPoint {
        x: 960
        y: 540
        z: 0
      }
      scale {
        x: 0.915651
        y: 1
        z: 1
      }
      position {
        x: 1041.9351
        y: 540
        z: 0
      }
      orientation {
        x: 0
        y: 0
        z: 0
      }
      rotationX: 0
      rotationY: 0
      rotationZ: 0
      opacity: 1
    }
    acceptsshadows: true
    acceptslights: true
    castsshadows: false
  }
  bgcolor {
    alpha: 1
    red: 0.17254901960784313
    green: 0.17254901960784313
    blue: 0.17254901960784313
  }
  properties {
    key: "scale-mode"
    value: "fit"
  }
  childtemplates: "EPG_Main-Epg-Placeholder"
}
sources {
  uid: 2612
  srctype: AE_SOLID_SRC
  color {
    alpha: 1
    red: 0
    green: 0
    blue: 0
  }
  width: 1920
  height: 1080
  copy_source: false
}
sources {
  uid: 2410
  srctype: AE_COMP_SRC
  name: "EPG_Main-Epg-Placeholder.layout"
  width: 1920
  height: 1080
  copy_source: true
}
