activecomp {
  name: "EPG_Channelslot-OnNow-root"
  width: 130
  height: 130
  defaultcameradistance: 180.55556
  layer {
    name: "Channelslot-OnNowLayout"
    id: 3562
    sourceid: 3575
    transform {
      anchorPoint {
        x: 65
        y: 65
        z: 0
      }
      scale {
        x: 1
        y: 1
        z: 1
      }
      position {
        x: 65
        y: 65
        z: 0
      }
      orientation {
        x: 0
        y: 0
        z: 0
      }
      rotationX: 0
      rotationY: 0
      rotationZ: 0
      opacity: 1
    }
    acceptsshadows: true
    acceptslights: true
    castsshadows: false
  }
  bgcolor {
    alpha: 1
    red: 0.17254901960784313
    green: 0.17254901960784313
    blue: 0.17254901960784313
  }
  childtemplates: "EPG_Channelslot-OnNowLayout"
}
sources {
  uid: 3575
  srctype: AE_COMP_SRC
  name: "EPG_Channelslot-OnNowLayout.layout"
  width: 130
  height: 130
  copy_source: true
}
