activecomp {
  name: "EPG_Main-Epg-Placeholder"
  width: 1920
  height: 1080
  defaultcameradistance: 2666.6667
  layer {
    name: "ListofLists-Placeholder-root"
    id: 2410
    sourceid: 2354
    transform {
      anchorPoint {
        x: 960
        y: 507.5
        z: 0
      }
      scale {
        x: 1
        y: 1
        z: 1
      }
      position {
        x: 960
        y: 572.5
        z: 0
      }
      orientation {
        x: 0
        y: 0
        z: 0
      }
      rotationX: 0
      rotationY: 0
      rotationZ: 0
      opacity: 1
    }
    acceptsshadows: true
    acceptslights: true
    castsshadows: false
    properties {
      key: "item-gravity"
      value: "bottom-left"
    }
    properties {
      key: "margin-top"
      value: "65"
    }
  }
  classname: "CYIActivityIndicatorView"
  bgcolor {
    alpha: 1
    red: 0.67843137254901964
    green: 0.67843137254901964
    blue: 0.67843137254901964
  }
  properties {
    key: "layout"
    value: "CYIStackLayout"
  }
  properties {
    key: "width"
    value: "fit-content"
  }
  properties {
    key: "height"
    value: "fit-content"
  }
  properties {
    key: "usesCustomClass"
    value: "true"
  }
  properties {
    key: "componentType"
    value: "loader"
  }
  childtemplates: "EPG_ListofLists-Placeholder-root"
}
sources {
  uid: 2354
  srctype: AE_COMP_SRC
  name: "EPG_ListofLists-Placeholder-root.layout"
  width: 1920
  height: 1015
  copy_source: true
}
