tracks {
  binding: IS_VISIBLE
  targetid: 2974
  targetname: "Scaler"
  keytimes {
    datatype: AE_INT_DATA
    timeOffset: 0
    inttype: AE_INTERP_HOLD
    ivalue1: 1
  }
}
tracks {
  binding: SCALE
  targetid: 2974
  targetname: "Scaler"
  keytimes {
    datatype: AE_FLOAT_VECTOR_DATA
    timeOffset: 0
    inttype: AE_INTERP_LINEAR
    fvalue1: 1
    fvalue2: 0.54
    fvalue3: 1
  }
  keytimes {
    datatype: AE_FLOAT_VECTOR_DATA
    timeOffset: 1
    inttype: AE_INTERP_LINEAR
    fvalue1: 1
    fvalue2: 0.54
    fvalue3: 1
  }
  keytimes {
    datatype: AE_FLOAT_VECTOR_DATA
    timeOffset: 1.2
    inttype: AE_INTERP_LINEAR
    fvalue1: 1
    fvalue2: 1
    fvalue3: 1
  }
  keytimes {
    datatype: AE_FLOAT_VECTOR_DATA
    timeOffset: 2.6
    inttype: AE_INTERP_LINEAR
    fvalue1: 1
    fvalue2: 1
    fvalue3: 1
  }
  keytimes {
    datatype: AE_FLOAT_VECTOR_DATA
    timeOffset: 2.8
    inttype: AE_INTERP_LINEAR
    fvalue1: 1
    fvalue2: 0.54
    fvalue3: 1
  }
  trackName: "Scale"
}
tracks {
  binding: IS_VISIBLE
  targetid: 2975
  targetname: "BG"
  keytimes {
    datatype: AE_INT_DATA
    timeOffset: 0
    inttype: AE_INTERP_HOLD
    ivalue1: 1
  }
}
tracks {
  binding: POSITION
  targetid: 2975
  targetname: "BG"
  keytimes {
    datatype: AE_FLOAT_VECTOR_DATA
    timeOffset: 0
    inttype: AE_INTERP_LINEAR
    fvalue1: 635
    fvalue2: -260
    fvalue3: 0
  }
  keytimes {
    datatype: AE_FLOAT_VECTOR_DATA
    timeOffset: 1
    inttype: AE_INTERP_LINEAR
    fvalue1: 635
    fvalue2: -260
    fvalue3: 0
  }
  keytimes {
    datatype: AE_FLOAT_VECTOR_DATA
    timeOffset: 1.02
    inttype: AE_INTERP_LINEAR
    fvalue1: 635
    fvalue2: -1.4210855e-14
    fvalue3: 0
  }
  trackName: "Position"
}
tracks {
  binding: OPACITY
  targetid: 2975
  targetname: "BG"
  keytimes {
    datatype: AE_FLOAT_DATA
    timeOffset: 0
    inttype: AE_INTERP_LINEAR
    fvalue1: 0
  }
  keytimes {
    datatype: AE_FLOAT_DATA
    timeOffset: 1.04
    inttype: AE_INTERP_LINEAR
    fvalue1: 0
  }
  keytimes {
    datatype: AE_FLOAT_DATA
    timeOffset: 1.14
    inttype: AE_INTERP_LINEAR
    fvalue1: 1
  }
  keytimes {
    datatype: AE_FLOAT_DATA
    timeOffset: 1.4
    inttype: AE_INTERP_LINEAR
    fvalue1: 1
  }
  keytimes {
    datatype: AE_FLOAT_DATA
    timeOffset: 1.5
    inttype: AE_INTERP_LINEAR
    fvalue1: 0.25
  }
  keytimes {
    datatype: AE_FLOAT_DATA
    timeOffset: 1.7
    inttype: AE_INTERP_LINEAR
    fvalue1: 0.25
  }
  keytimes {
    datatype: AE_FLOAT_DATA
    timeOffset: 1.8
    inttype: AE_INTERP_LINEAR
    fvalue1: 1
  }
  keytimes {
    datatype: AE_FLOAT_DATA
    timeOffset: 2.6
    inttype: AE_INTERP_LINEAR
    fvalue1: 1
  }
  keytimes {
    datatype: AE_FLOAT_DATA
    timeOffset: 2.64
    inttype: AE_INTERP_LINEAR
    fvalue1: 0
  }
  trackName: "Opacity"
}
tracks {
  binding: IS_VISIBLE
  targetid: 2976
  targetname: "borderBottom"
  keytimes {
    datatype: AE_INT_DATA
    timeOffset: 0
    inttype: AE_INTERP_HOLD
    ivalue1: 1
  }
}
tracks {
  binding: OPACITY
  targetid: 2976
  targetname: "borderBottom"
  keytimes {
    datatype: AE_FLOAT_DATA
    timeOffset: 0
    inttype: AE_INTERP_LINEAR
    fvalue1: 0.3
  }
  keytimes {
    datatype: AE_FLOAT_DATA
    timeOffset: 1
    inttype: AE_INTERP_LINEAR
    fvalue1: 0.3
  }
  keytimes {
    datatype: AE_FLOAT_DATA
    timeOffset: 1.04
    inttype: AE_INTERP_LINEAR
    fvalue1: 0
  }
  keytimes {
    datatype: AE_FLOAT_DATA
    timeOffset: 2.6
    inttype: AE_INTERP_LINEAR
    fvalue1: 0
  }
  keytimes {
    datatype: AE_FLOAT_DATA
    timeOffset: 2.66
    inttype: AE_INTERP_LINEAR
    fvalue1: 0.3
  }
  trackName: "Opacity"
}
tracks {
  binding: IS_VISIBLE
  targetid: 2977
  targetname: "borderTop"
  keytimes {
    datatype: AE_INT_DATA
    timeOffset: 0
    inttype: AE_INTERP_HOLD
    ivalue1: 1
  }
}
tracks {
  binding: IS_VISIBLE
  targetid: 2978
  targetname: "Preview-Details-Text-Container"
  keytimes {
    datatype: AE_INT_DATA
    timeOffset: 0
    inttype: AE_INTERP_HOLD
    ivalue1: 1
  }
}
tracks {
  binding: OPACITY
  targetid: 2978
  targetname: "Preview-Details-Text-Container"
  keytimes {
    datatype: AE_FLOAT_DATA
    timeOffset: 0
    inttype: AE_INTERP_LINEAR
    fvalue1: 0
  }
  keytimes {
    datatype: AE_FLOAT_DATA
    timeOffset: 1.04
    inttype: AE_INTERP_LINEAR
    fvalue1: 0
  }
  keytimes {
    datatype: AE_FLOAT_DATA
    timeOffset: 1.2
    inttype: AE_INTERP_LINEAR
    fvalue1: 1
  }
  keytimes {
    datatype: AE_FLOAT_DATA
    timeOffset: 2.6
    inttype: AE_INTERP_LINEAR
    fvalue1: 1
  }
  keytimes {
    datatype: AE_FLOAT_DATA
    timeOffset: 2.66
    inttype: AE_INTERP_LINEAR
    fvalue1: 0
  }
  trackName: "Opacity"
}
tracks {
  binding: SCALE
  targetid: 2978
  targetname: "Preview-Details-Text-Container"
  keytimes {
    datatype: AE_FLOAT_VECTOR_DATA
    timeOffset: 0
    inttype: AE_INTERP_LINEAR
    fvalue1: 1
    fvalue2: 0.55
    fvalue3: 1
  }
  keytimes {
    datatype: AE_FLOAT_VECTOR_DATA
    timeOffset: 1
    inttype: AE_INTERP_LINEAR
    fvalue1: 1
    fvalue2: 0.55
    fvalue3: 1
  }
  keytimes {
    datatype: AE_FLOAT_VECTOR_DATA
    timeOffset: 1.04
    inttype: AE_INTERP_LINEAR
    fvalue1: 1
    fvalue2: 1
    fvalue3: 1
  }
  keytimes {
    datatype: AE_FLOAT_VECTOR_DATA
    timeOffset: 2.6
    inttype: AE_INTERP_LINEAR
    fvalue1: 1
    fvalue2: 1
    fvalue3: 1
  }
  keytimes {
    datatype: AE_FLOAT_VECTOR_DATA
    timeOffset: 2.64
    inttype: AE_INTERP_LINEAR
    fvalue1: 1
    fvalue2: 0.55
    fvalue3: 1
  }
  trackName: "Scale"
}
tracks {
  binding: IS_VISIBLE
  targetid: 2979
  targetname: "Preview-Contents"
  keytimes {
    datatype: AE_INT_DATA
    timeOffset: 0
    inttype: AE_INTERP_HOLD
    ivalue1: 1
  }
}
tracks {
  binding: OPACITY
  targetid: 2979
  targetname: "Preview-Contents"
  keytimes {
    datatype: AE_FLOAT_DATA
    timeOffset: 0
    inttype: AE_INTERP_LINEAR
    fvalue1: 1
  }
  keytimes {
    datatype: AE_FLOAT_DATA
    timeOffset: 1
    inttype: AE_INTERP_LINEAR
    fvalue1: 1
  }
  keytimes {
    datatype: AE_FLOAT_DATA
    timeOffset: 1.02
    inttype: AE_INTERP_LINEAR
    fvalue1: 0
  }
  keytimes {
    datatype: AE_FLOAT_DATA
    timeOffset: 2.6
    inttype: AE_INTERP_LINEAR
    fvalue1: 0
  }
  keytimes {
    datatype: AE_FLOAT_DATA
    timeOffset: 2.66
    inttype: AE_INTERP_LINEAR
    fvalue1: 1
  }
  trackName: "Opacity"
}
tracks {
  binding: SCALE
  targetid: 2979
  targetname: "Preview-Contents"
  keytimes {
    datatype: AE_FLOAT_VECTOR_DATA
    timeOffset: 0
    inttype: AE_INTERP_LINEAR
    fvalue1: 1
    fvalue2: 1
    fvalue3: 1
  }
  keytimes {
    datatype: AE_FLOAT_VECTOR_DATA
    timeOffset: 1
    inttype: AE_INTERP_LINEAR
    fvalue1: 1
    fvalue2: 1
    fvalue3: 1
  }
  keytimes {
    datatype: AE_FLOAT_VECTOR_DATA
    timeOffset: 1.1
    inttype: AE_INTERP_LINEAR
    fvalue1: 1
    fvalue2: 1
    fvalue3: 1
  }
  keytimes {
    datatype: AE_FLOAT_VECTOR_DATA
    timeOffset: 2.64
    inttype: AE_INTERP_LINEAR
    fvalue1: 1
    fvalue2: 1
    fvalue3: 1
  }
  keytimes {
    datatype: AE_FLOAT_VECTOR_DATA
    timeOffset: 2.7
    inttype: AE_INTERP_LINEAR
    fvalue1: 1
    fvalue2: 1
    fvalue3: 1
  }
  trackName: "Scale"
}
tracks {
  binding: IS_VISIBLE
  targetid: 2980
  targetname: "Image"
  keytimes {
    datatype: AE_INT_DATA
    timeOffset: 0
    inttype: AE_INTERP_HOLD
    ivalue1: 1
  }
}
tracks {
  binding: SCALE
  targetid: 2980
  targetname: "Image"
  keytimes {
    datatype: AE_FLOAT_VECTOR_DATA
    timeOffset: 0
    inttype: AE_INTERP_LINEAR
    fvalue1: 0.59
    fvalue2: 0.59
    fvalue3: 1
  }
  keytimes {
    datatype: AE_FLOAT_VECTOR_DATA
    timeOffset: 1
    inttype: AE_INTERP_LINEAR
    fvalue1: 0.59
    fvalue2: 0.59
    fvalue3: 1
  }
  keytimes {
    datatype: AE_FLOAT_VECTOR_DATA
    timeOffset: 1.08
    inttype: AE_INTERP_LINEAR
    fvalue1: 1.07
    fvalue2: 1.07
    fvalue3: 1
  }
  keytimes {
    datatype: AE_FLOAT_VECTOR_DATA
    timeOffset: 2.6
    inttype: AE_INTERP_LINEAR
    fvalue1: 1.07
    fvalue2: 1.07
    fvalue3: 1
  }
  keytimes {
    datatype: AE_FLOAT_VECTOR_DATA
    timeOffset: 2.68
    inttype: AE_INTERP_LINEAR
    fvalue1: 0.59
    fvalue2: 0.59
    fvalue3: 1
  }
  trackName: "Scale"
}
tracks {
  binding: IS_VISIBLE
  targetid: 2981
  targetname: "borderRight-Focus"
  keytimes {
    datatype: AE_INT_DATA
    timeOffset: 0
    inttype: AE_INTERP_HOLD
    ivalue1: 1
  }
}
tracks {
  binding: POSITION
  targetid: 2981
  targetname: "borderRight-Focus"
  keytimes {
    datatype: AE_FLOAT_VECTOR_DATA
    timeOffset: 0
    inttype: AE_INTERP_LINEAR
    fvalue1: 1275
    fvalue2: 120
    fvalue3: 0
  }
  keytimes {
    datatype: AE_FLOAT_VECTOR_DATA
    timeOffset: 1
    inttype: AE_INTERP_LINEAR
    fvalue1: 1275
    fvalue2: 120
    fvalue3: 0
  }
  keytimes {
    datatype: AE_FLOAT_VECTOR_DATA
    timeOffset: 1.02
    inttype: AE_INTERP_LINEAR
    fvalue1: 1267
    fvalue2: 120
    fvalue3: 0
  }
  keytimes {
    datatype: AE_FLOAT_VECTOR_DATA
    timeOffset: 2.66
    inttype: AE_INTERP_LINEAR
    fvalue1: 1267
    fvalue2: 120
    fvalue3: 0
  }
  keytimes {
    datatype: AE_FLOAT_VECTOR_DATA
    timeOffset: 2.68
    inttype: AE_INTERP_LINEAR
    fvalue1: 1275
    fvalue2: 120
    fvalue3: 0
  }
  trackName: "Position"
}
tracks {
  binding: OPACITY
  targetid: 2981
  targetname: "borderRight-Focus"
  keytimes {
    datatype: AE_FLOAT_DATA
    timeOffset: 0
    inttype: AE_INTERP_LINEAR
    fvalue1: 0
  }
  keytimes {
    datatype: AE_FLOAT_DATA
    timeOffset: 1
    inttype: AE_INTERP_LINEAR
    fvalue1: 0
  }
  keytimes {
    datatype: AE_FLOAT_DATA
    timeOffset: 1.1
    inttype: AE_INTERP_LINEAR
    fvalue1: 1
  }
  keytimes {
    datatype: AE_FLOAT_DATA
    timeOffset: 2.6
    inttype: AE_INTERP_LINEAR
    fvalue1: 1
  }
  keytimes {
    datatype: AE_FLOAT_DATA
    timeOffset: 2.66
    inttype: AE_INTERP_LINEAR
    fvalue1: 0
  }
  trackName: "Opacity"
}
tracks {
  binding: SCALE
  targetid: 2981
  targetname: "borderRight-Focus"
  keytimes {
    datatype: AE_FLOAT_VECTOR_DATA
    timeOffset: 0
    inttype: AE_INTERP_LINEAR
    fvalue1: 1
    fvalue2: 0.01
    fvalue3: 1
  }
  keytimes {
    datatype: AE_FLOAT_VECTOR_DATA
    timeOffset: 1
    inttype: AE_INTERP_LINEAR
    fvalue1: 1
    fvalue2: 0.01
    fvalue3: 1
  }
  keytimes {
    datatype: AE_FLOAT_VECTOR_DATA
    timeOffset: 1.02
    inttype: AE_INTERP_LINEAR
    fvalue1: 1
    fvalue2: 1
    fvalue3: 1
  }
  keytimes {
    datatype: AE_FLOAT_VECTOR_DATA
    timeOffset: 2.74
    inttype: AE_INTERP_LINEAR
    fvalue1: 1
    fvalue2: 1
    fvalue3: 1
  }
  keytimes {
    datatype: AE_FLOAT_VECTOR_DATA
    timeOffset: 2.76
    inttype: AE_INTERP_LINEAR
    fvalue1: 1
    fvalue2: 0.01
    fvalue3: 1
  }
  trackName: "Scale"
}
tracks {
  binding: IS_VISIBLE
  targetid: 2982
  targetname: "borderLeft-Focus"
  keytimes {
    datatype: AE_INT_DATA
    timeOffset: 0
    inttype: AE_INTERP_HOLD
    ivalue1: 1
  }
}
tracks {
  binding: POSITION
  targetid: 2982
  targetname: "borderLeft-Focus"
  keytimes {
    datatype: AE_FLOAT_VECTOR_DATA
    timeOffset: 0
    inttype: AE_INTERP_LINEAR
    fvalue1: -9
    fvalue2: 120
    fvalue3: 0
  }
  keytimes {
    datatype: AE_FLOAT_VECTOR_DATA
    timeOffset: 1
    inttype: AE_INTERP_LINEAR
    fvalue1: -9
    fvalue2: 120
    fvalue3: 0
  }
  keytimes {
    datatype: AE_FLOAT_VECTOR_DATA
    timeOffset: 1.02
    inttype: AE_INTERP_LINEAR
    fvalue1: 3
    fvalue2: 120
    fvalue3: 0
  }
  keytimes {
    datatype: AE_FLOAT_VECTOR_DATA
    timeOffset: 2.66
    inttype: AE_INTERP_LINEAR
    fvalue1: 3
    fvalue2: 120
    fvalue3: 0
  }
  keytimes {
    datatype: AE_FLOAT_VECTOR_DATA
    timeOffset: 2.68
    inttype: AE_INTERP_LINEAR
    fvalue1: -9
    fvalue2: 120
    fvalue3: 0
  }
  trackName: "Position"
}
tracks {
  binding: OPACITY
  targetid: 2982
  targetname: "borderLeft-Focus"
  keytimes {
    datatype: AE_FLOAT_DATA
    timeOffset: 0
    inttype: AE_INTERP_LINEAR
    fvalue1: 0
  }
  keytimes {
    datatype: AE_FLOAT_DATA
    timeOffset: 1
    inttype: AE_INTERP_LINEAR
    fvalue1: 0
  }
  keytimes {
    datatype: AE_FLOAT_DATA
    timeOffset: 1.1
    inttype: AE_INTERP_LINEAR
    fvalue1: 1
  }
  keytimes {
    datatype: AE_FLOAT_DATA
    timeOffset: 2.6
    inttype: AE_INTERP_LINEAR
    fvalue1: 1
  }
  keytimes {
    datatype: AE_FLOAT_DATA
    timeOffset: 2.66
    inttype: AE_INTERP_LINEAR
    fvalue1: 0
  }
  trackName: "Opacity"
}
tracks {
  binding: SCALE
  targetid: 2982
  targetname: "borderLeft-Focus"
  keytimes {
    datatype: AE_FLOAT_VECTOR_DATA
    timeOffset: 0
    inttype: AE_INTERP_LINEAR
    fvalue1: 1
    fvalue2: 0.01
    fvalue3: 1
  }
  keytimes {
    datatype: AE_FLOAT_VECTOR_DATA
    timeOffset: 1
    inttype: AE_INTERP_LINEAR
    fvalue1: 1
    fvalue2: 0.01
    fvalue3: 1
  }
  keytimes {
    datatype: AE_FLOAT_VECTOR_DATA
    timeOffset: 1.02
    inttype: AE_INTERP_LINEAR
    fvalue1: 1
    fvalue2: 1
    fvalue3: 1
  }
  keytimes {
    datatype: AE_FLOAT_VECTOR_DATA
    timeOffset: 2.74
    inttype: AE_INTERP_LINEAR
    fvalue1: 1
    fvalue2: 1
    fvalue3: 1
  }
  keytimes {
    datatype: AE_FLOAT_VECTOR_DATA
    timeOffset: 2.76
    inttype: AE_INTERP_LINEAR
    fvalue1: 1
    fvalue2: 0.01
    fvalue3: 1
  }
  trackName: "Scale"
}
tracks {
  binding: IS_VISIBLE
  targetid: 2983
  targetname: "borderBottom-Focus"
  keytimes {
    datatype: AE_INT_DATA
    timeOffset: 0
    inttype: AE_INTERP_HOLD
    ivalue1: 1
  }
}
tracks {
  binding: POSITION
  targetid: 2983
  targetname: "borderBottom-Focus"
  keytimes {
    datatype: AE_FLOAT_VECTOR_DATA
    timeOffset: 0
    inttype: AE_INTERP_LINEAR
    fvalue1: 635
    fvalue2: 125
    fvalue3: 0
  }
  keytimes {
    datatype: AE_FLOAT_VECTOR_DATA
    timeOffset: 1
    inttype: AE_INTERP_LINEAR
    fvalue1: 635
    fvalue2: 125
    fvalue3: 0
  }
  keytimes {
    datatype: AE_FLOAT_VECTOR_DATA
    timeOffset: 1.02
    inttype: AE_INTERP_LINEAR
    fvalue1: 635
    fvalue2: 237
    fvalue3: 0
  }
  keytimes {
    datatype: AE_FLOAT_VECTOR_DATA
    timeOffset: 2.66
    inttype: AE_INTERP_LINEAR
    fvalue1: 635
    fvalue2: 237
    fvalue3: 0
  }
  keytimes {
    datatype: AE_FLOAT_VECTOR_DATA
    timeOffset: 2.68
    inttype: AE_INTERP_LINEAR
    fvalue1: 635
    fvalue2: 125
    fvalue3: 0
  }
  trackName: "Position"
}
tracks {
  binding: OPACITY
  targetid: 2983
  targetname: "borderBottom-Focus"
  keytimes {
    datatype: AE_FLOAT_DATA
    timeOffset: 0
    inttype: AE_INTERP_LINEAR
    fvalue1: 0
  }
  keytimes {
    datatype: AE_FLOAT_DATA
    timeOffset: 1
    inttype: AE_INTERP_LINEAR
    fvalue1: 0
  }
  keytimes {
    datatype: AE_FLOAT_DATA
    timeOffset: 1.1
    inttype: AE_INTERP_LINEAR
    fvalue1: 1
  }
  keytimes {
    datatype: AE_FLOAT_DATA
    timeOffset: 2.6
    inttype: AE_INTERP_LINEAR
    fvalue1: 1
  }
  keytimes {
    datatype: AE_FLOAT_DATA
    timeOffset: 2.66
    inttype: AE_INTERP_LINEAR
    fvalue1: 0
  }
  trackName: "Opacity"
}
tracks {
  binding: IS_VISIBLE
  targetid: 2984
  targetname: "borderTop-Focus"
  keytimes {
    datatype: AE_INT_DATA
    timeOffset: 0
    inttype: AE_INTERP_HOLD
    ivalue1: 1
  }
}
tracks {
  binding: POSITION
  targetid: 2984
  targetname: "borderTop-Focus"
  keytimes {
    datatype: AE_FLOAT_VECTOR_DATA
    timeOffset: 0
    inttype: AE_INTERP_LINEAR
    fvalue1: 635
    fvalue2: -9
    fvalue3: 0
  }
  keytimes {
    datatype: AE_FLOAT_VECTOR_DATA
    timeOffset: 1
    inttype: AE_INTERP_LINEAR
    fvalue1: 635
    fvalue2: -9
    fvalue3: 0
  }
  keytimes {
    datatype: AE_FLOAT_VECTOR_DATA
    timeOffset: 1.02
    inttype: AE_INTERP_LINEAR
    fvalue1: 635
    fvalue2: 3
    fvalue3: 0
  }
  keytimes {
    datatype: AE_FLOAT_VECTOR_DATA
    timeOffset: 2.66
    inttype: AE_INTERP_LINEAR
    fvalue1: 635
    fvalue2: 3
    fvalue3: 0
  }
  keytimes {
    datatype: AE_FLOAT_VECTOR_DATA
    timeOffset: 2.68
    inttype: AE_INTERP_LINEAR
    fvalue1: 635
    fvalue2: -9
    fvalue3: 0
  }
  trackName: "Position"
}
tracks {
  binding: OPACITY
  targetid: 2984
  targetname: "borderTop-Focus"
  keytimes {
    datatype: AE_FLOAT_DATA
    timeOffset: 0
    inttype: AE_INTERP_LINEAR
    fvalue1: 0
  }
  keytimes {
    datatype: AE_FLOAT_DATA
    timeOffset: 1
    inttype: AE_INTERP_LINEAR
    fvalue1: 0
  }
  keytimes {
    datatype: AE_FLOAT_DATA
    timeOffset: 1.1
    inttype: AE_INTERP_LINEAR
    fvalue1: 1
  }
  keytimes {
    datatype: AE_FLOAT_DATA
    timeOffset: 2.6
    inttype: AE_INTERP_LINEAR
    fvalue1: 1
  }
  keytimes {
    datatype: AE_FLOAT_DATA
    timeOffset: 2.66
    inttype: AE_INTERP_LINEAR
    fvalue1: 0
  }
  trackName: "Opacity"
}
markers {
  starttime: 1
  duration: 0.2
  name: "FocusIn"
  tracksSelection {
    targetid: 2974
    binding: SCALE
  }
  tracksSelection {
    targetid: 2975
    binding: POSITION
  }
  tracksSelection {
    targetid: 2975
    binding: OPACITY
  }
  tracksSelection {
    targetid: 2976
    binding: OPACITY
  }
  tracksSelection {
    targetid: 2978
    binding: OPACITY
  }
  tracksSelection {
    targetid: 2978
    binding: SCALE
  }
  tracksSelection {
    targetid: 2979
    binding: OPACITY
  }
  tracksSelection {
    targetid: 2979
    binding: SCALE
  }
  tracksSelection {
    targetid: 2980
    binding: SCALE
  }
  tracksSelection {
    targetid: 2981
    binding: POSITION
  }
  tracksSelection {
    targetid: 2981
    binding: OPACITY
  }
  tracksSelection {
    targetid: 2981
    binding: SCALE
  }
  tracksSelection {
    targetid: 2982
    binding: POSITION
  }
  tracksSelection {
    targetid: 2982
    binding: OPACITY
  }
  tracksSelection {
    targetid: 2982
    binding: SCALE
  }
  tracksSelection {
    targetid: 2983
    binding: POSITION
  }
  tracksSelection {
    targetid: 2983
    binding: OPACITY
  }
  tracksSelection {
    targetid: 2984
    binding: POSITION
  }
  tracksSelection {
    targetid: 2984
    binding: OPACITY
  }
  alltracks: false
  id: 21
  looping: false
}
markers {
  starttime: 1.4
  duration: 0.1
  name: "Press"
  tracksSelection {
    targetid: 2975
    binding: OPACITY
  }
  alltracks: false
  id: 18
  looping: false
}
markers {
  starttime: 1.7
  duration: 0.1
  name: "Release"
  tracksSelection {
    targetid: 2975
    binding: OPACITY
  }
  alltracks: false
  id: 19
  looping: false
}
markers {
  starttime: 2.6
  duration: 0.2
  name: "FocusOut"
  tracksSelection {
    targetid: 2974
    binding: SCALE
  }
  tracksSelection {
    targetid: 2975
    binding: OPACITY
  }
  tracksSelection {
    targetid: 2976
    binding: OPACITY
  }
  tracksSelection {
    targetid: 2978
    binding: OPACITY
  }
  tracksSelection {
    targetid: 2978
    binding: SCALE
  }
  tracksSelection {
    targetid: 2979
    binding: OPACITY
  }
  tracksSelection {
    targetid: 2979
    binding: SCALE
  }
  tracksSelection {
    targetid: 2980
    binding: SCALE
  }
  tracksSelection {
    targetid: 2981
    binding: POSITION
  }
  tracksSelection {
    targetid: 2981
    binding: OPACITY
  }
  tracksSelection {
    targetid: 2981
    binding: SCALE
  }
  tracksSelection {
    targetid: 2982
    binding: POSITION
  }
  tracksSelection {
    targetid: 2982
    binding: OPACITY
  }
  tracksSelection {
    targetid: 2982
    binding: SCALE
  }
  tracksSelection {
    targetid: 2983
    binding: POSITION
  }
  tracksSelection {
    targetid: 2983
    binding: OPACITY
  }
  tracksSelection {
    targetid: 2984
    binding: POSITION
  }
  tracksSelection {
    targetid: 2984
    binding: OPACITY
  }
  alltracks: false
  id: 22
  looping: false
}
