activecomp {
  name: "EPG_Preview-Details-Text-Container"
  width: 851
  height: 222
  defaultcameradistance: 1181.9445
  layer {
    name: "Text-Time"
    id: 3074
    sourceid: -1
    transform {
      anchorPoint {
        x: 240
        y: 10.639999
        z: 0
      }
      scale {
        x: 1
        y: 1
        z: 1
      }
      position {
        x: 817.85791
        y: 143.76
        z: 0
      }
      orientation {
        x: 0
        y: 0
        z: 0
      }
      rotationX: 0
      rotationY: 0
      rotationZ: 0
      opacity: 0.8
    }
    acceptsshadows: true
    acceptslights: true
    castsshadows: false
    textinfo {
      justification: AE_TEXT_RIGHT
      fontSize: 26
      fontColor {
        alpha: 1
        red: 0.92156994342803955
        green: 0.92156994342803955
        blue: 0.92156994342803955
      }
      fontName: "ATTAleckSans-Regular"
      isPointText: false
      boundsWidth: 241
      boundsHeight: 25
      isLabel: true
      text: ""
      multiline: true
      isAllCaps: false
    }
    properties {
      key: "text-placeholder"
      value: "true"
    }
    properties {
      key: "item-gravity"
      value: "right"
    }
    properties {
      key: "margin-right"
      value: "29"
    }
  }
  layer {
    name: "RemainingTime-Container"
    id: 3075
    sourceid: 3145
    transform {
      anchorPoint {
        x: 159
        y: 15
        z: 0
      }
      scale {
        x: 1
        y: 1
        z: 1
      }
      position {
        x: 687
        y: 111
        z: 0
      }
      orientation {
        x: 0
        y: 0
        z: 0
      }
      rotationX: 0
      rotationY: 0
      rotationZ: 0
      opacity: 1
    }
    acceptsshadows: true
    acceptslights: true
    castsshadows: false
  }
  layer {
    name: "Preview-Main-Text"
    id: 3076
    sourceid: 3090
    transform {
      anchorPoint {
        x: 332
        y: 111
        z: 0
      }
      scale {
        x: 1
        y: 1
        z: 1
      }
      position {
        x: 332
        y: 111
        z: 0
      }
      orientation {
        x: 0
        y: 0
        z: 0
      }
      rotationX: 0
      rotationY: 0
      rotationZ: 0
      opacity: 1
    }
    acceptsshadows: true
    acceptslights: true
    castsshadows: false
  }
  bgcolor {
    alpha: 1
    red: 0.17254901960784313
    green: 0.17254901960784313
    blue: 0.17254901960784313
  }
  properties {
    key: "spacing"
    value: "0.0"
  }
  childtemplates: "EPG_RemainingTime-Container"
  childtemplates: "EPG_Preview-Main-Text"
}
sources {
  uid: 1
  srctype: AE_FONT_SRC
  name: "ATTAleckSans-Regular"
  copy_source: true
  file_name: "yi_ATT Aleck Sans-Regular.ttf"
  style_name: "Regular"
}
sources {
  uid: 3145
  srctype: AE_COMP_SRC
  name: "EPG_RemainingTime-Container.layout"
  width: 318
  height: 30
  copy_source: true
}
sources {
  uid: 3090
  srctype: AE_COMP_SRC
  name: "EPG_Preview-Main-Text.layout"
  width: 664
  height: 222
  copy_source: true
}
