activecomp {
  name: "EPG_Favouriteslot-root"
  width: 80
  height: 130
  defaultcameradistance: 111.11111
  layer {
    name: "FavouriteslotLayout"
    id: 2072
    sourceid: 2084
    transform {
      anchorPoint {
        x: 40
        y: 65
        z: 0
      }
      scale {
        x: 1
        y: 1
        z: 1
      }
      position {
        x: 40
        y: 65
        z: 0
      }
      orientation {
        x: 0
        y: 0
        z: 0
      }
      rotationX: 0
      rotationY: 0
      rotationZ: 0
      opacity: 1
    }
    acceptsshadows: true
    acceptslights: true
    castsshadows: false
  }
  bgcolor {
    alpha: 1
    red: 0
    green: 0
    blue: 0
  }
  childtemplates: "EPG_FavouriteslotLayout"
}
sources {
  uid: 2084
  srctype: AE_COMP_SRC
  name: "EPG_FavouriteslotLayout.layout"
  width: 80
  height: 130
  copy_source: true
}
