tracks {
  binding: IS_VISIBLE
  targetid: 2253
  targetname: "Lane-Gradient.png"
  keytimes {
    datatype: AE_INT_DATA
    timeOffset: 0
    inttype: AE_INTERP_HOLD
    ivalue1: 1
  }
}
tracks {
  binding: OPACITY
  targetid: 2253
  targetname: "Lane-Gradient.png"
  keytimes {
    datatype: AE_FLOAT_DATA
    timeOffset: 0
    inttype: AE_INTERP_LINEAR
    fvalue1: 0
  }
  keytimes {
    datatype: AE_FLOAT_DATA
    timeOffset: 1
    inttype: AE_INTERP_LINEAR
    fvalue1: 0
  }
  keytimes {
    datatype: AE_FLOAT_DATA
    timeOffset: 1.2
    inttype: AE_INTERP_LINEAR
    fvalue1: 1
  }
  trackName: "Opacity"
}
tracks {
  binding: IS_VISIBLE
  targetid: 2254
  targetname: "borderLeft"
  keytimes {
    datatype: AE_INT_DATA
    timeOffset: 0
    inttype: AE_INTERP_HOLD
    ivalue1: 1
  }
}
tracks {
  binding: IS_VISIBLE
  targetid: 2255
  targetname: "Lane"
  keytimes {
    datatype: AE_INT_DATA
    timeOffset: 0
    inttype: AE_INTERP_HOLD
    ivalue1: 1
  }
}
tracks {
  binding: IS_VISIBLE
  targetid: 2256
  targetname: "Channelslot-root"
  keytimes {
    datatype: AE_INT_DATA
    timeOffset: 0
    inttype: AE_INTERP_HOLD
    ivalue1: 1
  }
}
tracks {
  binding: IS_VISIBLE
  targetid: 2257
  targetname: "Favouriteslot-root"
  keytimes {
    datatype: AE_INT_DATA
    timeOffset: 0
    inttype: AE_INTERP_HOLD
    ivalue1: 1
  }
}
markers {
  starttime: 1
  duration: 0.2
  name: "Row-Focus"
  tracksSelection {
    targetid: 2253
    binding: OPACITY
  }
  alltracks: false
  looping: false
}
