activecomp {
  name: "EPG_ChannelImage"
  width: 75
  height: 75
  defaultcameradistance: 104.16666
  layer {
    name: "Text"
    id: 1877
    sourceid: -1
    transform {
      anchorPoint {
        x: 36.000019
        y: 12.75
        z: 0
      }
      scale {
        x: 1
        y: 1
        z: 1
      }
      position {
        x: 35.965904
        y: 43.29
        z: 0
      }
      orientation {
        x: 0
        y: 0
        z: 0
      }
      rotationX: 0
      rotationY: 0
      rotationZ: 0
      opacity: 1
    }
    acceptsshadows: true
    acceptslights: true
    castsshadows: false
    textinfo {
      justification: AE_TEXT_CENTER
      fontSize: 17
      fontColor {
        alpha: 1
        red: 0.92156994342803955
        green: 0.92156994342803955
        blue: 0.92156994342803955
      }
      fontName: "ATTAleckSans-Regular"
      isPointText: false
      boundsWidth: 74
      boundsHeight: 20
      isLabel: true
      text: ""
      multiline: true
      ellipsis: true
      isAllCaps: false
    }
    properties {
      key: "text-placeholder"
      value: "true"
    }
    properties {
      key: "text-overflow"
      value: "ellipsis"
    }
  }
  layer {
    name: "ImageNode"
    id: 1878
    sourceid: 2644
    transform {
      anchorPoint {
        x: 37.5
        y: 37.5
        z: 0
      }
      scale {
        x: 1
        y: 1
        z: 1
      }
      position {
        x: 37.5
        y: 37.5
        z: 0
      }
      orientation {
        x: 0
        y: 0
        z: 0
      }
      rotationX: 0
      rotationY: 0
      rotationZ: 0
      opacity: 0
    }
    acceptsshadows: true
    acceptslights: true
    castsshadows: false
  }
  classname: "CYIImageView"
  bgcolor {
    alpha: 1
    red: 0.17254901960784313
    green: 0.17254901960784313
    blue: 0.17254901960784313
  }
  properties {
    key: "componentType"
    value: "image"
  }
  properties {
    key: "scale-mode"
    value: "fit"
  }
}
sources {
  uid: 1
  srctype: AE_FONT_SRC
  name: "ATTAleckSans-Regular"
  copy_source: true
  file_name: "yi_ATT Aleck Sans-Regular.ttf"
  style_name: "Regular"
}
sources {
  uid: 2644
  srctype: AE_SOLID_SRC
  color {
    alpha: 1
    red: 0.430131733417511
    green: 0.430131733417511
    blue: 0.430131733417511
  }
  width: 75
  height: 75
  copy_source: false
}
