tracks {
  binding: IS_VISIBLE
  targetid: 2783
  targetname: "BG"
  keytimes {
    datatype: AE_INT_DATA
    timeOffset: 0
    inttype: AE_INTERP_HOLD
    ivalue1: 1
  }
}
tracks {
  binding: OPACITY
  targetid: 2783
  targetname: "BG"
  keytimes {
    datatype: AE_FLOAT_DATA
    timeOffset: 0
    inttype: AE_INTERP_LINEAR
    fvalue1: 0
  }
  keytimes {
    datatype: AE_FLOAT_DATA
    timeOffset: 1
    inttype: AE_INTERP_LINEAR
    fvalue1: 0
  }
  keytimes {
    datatype: AE_FLOAT_DATA
    timeOffset: 1.1
    inttype: AE_INTERP_LINEAR
    fvalue1: 1
  }
  keytimes {
    datatype: AE_FLOAT_DATA
    timeOffset: 1.4
    inttype: AE_INTERP_LINEAR
    fvalue1: 1
  }
  keytimes {
    datatype: AE_FLOAT_DATA
    timeOffset: 1.5
    inttype: AE_INTERP_LINEAR
    fvalue1: 0.25
  }
  keytimes {
    datatype: AE_FLOAT_DATA
    timeOffset: 1.7
    inttype: AE_INTERP_LINEAR
    fvalue1: 0.25
  }
  keytimes {
    datatype: AE_FLOAT_DATA
    timeOffset: 1.8
    inttype: AE_INTERP_LINEAR
    fvalue1: 1
  }
  keytimes {
    datatype: AE_FLOAT_DATA
    timeOffset: 2.6
    inttype: AE_INTERP_LINEAR
    fvalue1: 1
  }
  keytimes {
    datatype: AE_FLOAT_DATA
    timeOffset: 2.64
    inttype: AE_INTERP_LINEAR
    fvalue1: 0
  }
  trackName: "Opacity"
}
tracks {
  binding: IS_VISIBLE
  targetid: 2784
  targetname: "Text-Container"
  keytimes {
    datatype: AE_INT_DATA
    timeOffset: 0
    inttype: AE_INTERP_HOLD
    ivalue1: 1
  }
}
tracks {
  binding: IS_VISIBLE
  targetid: 2785
  targetname: "borderRight"
  keytimes {
    datatype: AE_INT_DATA
    timeOffset: 0
    inttype: AE_INTERP_HOLD
    ivalue1: 1
  }
}
tracks {
  binding: IS_VISIBLE
  targetid: 2786
  targetname: "borderLeft"
  keytimes {
    datatype: AE_INT_DATA
    timeOffset: 0
    inttype: AE_INTERP_HOLD
    ivalue1: 1
  }
}
tracks {
  binding: IS_VISIBLE
  targetid: 2787
  targetname: "borderBottom"
  keytimes {
    datatype: AE_INT_DATA
    timeOffset: 0
    inttype: AE_INTERP_HOLD
    ivalue1: 1
  }
}
tracks {
  binding: IS_VISIBLE
  targetid: 2788
  targetname: "borderTop"
  keytimes {
    datatype: AE_INT_DATA
    timeOffset: 0
    inttype: AE_INTERP_HOLD
    ivalue1: 1
  }
}
tracks {
  binding: IS_VISIBLE
  targetid: 2789
  targetname: "borderRight-Focus"
  keytimes {
    datatype: AE_INT_DATA
    timeOffset: 0
    inttype: AE_INTERP_HOLD
    ivalue1: 1
  }
}
tracks {
  binding: OPACITY
  targetid: 2789
  targetname: "borderRight-Focus"
  keytimes {
    datatype: AE_FLOAT_DATA
    timeOffset: 0
    inttype: AE_INTERP_LINEAR
    fvalue1: 0
  }
  keytimes {
    datatype: AE_FLOAT_DATA
    timeOffset: 1
    inttype: AE_INTERP_LINEAR
    fvalue1: 0
  }
  keytimes {
    datatype: AE_FLOAT_DATA
    timeOffset: 1.1
    inttype: AE_INTERP_LINEAR
    fvalue1: 1
  }
  keytimes {
    datatype: AE_FLOAT_DATA
    timeOffset: 2.6
    inttype: AE_INTERP_LINEAR
    fvalue1: 1
  }
  keytimes {
    datatype: AE_FLOAT_DATA
    timeOffset: 2.66
    inttype: AE_INTERP_LINEAR
    fvalue1: 0
  }
  trackName: "Opacity"
}
tracks {
  binding: IS_VISIBLE
  targetid: 2790
  targetname: "borderLeft-Focus"
  keytimes {
    datatype: AE_INT_DATA
    timeOffset: 0
    inttype: AE_INTERP_HOLD
    ivalue1: 1
  }
}
tracks {
  binding: OPACITY
  targetid: 2790
  targetname: "borderLeft-Focus"
  keytimes {
    datatype: AE_FLOAT_DATA
    timeOffset: 0
    inttype: AE_INTERP_LINEAR
    fvalue1: 0
  }
  keytimes {
    datatype: AE_FLOAT_DATA
    timeOffset: 1
    inttype: AE_INTERP_LINEAR
    fvalue1: 0
  }
  keytimes {
    datatype: AE_FLOAT_DATA
    timeOffset: 1.1
    inttype: AE_INTERP_LINEAR
    fvalue1: 1
  }
  keytimes {
    datatype: AE_FLOAT_DATA
    timeOffset: 2.6
    inttype: AE_INTERP_LINEAR
    fvalue1: 1
  }
  keytimes {
    datatype: AE_FLOAT_DATA
    timeOffset: 2.66
    inttype: AE_INTERP_LINEAR
    fvalue1: 0
  }
  trackName: "Opacity"
}
tracks {
  binding: IS_VISIBLE
  targetid: 2791
  targetname: "borderBottom-Focus"
  keytimes {
    datatype: AE_INT_DATA
    timeOffset: 0
    inttype: AE_INTERP_HOLD
    ivalue1: 1
  }
}
tracks {
  binding: OPACITY
  targetid: 2791
  targetname: "borderBottom-Focus"
  keytimes {
    datatype: AE_FLOAT_DATA
    timeOffset: 0
    inttype: AE_INTERP_LINEAR
    fvalue1: 0
  }
  keytimes {
    datatype: AE_FLOAT_DATA
    timeOffset: 1
    inttype: AE_INTERP_LINEAR
    fvalue1: 0
  }
  keytimes {
    datatype: AE_FLOAT_DATA
    timeOffset: 1.1
    inttype: AE_INTERP_LINEAR
    fvalue1: 1
  }
  keytimes {
    datatype: AE_FLOAT_DATA
    timeOffset: 2.6
    inttype: AE_INTERP_LINEAR
    fvalue1: 1
  }
  keytimes {
    datatype: AE_FLOAT_DATA
    timeOffset: 2.66
    inttype: AE_INTERP_LINEAR
    fvalue1: 0
  }
  trackName: "Opacity"
}
tracks {
  binding: IS_VISIBLE
  targetid: 2792
  targetname: "borderTop-Focus"
  keytimes {
    datatype: AE_INT_DATA
    timeOffset: 0
    inttype: AE_INTERP_HOLD
    ivalue1: 1
  }
}
tracks {
  binding: OPACITY
  targetid: 2792
  targetname: "borderTop-Focus"
  keytimes {
    datatype: AE_FLOAT_DATA
    timeOffset: 0
    inttype: AE_INTERP_LINEAR
    fvalue1: 0
  }
  keytimes {
    datatype: AE_FLOAT_DATA
    timeOffset: 1
    inttype: AE_INTERP_LINEAR
    fvalue1: 0
  }
  keytimes {
    datatype: AE_FLOAT_DATA
    timeOffset: 1.1
    inttype: AE_INTERP_LINEAR
    fvalue1: 1
  }
  keytimes {
    datatype: AE_FLOAT_DATA
    timeOffset: 2.6
    inttype: AE_INTERP_LINEAR
    fvalue1: 1
  }
  keytimes {
    datatype: AE_FLOAT_DATA
    timeOffset: 2.66
    inttype: AE_INTERP_LINEAR
    fvalue1: 0
  }
  trackName: "Opacity"
}
markers {
  starttime: 1
  duration: 0.1
  name: "FocusIn"
  tracksSelection {
    targetid: 2783
    binding: OPACITY
  }
  tracksSelection {
    targetid: 2789
    binding: OPACITY
  }
  tracksSelection {
    targetid: 2790
    binding: OPACITY
  }
  tracksSelection {
    targetid: 2791
    binding: OPACITY
  }
  tracksSelection {
    targetid: 2792
    binding: OPACITY
  }
  alltracks: false
  id: 21
  looping: false
  properties {
    key: "recursive"
    value: "true"
  }
}
markers {
  starttime: 1.4
  duration: 0.1
  name: "Press"
  tracksSelection {
    targetid: 2783
    binding: OPACITY
  }
  alltracks: false
  id: 18
  looping: false
  properties {
    key: "recursive"
    value: "true"
  }
}
markers {
  starttime: 1.7
  duration: 0.1
  name: "Release"
  tracksSelection {
    targetid: 2783
    binding: OPACITY
  }
  alltracks: false
  id: 19
  looping: false
  properties {
    key: "recursive"
    value: "true"
  }
}
markers {
  starttime: 2.6
  duration: 0.06
  name: "FocusOut"
  tracksSelection {
    targetid: 2783
    binding: OPACITY
  }
  tracksSelection {
    targetid: 2789
    binding: OPACITY
  }
  tracksSelection {
    targetid: 2790
    binding: OPACITY
  }
  tracksSelection {
    targetid: 2791
    binding: OPACITY
  }
  tracksSelection {
    targetid: 2792
    binding: OPACITY
  }
  alltracks: false
  id: 22
  looping: false
  properties {
    key: "recursive"
    value: "true"
  }
}
