activecomp {
  name: "EPG_SideMenu-resize"
  width: 400
  height: 1015
  defaultcameradistance: 555.55554
  layer {
    name: "SideMenu"
    id: 2558
    sourceid: 2439
    transform {
      anchorPoint {
        x: 200
        y: 507.5
        z: 0
      }
      scale {
        x: 1
        y: 1
        z: 1
      }
      position {
        x: 200
        y: 507.5
        z: 0
      }
      orientation {
        x: 0
        y: 0
        z: 0
      }
      rotationX: 0
      rotationY: 0
      rotationZ: 0
      opacity: 1
    }
    acceptsshadows: true
    acceptslights: true
    castsshadows: false
  }
  bgcolor {
    alpha: 1
    red: 0.17254901960784313
    green: 0.17254901960784313
    blue: 0.17254901960784313
  }
  properties {
    key: "scale-mode"
    value: "fit"
  }
  childtemplates: "EPG_SideMenu"
}
sources {
  uid: 2439
  srctype: AE_COMP_SRC
  name: "EPG_SideMenu.layout"
  width: 400
  height: 1015
  copy_source: true
}
