tracks {
  binding: IS_VISIBLE
  targetid: 2167
  targetname: "Timeslot-3x-Placeholder-root"
  keytimes {
    datatype: AE_INT_DATA
    timeOffset: 0
    inttype: AE_INTERP_HOLD
    ivalue1: 1
  }
}
tracks {
  binding: IS_VISIBLE
  targetid: 2168
  targetname: "Timeslot-Placeholder-root"
  keytimes {
    datatype: AE_INT_DATA
    timeOffset: 0
    inttype: AE_INTERP_HOLD
    ivalue1: 1
  }
}
tracks {
  binding: IS_VISIBLE
  targetid: 2169
  targetname: "Timeslot-Half-Placeholder"
  keytimes {
    datatype: AE_INT_DATA
    timeOffset: 0
    inttype: AE_INTERP_HOLD
    ivalue1: 1
  }
}
markers {
  starttime: 1
  duration: 1.6
  name: "Loop"
  alltracks: false
  looping: false
  properties {
    key: "recursive"
    value: "true"
  }
}
