activecomp {
  name: "EPG_Lane-Placeholder3"
  width: 1710
  height: 134
  defaultcameradistance: 2375
  layer {
    name: "Timeslot-Placeholder-root"
    id: 2152
    sourceid: 2937
    transform {
      anchorPoint {
        x: 325
        y: 65
        z: 0
      }
      scale {
        x: 1
        y: 1
        z: 1
      }
      position {
        x: 973
        y: 67
        z: 0
      }
      orientation {
        x: 0
        y: 0
        z: 0
      }
      rotationX: 0
      rotationY: 0
      rotationZ: 0
      opacity: 1
    }
    acceptsshadows: true
    acceptslights: true
    castsshadows: false
  }
  layer {
    name: "Timeslot-Placeholder-root"
    id: 2153
    sourceid: 2937
    transform {
      anchorPoint {
        x: 325
        y: 65
        z: 0
      }
      scale {
        x: 1
        y: 1
        z: 1
      }
      position {
        x: 1625
        y: 67
        z: 0
      }
      orientation {
        x: 0
        y: 0
        z: 0
      }
      rotationX: 0
      rotationY: 0
      rotationZ: 0
      opacity: 1
    }
    acceptsshadows: true
    acceptslights: true
    castsshadows: false
  }
  layer {
    name: "Timeslot-Half-Placeholder"
    id: 2154
    sourceid: 2893
    transform {
      anchorPoint {
        x: 162.5
        y: 65
        z: 0
      }
      scale {
        x: 1
        y: 1
        z: 1
      }
      position {
        x: 162.5
        y: 67
        z: 0
      }
      orientation {
        x: 0
        y: 0
        z: 0
      }
      rotationX: 0
      rotationY: 0
      rotationZ: 0
      opacity: 1
    }
    acceptsshadows: true
    acceptslights: true
    castsshadows: false
  }
  layer {
    name: "Timeslot-Half-Placeholder"
    id: 2155
    sourceid: 2893
    transform {
      anchorPoint {
        x: 162.5
        y: 65
        z: 0
      }
      scale {
        x: 1
        y: 1
        z: 1
      }
      position {
        x: 486.5
        y: 67
        z: 0
      }
      orientation {
        x: 0
        y: 0
        z: 0
      }
      rotationX: 0
      rotationY: 0
      rotationZ: 0
      opacity: 1
    }
    acceptsshadows: true
    acceptslights: true
    castsshadows: false
  }
  bgcolor {
    alpha: 1
    red: 0.17254901960784313
    green: 0.17254901960784313
    blue: 0.17254901960784313
  }
  properties {
    key: "spacing"
    value: "0"
  }
  properties {
    key: "layout"
    value: "CYIRowLayout"
  }
  properties {
    key: "horizontal-scroll"
    value: "true"
  }
  properties {
    key: "vertical-scroll"
    value: "false"
  }
  childtemplates: "EPG_Timeslot-Placeholder-root"
  childtemplates: "EPG_Timeslot-Half-Placeholder"
}
sources {
  uid: 2937
  srctype: AE_COMP_SRC
  name: "EPG_Timeslot-Placeholder-root.layout"
  width: 650
  height: 130
  copy_source: true
}
sources {
  uid: 2893
  srctype: AE_COMP_SRC
  name: "EPG_Timeslot-Half-Placeholder.layout"
  width: 325
  height: 130
  copy_source: true
}
