tracks {
  binding: IS_VISIBLE
  targetid: 2508
  targetname: "ListItem-Text-Scale-JumpTo"
  keytimes {
    datatype: AE_INT_DATA
    timeOffset: 0
    inttype: AE_INTERP_HOLD
    ivalue1: 1
  }
}
tracks {
  binding: OPACITY
  targetid: 2508
  targetname: "ListItem-Text-Scale-JumpTo"
  keytimes {
    datatype: AE_FLOAT_DATA
    timeOffset: 0
    inttype: AE_INTERP_LINEAR
    fvalue1: 1
  }
  keytimes {
    datatype: AE_FLOAT_DATA
    timeOffset: 1
    inttype: AE_INTERP_LINEAR
    fvalue1: 1
  }
  keytimes {
    datatype: AE_FLOAT_DATA
    timeOffset: 1.2
    inttype: AE_INTERP_LINEAR
    fvalue1: 1
  }
  keytimes {
    datatype: AE_FLOAT_DATA
    timeOffset: 2
    inttype: AE_INTERP_LINEAR
    fvalue1: 1
  }
  keytimes {
    datatype: AE_FLOAT_DATA
    timeOffset: 2.2
    inttype: AE_INTERP_LINEAR
    fvalue1: 1
  }
  keytimes {
    datatype: AE_FLOAT_DATA
    timeOffset: 3
    inttype: AE_INTERP_LINEAR
    fvalue1: 1
  }
  keytimes {
    datatype: AE_FLOAT_DATA
    timeOffset: 3.2
    inttype: AE_INTERP_LINEAR
    fvalue1: 1
  }
  trackName: "Opacity"
}
tracks {
  binding: IS_VISIBLE
  targetid: 2509
  targetname: "SizingAnchor"
  keytimes {
    datatype: AE_INT_DATA
    timeOffset: 0
    inttype: AE_INTERP_HOLD
    ivalue1: 1
  }
}
markers {
  starttime: 1
  duration: 0.2
  name: "FocusIn"
  tracksSelection {
    targetid: 2508
    binding: OPACITY
  }
  alltracks: false
  id: 21
  looping: false
  properties {
    key: "recursive"
    value: "true"
  }
}
markers {
  starttime: 2
  duration: 0.2
  name: "Toggle-On"
  tracksSelection {
    targetid: 2508
    binding: OPACITY
  }
  alltracks: false
  id: 20
  looping: false
  properties {
    key: "recursive"
    value: "true"
  }
}
markers {
  starttime: 3
  duration: 0.2
  name: "FocusOut"
  tracksSelection {
    targetid: 2508
    binding: OPACITY
  }
  alltracks: false
  id: 22
  looping: false
  properties {
    key: "recursive"
    value: "true"
  }
}
