activecomp {
  name: "EPG_Timeslot-root"
  width: 650
  height: 130
  defaultcameradistance: 902.77777
  layer {
    name: "TimeslotLayout"
    id: 2949
    sourceid: 2961
    transform {
      anchorPoint {
        x: 325
        y: 65
        z: 0
      }
      scale {
        x: 1
        y: 1
        z: 1
      }
      position {
        x: 325
        y: 65
        z: 0
      }
      orientation {
        x: 0
        y: 0
        z: 0
      }
      rotationX: 0
      rotationY: 0
      rotationZ: 0
      opacity: 1
    }
    acceptsshadows: true
    acceptslights: true
    castsshadows: false
    properties {
      key: "width"
      value: "fill-parent"
    }
    properties {
      key: "height"
      value: "fill-parent"
    }
  }
  classname: "EPGAssetView"
  bgcolor {
    alpha: 1
    red: 0.17254901960784313
    green: 0.17254901960784313
    blue: 0.17254901960784313
  }
  properties {
    key: "usesCustomClass"
    value: "true"
  }
  properties {
    key: "spacing"
    value: "0"
  }
  properties {
    key: "layout"
    value: "CYIStackLayout"
  }
  childtemplates: "EPG_TimeslotLayout"
}
sources {
  uid: 2961
  srctype: AE_COMP_SRC
  name: "EPG_TimeslotLayout.layout"
  width: 650
  height: 130
  copy_source: true
}
