activecomp {
  name: "EPG_ListofLists-root"
  width: 1920
  height: 1015
  defaultcameradistance: 2666.6667
  layer {
    name: "ListofLists"
    id: 2366
    sourceid: 2323
    transform {
      anchorPoint {
        x: 960
        y: 507.5
        z: 0
      }
      scale {
        x: 1
        y: 1
        z: 1
      }
      position {
        x: 960
        y: 507.5
        z: 0
      }
      orientation {
        x: 0
        y: 0
        z: 0
      }
      rotationX: 0
      rotationY: 0
      rotationZ: 0
      opacity: 1
    }
    acceptsshadows: true
    acceptslights: true
    castsshadows: false
  }
  bgcolor {
    alpha: 1
    red: 0.17254901960784313
    green: 0.17254901960784313
    blue: 0.17254901960784313
  }
  properties {
    key: "layout"
    value: "CYIStackLayout"
  }
  childtemplates: "EPG_ListofLists"
}
sources {
  uid: 2323
  srctype: AE_COMP_SRC
  name: "EPG_ListofLists.layout"
  width: 1920
  height: 1015
  copy_source: true
}
