activecomp {
  name: "EPG_ListItem-Text-JumpTo"
  width: 400
  height: 100
  defaultcameradistance: 555.55554
  layer {
    name: "Underline"
    id: 2284
    sourceid: 2664
    transform {
      anchorPoint {
        x: 102.5
        y: 2
        z: 0
      }
      scale {
        x: 0
        y: 1
        z: 1
      }
      position {
        x: 200
        y: 76
        z: 0
      }
      orientation {
        x: 0
        y: 0
        z: 0
      }
      rotationX: 0
      rotationY: 0
      rotationZ: 0
      opacity: 0
    }
    acceptsshadows: true
    acceptslights: true
    castsshadows: false
    properties {
      key: "item-gravity"
      value: "bottom"
    }
    properties {
      key: "margin-bottom"
      value: "15"
    }
  }
  layer {
    name: "Text"
    id: 2285
    sourceid: -1
    transform {
      anchorPoint {
        x: 184.9632
        y: 12.749999
        z: 0
      }
      scale {
        x: 1
        y: 1
        z: 1
      }
      position {
        x: 199.5
        y: 46.67
        z: 0
      }
      orientation {
        x: 0
        y: 0
        z: 0
      }
      rotationX: 0
      rotationY: 0
      rotationZ: 0
      opacity: 0.8
    }
    acceptsshadows: true
    acceptslights: true
    castsshadows: false
    textinfo {
      justification: AE_TEXT_CENTER
      fontSize: 34
      fontColor {
        alpha: 1
        red: 0.92156994342803955
        green: 0.92156994342803955
        blue: 0.92156994342803955
      }
      fontName: "ATTAleckSans-Regular"
      isPointText: false
      boundsWidth: 372
      boundsHeight: 37
      isLabel: true
      text: ""
      multiline: true
      isAllCaps: false
    }
    properties {
      key: "text-placeholder"
      value: "true"
    }
  }
  layer {
    name: "Text-Active"
    id: 2286
    sourceid: -1
    transform {
      anchorPoint {
        x: 184.9632
        y: 12.749999
        z: 0
      }
      scale {
        x: 1
        y: 1
        z: 1
      }
      position {
        x: 199.5
        y: 46.67
        z: 0
      }
      orientation {
        x: 0
        y: 0
        z: 0
      }
      rotationX: 0
      rotationY: 0
      rotationZ: 0
      opacity: 0.02
    }
    acceptsshadows: true
    acceptslights: true
    castsshadows: false
    textinfo {
      justification: AE_TEXT_CENTER
      fontSize: 34
      fontColor {
        alpha: 1
        red: 0.92156994342803955
        green: 0.92156994342803955
        blue: 0.92156994342803955
      }
      fontName: "ATTAleckSans-Medium"
      isPointText: false
      boundsWidth: 372
      boundsHeight: 37
      isLabel: true
      text: ""
      multiline: true
      ellipsis: true
      isAllCaps: false
    }
    properties {
      key: "text-placeholder"
      value: "true"
    }
    properties {
      key: "text-overflow"
      value: "ellipsis"
    }
  }
  layer {
    name: "chevronRight.png"
    id: 2287
    sourceid: 1869
    transform {
      anchorPoint {
        x: 14
        y: 14
        z: 0
      }
      scale {
        x: 1.6
        y: 1.6
        z: 1
      }
      position {
        x: 377.6
        y: 47
        z: 0
      }
      orientation {
        x: 0
        y: 0
        z: 0
      }
      rotationX: 0
      rotationY: 0
      rotationZ: -90
      opacity: 0.6
    }
    acceptsshadows: true
    acceptslights: true
    castsshadows: false
    properties {
      key: "item-gravity"
      value: "right"
    }
  }
  bgcolor {
    alpha: 1
    red: 0.17254901960784313
    green: 0.17254901960784313
    blue: 0.17254901960784313
  }
  properties {
    key: "spacing"
    value: "14"
  }
  properties {
    key: "gravity"
    value: "center"
  }
}
sources {
  uid: 2664
  srctype: AE_SOLID_SRC
  color {
    alpha: 1
    red: 0
    green: 0.62352943420410156
    blue: 0.85882353782653809
  }
  width: 205
  height: 4
  copy_source: false
}
sources {
  uid: 2
  srctype: AE_FONT_SRC
  name: "ATTAleckSans-Regular"
  copy_source: true
  file_name: "yi_ATT Aleck Sans-Regular.ttf"
  style_name: "Regular"
}
sources {
  uid: 3
  srctype: AE_FONT_SRC
  name: "ATTAleckSans-Medium"
  copy_source: true
  file_name: "yi_ATT Aleck Sans-Medium.ttf"
  style_name: "Medium"
}
sources {
  uid: 1869
  srctype: AE_IMAGE_SRC
  name: "chevronRight.png"
  width: 28
  height: 28
  numberOfFrames: 1
  fps: 0
  loops: 1
  copy_source: true
}
