activecomp {
  name: "EPG_Preview-OnNow-Content-List"
  width: 1701
  height: 791
  defaultcameradistance: 2362.5
  layer {
    name: "Lane-OnNow-root"
    id: 3278
    sourceid: 3347
    transform {
      anchorPoint {
        x: 850.5
        y: 181
        z: 0
      }
      scale {
        x: 1
        y: 1
        z: 1
      }
      position {
        x: 850.5
        y: 181
        z: 0
      }
      orientation {
        x: 0
        y: 0
        z: 0
      }
      rotationX: 0
      rotationY: 0
      rotationZ: 0
      opacity: 1
    }
    acceptsshadows: true
    acceptslights: true
    castsshadows: false
    properties {
      key: "placeholder"
      value: "true"
    }
  }
  classname: "CYIListView"
  bgcolor {
    alpha: 1
    red: 0.17254901960784313
    green: 0.17254901960784313
    blue: 0.17254901960784313
  }
  properties {
    key: "componentSubtype"
    value: "streaming"
  }
  properties {
    key: "componentType"
    value: "list"
  }
  properties {
    key: "layout"
    value: "CYIColumnLayout"
  }
  properties {
    key: "time-interpolator"
    value: "CYIInterpolateLinear"
  }
  properties {
    key: "horizontal-scroll"
    value: "false"
  }
  properties {
    key: "vertical-scroll"
    value: "true"
  }
  properties {
    key: "cascade-delay"
    value: "1"
  }
  properties {
    key: "spacing"
    value: "0.0"
  }
  properties {
    key: "insert-after-layer-id"
    value: "-1"
  }
  childtemplates: "EPG_Lane-OnNow-root"
}
sources {
  uid: 3347
  srctype: AE_COMP_SRC
  name: "EPG_Lane-OnNow-root.layout"
  width: 1701
  height: 362
  copy_source: true
}
