activecomp {
  name: "EPG_Favouriteslot-OnNow"
  width: 80
  height: 362
  defaultcameradistance: 111.11111
  layer {
    name: "Scaler"
    id: 3496
    sourceid: 3620
    transform {
      anchorPoint {
        x: 40
        y: 0
        z: 0
      }
      scale {
        x: 1
        y: 0.36
        z: 1
      }
      position {
        x: 40
        y: 0
        z: 0
      }
      orientation {
        x: 0
        y: 0
        z: 0
      }
      rotationX: 0
      rotationY: 0
      rotationZ: 0
      opacity: 0
    }
    acceptsshadows: true
    acceptslights: true
    castsshadows: false
  }
  layer {
    name: "BG"
    id: 3497
    sourceid: 2655
    transform {
      anchorPoint {
        x: 40
        y: 0
        z: 0
      }
      scale {
        x: 1
        y: 1
        z: 1
      }
      position {
        x: 40
        y: 0
        z: 0
      }
      orientation {
        x: 0
        y: 0
        z: 0
      }
      rotationX: 0
      rotationY: 0
      rotationZ: 0
      opacity: 0
    }
    acceptsshadows: true
    acceptslights: true
    castsshadows: false
    properties {
      key: "width"
      value: "fill-parent"
    }
    properties {
      key: "item-gravity"
      value: "center"
    }
    properties {
      key: "height"
      value: "fill-parent"
    }
    properties {
      key: "layoutable"
      value: "false"
    }
  }
  layer {
    name: "borderTop-Focus"
    id: 3498
    sourceid: 3561
    transform {
      anchorPoint {
        x: 34
        y: 3
        z: 0
      }
      scale {
        x: 1
        y: 1
        z: 1
      }
      position {
        x: 40
        y: 3
        z: 0
      }
      orientation {
        x: 0
        y: 0
        z: 0
      }
      rotationX: 0
      rotationY: 0
      rotationZ: 0
      opacity: 0
    }
    acceptsshadows: true
    acceptslights: true
    castsshadows: false
    properties {
      key: "item-gravity"
      value: "top"
    }
    properties {
      key: "width"
      value: "fill-parent"
    }
    properties {
      key: "margin-left"
      value: "6"
    }
    properties {
      key: "margin-right"
      value: "6"
    }
    properties {
      key: "layoutable"
      value: "false"
    }
  }
  layer {
    name: "borderBottom-Focus"
    id: 3499
    sourceid: 3559
    transform {
      anchorPoint {
        x: 34
        y: 3
        z: 0
      }
      scale {
        x: 1
        y: 1
        z: 1
      }
      position {
        x: 40
        y: 127
        z: 0
      }
      orientation {
        x: 0
        y: 0
        z: 0
      }
      rotationX: 0
      rotationY: 0
      rotationZ: 0
      opacity: 0
    }
    acceptsshadows: true
    acceptslights: true
    castsshadows: false
    properties {
      key: "item-gravity"
      value: "bottom"
    }
    properties {
      key: "width"
      value: "fill-parent"
    }
    properties {
      key: "margin-right"
      value: "6"
    }
    properties {
      key: "margin-left"
      value: "6"
    }
    properties {
      key: "layoutable"
      value: "false"
    }
  }
  layer {
    name: "borderLeft-Focus"
    id: 3500
    sourceid: 2658
    transform {
      anchorPoint {
        x: 3
        y: 0
        z: 0
      }
      scale {
        x: 1
        y: 1
        z: 1
      }
      position {
        x: 3
        y: 0
        z: 0
      }
      orientation {
        x: 0
        y: 0
        z: 0
      }
      rotationX: 0
      rotationY: 0
      rotationZ: 0
      opacity: 0
    }
    acceptsshadows: true
    acceptslights: true
    castsshadows: false
    properties {
      key: "item-gravity"
      value: "left"
    }
    properties {
      key: "height"
      value: "fill-parent"
    }
    properties {
      key: "layoutable"
      value: "false"
    }
  }
  layer {
    name: "borderRight-Focus"
    id: 3501
    sourceid: 2657
    transform {
      anchorPoint {
        x: 3
        y: 0
        z: 0
      }
      scale {
        x: 1
        y: 1
        z: 1
      }
      position {
        x: 77
        y: 0
        z: 0
      }
      orientation {
        x: 0
        y: 0
        z: 0
      }
      rotationX: 0
      rotationY: 0
      rotationZ: 0
      opacity: 0
    }
    acceptsshadows: true
    acceptslights: true
    castsshadows: false
    properties {
      key: "item-gravity"
      value: "right"
    }
    properties {
      key: "height"
      value: "fill-parent"
    }
    properties {
      key: "layoutable"
      value: "false"
    }
  }
  layer {
    name: "Favourirte-OnNow-Icon-Container"
    id: 3502
    sourceid: 3514
    transform {
      anchorPoint {
        x: 40
        y: 0
        z: 0
      }
      scale {
        x: 1
        y: 1
        z: 1
      }
      position {
        x: 40
        y: 0
        z: 0
      }
      orientation {
        x: 0
        y: 0
        z: 0
      }
      rotationX: 0
      rotationY: 0
      rotationZ: 0
      opacity: 1
    }
    acceptsshadows: true
    acceptslights: true
    castsshadows: false
    properties {
      key: "item-gravity"
      value: "center"
    }
    properties {
      key: "max-height"
      value: "130"
    }
    properties {
      key: "layoutable"
      value: "false"
    }
  }
  classname: "CYIToggleButtonView"
  bgcolor {
    alpha: 1
    red: 0
    green: 0
    blue: 0
  }
  properties {
    key: "componentSubtype"
    value: "toggle"
  }
  properties {
    key: "componentType"
    value: "button"
  }
  properties {
    key: "layout"
    value: "CYIStackLayout"
  }
  properties {
    key: "clip"
    value: "false"
  }
  properties {
    key: "height"
    value: "fit-content"
  }
  properties {
    key: "time-interpolator"
    value: "CYIInterpolateLinear"
  }
  childtemplates: "EPG_Favourirte-OnNow-Icon-Container"
}
sources {
  uid: 3620
  srctype: AE_SOLID_SRC
  color {
    alpha: 1
    red: 0.82226479053497314
    green: 0.889546275138855
    blue: 0.9149356484413147
  }
  width: 80
  height: 362
  copy_source: false
}
sources {
  uid: 2655
  srctype: AE_SOLID_SRC
  color {
    alpha: 1
    red: 0.074509806931018829
    green: 0.15294118225574493
    blue: 0.20000000298023224
  }
  width: 80
  height: 130
  copy_source: false
}
sources {
  uid: 3561
  srctype: AE_SOLID_SRC
  color {
    alpha: 1
    red: 0
    green: 0.62352943420410156
    blue: 0.85882353782653809
  }
  width: 68
  height: 6
  copy_source: false
}
sources {
  uid: 3559
  srctype: AE_SOLID_SRC
  color {
    alpha: 1
    red: 0
    green: 0.62352943420410156
    blue: 0.85882353782653809
  }
  width: 68
  height: 6
  copy_source: false
}
sources {
  uid: 2658
  srctype: AE_SOLID_SRC
  color {
    alpha: 1
    red: 0
    green: 0.62352943420410156
    blue: 0.85882353782653809
  }
  width: 6
  height: 130
  copy_source: false
}
sources {
  uid: 2657
  srctype: AE_SOLID_SRC
  color {
    alpha: 1
    red: 0
    green: 0.62352943420410156
    blue: 0.85882353782653809
  }
  width: 6
  height: 130
  copy_source: false
}
sources {
  uid: 3514
  srctype: AE_COMP_SRC
  name: "EPG_Favourirte-OnNow-Icon-Container.layout"
  width: 80
  height: 130
  copy_source: true
}
