tracks {
  binding: IS_VISIBLE
  targetid: 2138
  targetname: "Timeslot-Half-Placeholder-root"
  keytimes {
    datatype: AE_INT_DATA
    timeOffset: 0
    inttype: AE_INTERP_HOLD
    ivalue1: 1
  }
}
tracks {
  binding: IS_VISIBLE
  targetid: 2139
  targetname: "Timeslot-Half-Placeholder-root"
  keytimes {
    datatype: AE_INT_DATA
    timeOffset: 0
    inttype: AE_INTERP_HOLD
    ivalue1: 1
  }
}
tracks {
  binding: IS_VISIBLE
  targetid: 2140
  targetname: "Timeslot-2x-Placeholder-root"
  keytimes {
    datatype: AE_INT_DATA
    timeOffset: 0
    inttype: AE_INTERP_HOLD
    ivalue1: 1
  }
}
markers {
  starttime: 1
  duration: 1.6
  name: "Loop"
  alltracks: false
  looping: false
  properties {
    key: "recursive"
    value: "true"
  }
}
