activecomp {
  name: "EPG_SideMenu-ListItem-resize"
  width: 400
  height: 100
  defaultcameradistance: 555.55554
  layer {
    name: "ListItem-Text-Scale"
    id: 2546
    sourceid: 2299
    transform {
      anchorPoint {
        x: 17.5
        y: 50
        z: 0
      }
      scale {
        x: 1
        y: 1
        z: 1
      }
      position {
        x: 200
        y: 50
        z: 0
      }
      orientation {
        x: 0
        y: 0
        z: 0
      }
      rotationX: 0
      rotationY: 0
      rotationZ: 0
      opacity: 1
    }
    acceptsshadows: true
    acceptslights: true
    castsshadows: false
    properties {
      key: "width"
      value: "fill-parent"
    }
  }
  classname: "CYIToggleButtonView"
  bgcolor {
    alpha: 1
    red: 0.17254901960784313
    green: 0.17254901960784313
    blue: 0.17254901960784313
  }
  properties {
    key: "layout"
    value: "CYIStackLayout"
  }
  properties {
    key: "componentSubtype"
    value: "toggle"
  }
  properties {
    key: "componentType"
    value: "button"
  }
  childtemplates: "EPG_ListItem-Text-Scale"
}
sources {
  uid: 2299
  srctype: AE_COMP_SRC
  name: "EPG_ListItem-Text-Scale.layout"
  width: 35
  height: 100
  copy_source: true
}
