tracks {
  binding: IS_VISIBLE
  targetid: 3199
  targetname: "Heart-Outline.png"
  keytimes {
    datatype: AE_INT_DATA
    timeOffset: 0
    inttype: AE_INTERP_HOLD
    ivalue1: 1
  }
}
tracks {
  binding: IS_VISIBLE
  targetid: 3200
  targetname: "Heart.png"
  keytimes {
    datatype: AE_INT_DATA
    timeOffset: 0
    inttype: AE_INTERP_HOLD
    ivalue1: 1
  }
}
tracks {
  binding: OPACITY
  targetid: 3200
  targetname: "Heart.png"
  keytimes {
    datatype: AE_FLOAT_DATA
    timeOffset: 0
    inttype: AE_INTERP_LINEAR
    fvalue1: 0
  }
  keytimes {
    datatype: AE_FLOAT_DATA
    timeOffset: 4.004004
    inttype: AE_INTERP_LINEAR
    fvalue1: 0
  }
  keytimes {
    datatype: AE_FLOAT_DATA
    timeOffset: 4.3376708
    inttype: AE_INTERP_LINEAR
    fvalue1: 1
  }
  trackName: "Opacity"
}
markers {
  starttime: 4.004004
  duration: 0.333667
  name: "Toggle-On"
  tracksSelection {
    targetid: 3200
    binding: OPACITY
  }
  alltracks: false
  id: 20
  looping: false
  properties {
    key: "recursive"
    value: "true"
  }
}
