activecomp {
  name: "EPG_SideMenu-FilterList"
  width: 400
  height: 741
  defaultcameradistance: 555.55554
  layer {
    name: "SideMenu-ListItem"
    id: 2482
    sourceid: 2533
    transform {
      anchorPoint {
        x: 200
        y: 50
        z: 0
      }
      scale {
        x: 1
        y: 1
        z: 1
      }
      position {
        x: 200
        y: 50
        z: 0
      }
      orientation {
        x: 0
        y: 0
        z: 0
      }
      rotationX: 0
      rotationY: 0
      rotationZ: 0
      opacity: 1
    }
    acceptsshadows: true
    acceptslights: true
    castsshadows: false
    properties {
      key: "placeholder"
      value: "true"
    }
  }
  classname: "CYIListView"
  bgcolor {
    alpha: 1
    red: 0.17254901960784313
    green: 0.17254901960784313
    blue: 0.17254901960784313
  }
  properties {
    key: "layout"
    value: "CYIColumnLayout"
  }
  properties {
    key: "spacing"
    value: "0"
  }
  properties {
    key: "horizontal-scroll"
    value: "false"
  }
  properties {
    key: "vertical-scroll"
    value: "true"
  }
  properties {
    key: "componentSubtype"
    value: "streaming"
  }
  properties {
    key: "componentType"
    value: "list"
  }
  properties {
    key: "clip"
    value: "true"
  }
  properties {
    key: "insert-after-layer-id"
    value: "-1"
  }
  childtemplates: "EPG_SideMenu-ListItem"
}
sources {
  uid: 2533
  srctype: AE_COMP_SRC
  name: "EPG_SideMenu-ListItem.layout"
  width: 400
  height: 100
  copy_source: true
}
