activecomp {
  name: "EPG_Preview-Main-Text"
  width: 664
  height: 222
  defaultcameradistance: 922.22223
  layer {
    name: "Text-Description"
    id: 3090
    sourceid: -1
    transform {
      anchorPoint {
        x: 0.80000007
        y: 14.739609
        z: 0
      }
      scale {
        x: 1
        y: 1
        z: 1
      }
      position {
        x: 40
        y: 149.61688
        z: 0
      }
      orientation {
        x: 0
        y: 0
        z: 0
      }
      rotationX: 0
      rotationY: 0
      rotationZ: 0
      opacity: 0.8
    }
    acceptsshadows: true
    acceptslights: true
    castsshadows: false
    textinfo {
      justification: AE_TEXT_LEFT
      fontSize: 28
      fontColor {
        alpha: 1
        red: 0.92156994342803955
        green: 0.92156994342803955
        blue: 0.92156994342803955
      }
      fontName: "ATTAleckSans-Regular"
      isPointText: false
      boundsWidth: 630
      boundsHeight: 80
      isLabel: true
      text: ""
      multiline: true
      ellipsis: true
      isAllCaps: false
    }
    properties {
      key: "text-placeholder"
      value: "true"
    }
    properties {
      key: "text-overflow"
      value: "ellipsis"
    }
    properties {
      key: "width"
      value: "fill-parent"
    }
  }
  layer {
    name: "Text-Metadata"
    id: 3091
    sourceid: -1
    transform {
      anchorPoint {
        x: 0.80000007
        y: 14.739609
        z: 0
      }
      scale {
        x: 1
        y: 1
        z: 1
      }
      position {
        x: 39.044006
        y: 104.23982
        z: 0
      }
      orientation {
        x: 0
        y: 0
        z: 0
      }
      rotationX: 0
      rotationY: 0
      rotationZ: 0
      opacity: 0.6
    }
    acceptsshadows: true
    acceptslights: true
    castsshadows: false
    textinfo {
      justification: AE_TEXT_LEFT
      fontSize: 28
      fontColor {
        alpha: 1
        red: 0.92156994342803955
        green: 0.92156994342803955
        blue: 0.92156994342803955
      }
      fontName: "ATTAleckSans-Regular"
      isPointText: false
      boundsWidth: 719
      boundsHeight: 25
      isLabel: true
      text: ""
      multiline: true
      ellipsis: true
      isAllCaps: false
    }
    properties {
      key: "text-placeholder"
      value: "true"
    }
    properties {
      key: "text-overflow"
      value: "ellipsis"
    }
    properties {
      key: "width"
      value: "fill-parent"
    }
  }
  layer {
    name: "Text-Title"
    id: 3092
    sourceid: -1
    transform {
      anchorPoint {
        x: 5.9604645e-08
        y: 14.739609
        z: 0
      }
      scale {
        x: 1
        y: 1
        z: 1
      }
      position {
        x: 34
        y: 47.239609
        z: 0
      }
      orientation {
        x: 0
        y: 0
        z: 0
      }
      rotationX: 0
      rotationY: 0
      rotationZ: 0
      opacity: 1
    }
    acceptsshadows: true
    acceptslights: true
    castsshadows: false
    textinfo {
      justification: AE_TEXT_LEFT
      fontSize: 42
      fontColor {
        alpha: 1
        red: 0.92156994342803955
        green: 0.92156994342803955
        blue: 0.92156994342803955
      }
      fontName: "ATTAleckSans-Regular"
      isPointText: false
      boundsWidth: 630
      boundsHeight: 47
      isLabel: true
      text: ""
      multiline: true
      ellipsis: true
      isAllCaps: false
    }
    properties {
      key: "text-placeholder"
      value: "true"
    }
    properties {
      key: "text-overflow"
      value: "ellipsis"
    }
    properties {
      key: "width"
      value: "fill-parent"
    }
    properties {
      key: "margin-bottom"
      value: "5"
    }
  }
  bgcolor {
    alpha: 1
    red: 0.17254901960784313
    green: 0.17254901960784313
    blue: 0.17254901960784313
  }
  properties {
    key: "layout"
    value: "CYIColumnLayout"
  }
  properties {
    key: "spacing"
    value: "0.0"
  }
  properties {
    key: "gravity"
    value: "left"
  }
  properties {
    key: "padding-left"
    value: "25"
  }
}
sources {
  uid: 1
  srctype: AE_FONT_SRC
  name: "ATTAleckSans-Regular"
  copy_source: true
  file_name: "yi_ATT Aleck Sans-Regular.ttf"
  style_name: "Regular"
}
