activecomp {
  name: "EPG_ChannelListings-Menu"
  width: 592
  height: 1080
  defaultcameradistance: 822.22223
  layer {
    name: "Favorite-Button"
    id: 3181
    sourceid: 3221
    transform {
      anchorPoint {
        x: 95
        y: 25
        z: 0
      }
      scale {
        x: 1
        y: 1
        z: 1
      }
      position {
        x: 237
        y: 577
        z: 0
      }
      orientation {
        x: 0
        y: 0
        z: 0
      }
      rotationX: 0
      rotationY: 0
      rotationZ: 0
      opacity: 1
    }
    acceptsshadows: true
    acceptslights: true
    castsshadows: false
  }
  layer {
    name: "Text-Channel"
    id: 3182
    sourceid: -1
    transform {
      anchorPoint {
        x: 0.70199585
        y: 9.8799992
        z: 0
      }
      scale {
        x: 1
        y: 1
        z: 1
      }
      position {
        x: 142
        y: 399.88
        z: 0
      }
      orientation {
        x: 0
        y: 0
        z: 0
      }
      rotationX: 0
      rotationY: 0
      rotationZ: 0
      opacity: 0.6
    }
    acceptsshadows: true
    acceptslights: true
    castsshadows: false
    textinfo {
      justification: AE_TEXT_LEFT
      fontSize: 28
      fontColor {
        alpha: 1
        red: 0.92156994342803955
        green: 0.92156994342803955
        blue: 0.92156994342803955
      }
      fontName: "ATTAleckSans-Regular"
      isPointText: false
      boundsWidth: 301
      boundsHeight: 25
      isLabel: true
      text: ""
      multiline: true
      isAllCaps: false
    }
    properties {
      key: "text-placeholder"
      value: "true"
    }
  }
  layer {
    name: "Image"
    id: 3183
    sourceid: 2096
    transform {
      anchorPoint {
        x: 148.5
        y: 111
        z: 0
      }
      scale {
        x: 1
        y: 1
        z: 1
      }
      position {
        x: 296
        y: 231
        z: 0
      }
      orientation {
        x: 0
        y: 0
        z: 0
      }
      rotationX: 0
      rotationY: 0
      rotationZ: 0
      opacity: 1
    }
    acceptsshadows: true
    acceptslights: true
    castsshadows: false
  }
  layer {
    name: "ViewLibrary-Button"
    id: 3184
    sourceid: 3241
    transform {
      anchorPoint {
        x: 120
        y: 25
        z: 0
      }
      scale {
        x: 1
        y: 1
        z: 1
      }
      position {
        x: 262
        y: 515
        z: 0
      }
      orientation {
        x: 0
        y: 0
        z: 0
      }
      rotationX: 0
      rotationY: 0
      rotationZ: 0
      opacity: 1
    }
    acceptsshadows: true
    acceptslights: true
    castsshadows: false
  }
  bgcolor {
    alpha: 1
    red: 0.17254901960784313
    green: 0.17254901960784313
    blue: 0.17254901960784313
  }
  childtemplates: "EPG_Favorite-Button"
  childtemplates: "EPG_Image"
  childtemplates: "EPG_ViewLibrary-Button"
}
sources {
  uid: 3221
  srctype: AE_COMP_SRC
  name: "EPG_Favorite-Button.layout"
  width: 190
  height: 50
  copy_source: true
}
sources {
  uid: 2
  srctype: AE_FONT_SRC
  name: "ATTAleckSans-Regular"
  copy_source: true
  file_name: "yi_ATT Aleck Sans-Regular.ttf"
  style_name: "Regular"
}
sources {
  uid: 2096
  srctype: AE_COMP_SRC
  name: "EPG_Image.layout"
  width: 297
  height: 222
  copy_source: true
}
sources {
  uid: 3241
  srctype: AE_COMP_SRC
  name: "EPG_ViewLibrary-Button.layout"
  width: 240
  height: 50
  copy_source: true
}
