activecomp {
  name: "EPG_Channelslot-OnNow"
  width: 130
  height: 362
  defaultcameradistance: 180.55556
  layer {
    name: "Scaler"
    id: 3587
    sourceid: 3622
    transform {
      anchorPoint {
        x: 65
        y: 0
        z: 0
      }
      scale {
        x: 1
        y: 0.38
        z: 1
      }
      position {
        x: 65
        y: 0
        z: 0
      }
      orientation {
        x: 0
        y: 0
        z: 0
      }
      rotationX: 0
      rotationY: 0
      rotationZ: 0
      opacity: 0
    }
    acceptsshadows: true
    acceptslights: true
    castsshadows: false
  }
  layer {
    name: "BG"
    id: 3588
    sourceid: 2654
    transform {
      anchorPoint {
        x: 65
        y: 0
        z: 0
      }
      scale {
        x: 1
        y: 1
        z: 1
      }
      position {
        x: 65
        y: -1.4210855e-14
        z: 0
      }
      orientation {
        x: 0
        y: 0
        z: 0
      }
      rotationX: 0
      rotationY: 0
      rotationZ: 0
      opacity: 0
    }
    acceptsshadows: true
    acceptslights: true
    castsshadows: false
    properties {
      key: "width"
      value: "fill-parent"
    }
    properties {
      key: "item-gravity"
      value: "center"
    }
    properties {
      key: "height"
      value: "fill-parent"
    }
    properties {
      key: "layoutable"
      value: "false"
    }
  }
  layer {
    name: "borderRight-Focus"
    id: 3589
    sourceid: 2657
    transform {
      anchorPoint {
        x: 3
        y: 0
        z: 0
      }
      scale {
        x: 1
        y: 1
        z: 1
      }
      position {
        x: 127
        y: 0
        z: 0
      }
      orientation {
        x: 0
        y: 0
        z: 0
      }
      rotationX: 0
      rotationY: 0
      rotationZ: 0
      opacity: 0
    }
    acceptsshadows: true
    acceptslights: true
    castsshadows: false
    properties {
      key: "item-gravity"
      value: "right"
    }
    properties {
      key: "height"
      value: "fill-parent"
    }
    properties {
      key: "layoutable"
      value: "false"
    }
  }
  layer {
    name: "borderLeft-Focus"
    id: 3590
    sourceid: 2658
    transform {
      anchorPoint {
        x: 3
        y: 0
        z: 0
      }
      scale {
        x: 1
        y: 1
        z: 1
      }
      position {
        x: 3
        y: 0
        z: 0
      }
      orientation {
        x: 0
        y: 0
        z: 0
      }
      rotationX: 0
      rotationY: 0
      rotationZ: 0
      opacity: 0
    }
    acceptsshadows: true
    acceptslights: true
    castsshadows: false
    properties {
      key: "item-gravity"
      value: "left"
    }
    properties {
      key: "height"
      value: "fill-parent"
    }
    properties {
      key: "layoutable"
      value: "false"
    }
  }
  layer {
    name: "borderBottom-Focus"
    id: 3591
    sourceid: 2620
    transform {
      anchorPoint {
        x: 59
        y: 3
        z: 0
      }
      scale {
        x: 1
        y: 1
        z: 1
      }
      position {
        x: 65
        y: 127
        z: 0
      }
      orientation {
        x: 0
        y: 0
        z: 0
      }
      rotationX: 0
      rotationY: 0
      rotationZ: 0
      opacity: 0
    }
    acceptsshadows: true
    acceptslights: true
    castsshadows: false
    properties {
      key: "item-gravity"
      value: "bottom"
    }
    properties {
      key: "width"
      value: "fill-parent"
    }
    properties {
      key: "margin-right"
      value: "6"
    }
    properties {
      key: "margin-left"
      value: "6"
    }
    properties {
      key: "layoutable"
      value: "false"
    }
  }
  layer {
    name: "borderTop-Focus"
    id: 3592
    sourceid: 2630
    transform {
      anchorPoint {
        x: 59
        y: 3
        z: 0
      }
      scale {
        x: 1
        y: 1
        z: 1
      }
      position {
        x: 65
        y: 3
        z: 0
      }
      orientation {
        x: 0
        y: 0
        z: 0
      }
      rotationX: 0
      rotationY: 0
      rotationZ: 0
      opacity: 0
    }
    acceptsshadows: true
    acceptslights: true
    castsshadows: false
    properties {
      key: "item-gravity"
      value: "top"
    }
    properties {
      key: "width"
      value: "fill-parent"
    }
    properties {
      key: "margin-left"
      value: "6"
    }
    properties {
      key: "margin-right"
      value: "6"
    }
    properties {
      key: "layoutable"
      value: "false"
    }
  }
  layer {
    name: "ChannelImage"
    id: 3593
    sourceid: 1877
    transform {
      anchorPoint {
        x: 37.5
        y: 37.5
        z: 0
      }
      scale {
        x: 1.22
        y: 1.22
        z: 1
      }
      position {
        x: 65
        y: 65
        z: 0
      }
      orientation {
        x: 0
        y: 0
        z: 0
      }
      rotationX: 0
      rotationY: 0
      rotationZ: 0
      opacity: 1
    }
    acceptsshadows: true
    acceptslights: true
    castsshadows: false
    properties {
      key: "item-gravity"
      value: "center"
    }
    properties {
      key: "max-height"
      value: "75"
    }
    properties {
      key: "max-width"
      value: "75"
    }
    properties {
      key: "width"
      value: "fill-parent"
    }
    properties {
      key: "height"
      value: "fill-parent"
    }
    properties {
      key: "layoutable"
      value: "false"
    }
  }
  classname: "CYIPushButtonView"
  bgcolor {
    alpha: 1
    red: 0.17254901960784313
    green: 0.17254901960784313
    blue: 0.17254901960784313
  }
  properties {
    key: "layout"
    value: "CYIStackLayout"
  }
  properties {
    key: "componentSubtype"
    value: "push"
  }
  properties {
    key: "componentType"
    value: "button"
  }
  properties {
    key: "spacing"
    value: "0"
  }
  properties {
    key: "time-interpolator"
    value: "CYIInterpolateLinear"
  }
  properties {
    key: "height"
    value: "fit-content"
  }
  childtemplates: "EPG_ChannelImage"
}
sources {
  uid: 3622
  srctype: AE_SOLID_SRC
  color {
    alpha: 1
    red: 0.82226502895355225
    green: 0.8895459771156311
    blue: 0.91493600606918335
  }
  width: 130
  height: 362
  copy_source: false
}
sources {
  uid: 2654
  srctype: AE_SOLID_SRC
  color {
    alpha: 1
    red: 0.074509806931018829
    green: 0.15294118225574493
    blue: 0.20000000298023224
  }
  width: 130
  height: 130
  copy_source: false
}
sources {
  uid: 2657
  srctype: AE_SOLID_SRC
  color {
    alpha: 1
    red: 0
    green: 0.62352943420410156
    blue: 0.85882353782653809
  }
  width: 6
  height: 130
  copy_source: false
}
sources {
  uid: 2658
  srctype: AE_SOLID_SRC
  color {
    alpha: 1
    red: 0
    green: 0.62352943420410156
    blue: 0.85882353782653809
  }
  width: 6
  height: 130
  copy_source: false
}
sources {
  uid: 2620
  srctype: AE_SOLID_SRC
  color {
    alpha: 1
    red: 0
    green: 0.62352943420410156
    blue: 0.85882353782653809
  }
  width: 118
  height: 6
  copy_source: false
}
sources {
  uid: 2630
  srctype: AE_SOLID_SRC
  color {
    alpha: 1
    red: 0
    green: 0.62352943420410156
    blue: 0.85882353782653809
  }
  width: 118
  height: 6
  copy_source: false
}
sources {
  uid: 1877
  srctype: AE_COMP_SRC
  name: "EPG_ChannelImage.layout"
  width: 75
  height: 75
  copy_source: true
}
