activecomp {
  name: "EPG_Preview-Asset-root"
  width: 1270
  height: 240
  defaultcameradistance: 1763.8889
  layer {
    name: "Preview-Asset"
    id: 3032
    sourceid: 2974
    transform {
      anchorPoint {
        x: 635
        y: 120
        z: 0
      }
      scale {
        x: 1
        y: 1
        z: 1
      }
      position {
        x: 635
        y: 120
        z: 0
      }
      orientation {
        x: 0
        y: 0
        z: 0
      }
      rotationX: 0
      rotationY: 0
      rotationZ: 0
      opacity: 1
    }
    acceptsshadows: true
    acceptslights: true
    castsshadows: false
  }
  bgcolor {
    alpha: 1
    red: 0.17254901960784313
    green: 0.17254901960784313
    blue: 0.17254901960784313
  }
  properties {
    key: "layout"
    value: "CYIStackLayout"
  }
  properties {
    key: "clip"
    value: "false"
  }
  properties {
    key: "time-interpolator"
    value: "CYIInterpolateLinear"
  }
  properties {
    key: "height"
    value: "fit-content"
  }
  childtemplates: "EPG_Preview-Asset"
}
sources {
  uid: 2974
  srctype: AE_COMP_SRC
  name: "EPG_Preview-Asset.layout"
  width: 1270
  height: 240
  copy_source: true
}
