activecomp {
  name: "EPG_Favouriteslot-OnNow-root"
  width: 80
  height: 130
  defaultcameradistance: 111.11111
  layer {
    name: "Favouriteslot-OnNow"
    id: 3483
    sourceid: 3496
    transform {
      anchorPoint {
        x: 40
        y: 181
        z: 0
      }
      scale {
        x: 1
        y: 1
        z: 1
      }
      position {
        x: 40
        y: 65
        z: 0
      }
      orientation {
        x: 0
        y: 0
        z: 0
      }
      rotationX: 0
      rotationY: 0
      rotationZ: 0
      opacity: 1
    }
    acceptsshadows: true
    acceptslights: true
    castsshadows: false
    properties {
      key: "height"
      value: "fill-parent"
    }
  }
  bgcolor {
    alpha: 1
    red: 0.17254901960784313
    green: 0.17254901960784313
    blue: 0.17254901960784313
  }
  properties {
    key: "layout"
    value: "CYIStackLayout"
  }
  properties {
    key: "time-interpolator"
    value: "CYIInterpolateLinear"
  }
  properties {
    key: "clip"
    value: "false"
  }
  childtemplates: "EPG_Favouriteslot-OnNow"
}
sources {
  uid: 3496
  srctype: AE_COMP_SRC
  name: "EPG_Favouriteslot-OnNow.layout"
  width: 80
  height: 362
  copy_source: true
}
