tracks {
  binding: IS_VISIBLE
  targetid: 66318
  targetname: "Dark Gray Solid 3"
  keytimes {
    datatype: AE_INT_DATA
    timeOffset: 0
    inttype: AE_INTERP_HOLD
    ivalue1: 1
  }
}
tracks {
  binding: OPACITY
  targetid: 66318
  targetname: "Dark Gray Solid 3"
  keytimes {
    datatype: AE_FLOAT_DATA
    timeOffset: 0
    inttype: AE_INTERP_LINEAR
    fvalue1: 1
  }
  keytimes {
    datatype: AE_FLOAT_DATA
    timeOffset: 2.6693361
    inttype: AE_INTERP_LINEAR
    fvalue1: 1
  }
  keytimes {
    datatype: AE_FLOAT_DATA
    timeOffset: 2.6859961
    inttype: AE_INTERP_LINEAR
    fvalue1: 0.99650741
    isCookedKeytime: true
  }
  keytimes {
    datatype: AE_FLOAT_DATA
    timeOffset: 2.702656
    inttype: AE_INTERP_LINEAR
    fvalue1: 0.98288
    isCookedKeytime: true
  }
  keytimes {
    datatype: AE_FLOAT_DATA
    timeOffset: 2.719316
    inttype: AE_INTERP_LINEAR
    fvalue1: 0.94939423
    isCookedKeytime: true
  }
  keytimes {
    datatype: AE_FLOAT_DATA
    timeOffset: 2.735976
    inttype: AE_INTERP_LINEAR
    fvalue1: 0.8759191
    isCookedKeytime: true
  }
  keytimes {
    datatype: AE_FLOAT_DATA
    timeOffset: 2.752636
    inttype: AE_INTERP_LINEAR
    fvalue1: 0.80161333
    isCookedKeytime: true
  }
  keytimes {
    datatype: AE_FLOAT_DATA
    timeOffset: 2.7692959
    inttype: AE_INTERP_LINEAR
    fvalue1: 0.76754677
    isCookedKeytime: true
  }
  keytimes {
    datatype: AE_FLOAT_DATA
    timeOffset: 2.7859559
    inttype: AE_INTERP_LINEAR
    fvalue1: 0.75364709
    isCookedKeytime: true
  }
  keytimes {
    datatype: AE_FLOAT_DATA
    timeOffset: 2.8026159
    inttype: AE_INTERP_LINEAR
    fvalue1: 0.75000119
    isCookedKeytime: true
  }
  keytimes {
    datatype: AE_FLOAT_DATA
    timeOffset: 2.8028028
    inttype: AE_INTERP_LINEAR
    fvalue1: 0.75
  }
  keytimes {
    datatype: AE_FLOAT_DATA
    timeOffset: 2.8194628
    inttype: AE_INTERP_LINEAR
    fvalue1: 0.75349259
    isCookedKeytime: true
  }
  keytimes {
    datatype: AE_FLOAT_DATA
    timeOffset: 2.8361228
    inttype: AE_INTERP_LINEAR
    fvalue1: 0.76712
    isCookedKeytime: true
  }
  keytimes {
    datatype: AE_FLOAT_DATA
    timeOffset: 2.8527827
    inttype: AE_INTERP_LINEAR
    fvalue1: 0.80060577
    isCookedKeytime: true
  }
  keytimes {
    datatype: AE_FLOAT_DATA
    timeOffset: 2.8694427
    inttype: AE_INTERP_LINEAR
    fvalue1: 0.8740809
    isCookedKeytime: true
  }
  keytimes {
    datatype: AE_FLOAT_DATA
    timeOffset: 2.8861027
    inttype: AE_INTERP_LINEAR
    fvalue1: 0.94838667
    isCookedKeytime: true
  }
  keytimes {
    datatype: AE_FLOAT_DATA
    timeOffset: 2.9027627
    inttype: AE_INTERP_LINEAR
    fvalue1: 0.98245323
    isCookedKeytime: true
  }
  keytimes {
    datatype: AE_FLOAT_DATA
    timeOffset: 2.9194226
    inttype: AE_INTERP_LINEAR
    fvalue1: 0.99635291
    isCookedKeytime: true
  }
  keytimes {
    datatype: AE_FLOAT_DATA
    timeOffset: 2.9360826
    inttype: AE_INTERP_LINEAR
    fvalue1: 0.99999881
    isCookedKeytime: true
  }
  keytimes {
    datatype: AE_FLOAT_DATA
    timeOffset: 2.9362695
    inttype: AE_INTERP_LINEAR
    fvalue1: 1
  }
  trackName: "Opacity"
}
tracks {
  binding: IS_VISIBLE
  targetid: 66319
  targetname: "Dark Gray Solid 3"
  keytimes {
    datatype: AE_INT_DATA
    timeOffset: 0
    inttype: AE_INTERP_HOLD
    ivalue1: 1
  }
}
tracks {
  binding: OPACITY
  targetid: 66319
  targetname: "Dark Gray Solid 3"
  keytimes {
    datatype: AE_FLOAT_DATA
    timeOffset: 0
    inttype: AE_INTERP_LINEAR
    fvalue1: 1
  }
  keytimes {
    datatype: AE_FLOAT_DATA
    timeOffset: 2.6026027
    inttype: AE_INTERP_LINEAR
    fvalue1: 1
  }
  keytimes {
    datatype: AE_FLOAT_DATA
    timeOffset: 2.6192627
    inttype: AE_INTERP_LINEAR
    fvalue1: 0.99650741
    isCookedKeytime: true
  }
  keytimes {
    datatype: AE_FLOAT_DATA
    timeOffset: 2.6359227
    inttype: AE_INTERP_LINEAR
    fvalue1: 0.98288
    isCookedKeytime: true
  }
  keytimes {
    datatype: AE_FLOAT_DATA
    timeOffset: 2.6525826
    inttype: AE_INTERP_LINEAR
    fvalue1: 0.94939423
    isCookedKeytime: true
  }
  keytimes {
    datatype: AE_FLOAT_DATA
    timeOffset: 2.6692426
    inttype: AE_INTERP_LINEAR
    fvalue1: 0.8759191
    isCookedKeytime: true
  }
  keytimes {
    datatype: AE_FLOAT_DATA
    timeOffset: 2.6859026
    inttype: AE_INTERP_LINEAR
    fvalue1: 0.80161333
    isCookedKeytime: true
  }
  keytimes {
    datatype: AE_FLOAT_DATA
    timeOffset: 2.7025626
    inttype: AE_INTERP_LINEAR
    fvalue1: 0.76754677
    isCookedKeytime: true
  }
  keytimes {
    datatype: AE_FLOAT_DATA
    timeOffset: 2.7192225
    inttype: AE_INTERP_LINEAR
    fvalue1: 0.75364709
    isCookedKeytime: true
  }
  keytimes {
    datatype: AE_FLOAT_DATA
    timeOffset: 2.7358825
    inttype: AE_INTERP_LINEAR
    fvalue1: 0.75000119
    isCookedKeytime: true
  }
  keytimes {
    datatype: AE_FLOAT_DATA
    timeOffset: 2.7360694
    inttype: AE_INTERP_LINEAR
    fvalue1: 0.75
  }
  keytimes {
    datatype: AE_FLOAT_DATA
    timeOffset: 2.7527294
    inttype: AE_INTERP_LINEAR
    fvalue1: 0.75349259
    isCookedKeytime: true
  }
  keytimes {
    datatype: AE_FLOAT_DATA
    timeOffset: 2.7693894
    inttype: AE_INTERP_LINEAR
    fvalue1: 0.76712
    isCookedKeytime: true
  }
  keytimes {
    datatype: AE_FLOAT_DATA
    timeOffset: 2.7860494
    inttype: AE_INTERP_LINEAR
    fvalue1: 0.80060577
    isCookedKeytime: true
  }
  keytimes {
    datatype: AE_FLOAT_DATA
    timeOffset: 2.8027093
    inttype: AE_INTERP_LINEAR
    fvalue1: 0.8740809
    isCookedKeytime: true
  }
  keytimes {
    datatype: AE_FLOAT_DATA
    timeOffset: 2.8193693
    inttype: AE_INTERP_LINEAR
    fvalue1: 0.94838667
    isCookedKeytime: true
  }
  keytimes {
    datatype: AE_FLOAT_DATA
    timeOffset: 2.8360293
    inttype: AE_INTERP_LINEAR
    fvalue1: 0.98245323
    isCookedKeytime: true
  }
  keytimes {
    datatype: AE_FLOAT_DATA
    timeOffset: 2.8526893
    inttype: AE_INTERP_LINEAR
    fvalue1: 0.99635291
    isCookedKeytime: true
  }
  keytimes {
    datatype: AE_FLOAT_DATA
    timeOffset: 2.8693492
    inttype: AE_INTERP_LINEAR
    fvalue1: 0.99999881
    isCookedKeytime: true
  }
  keytimes {
    datatype: AE_FLOAT_DATA
    timeOffset: 2.8695362
    inttype: AE_INTERP_LINEAR
    fvalue1: 1
  }
  trackName: "Opacity"
}
tracks {
  binding: IS_VISIBLE
  targetid: 66320
  targetname: "Dark Gray Solid 6"
  keytimes {
    datatype: AE_INT_DATA
    timeOffset: 0
    inttype: AE_INTERP_HOLD
    ivalue1: 1
  }
}
tracks {
  binding: OPACITY
  targetid: 66320
  targetname: "Dark Gray Solid 6"
  keytimes {
    datatype: AE_FLOAT_DATA
    timeOffset: 0
    inttype: AE_INTERP_LINEAR
    fvalue1: 1
  }
  keytimes {
    datatype: AE_FLOAT_DATA
    timeOffset: 2.5692358
    inttype: AE_INTERP_LINEAR
    fvalue1: 1
  }
  keytimes {
    datatype: AE_FLOAT_DATA
    timeOffset: 2.5858958
    inttype: AE_INTERP_LINEAR
    fvalue1: 0.99650741
    isCookedKeytime: true
  }
  keytimes {
    datatype: AE_FLOAT_DATA
    timeOffset: 2.6025558
    inttype: AE_INTERP_LINEAR
    fvalue1: 0.98288
    isCookedKeytime: true
  }
  keytimes {
    datatype: AE_FLOAT_DATA
    timeOffset: 2.6192157
    inttype: AE_INTERP_LINEAR
    fvalue1: 0.94939423
    isCookedKeytime: true
  }
  keytimes {
    datatype: AE_FLOAT_DATA
    timeOffset: 2.6358757
    inttype: AE_INTERP_LINEAR
    fvalue1: 0.8759191
    isCookedKeytime: true
  }
  keytimes {
    datatype: AE_FLOAT_DATA
    timeOffset: 2.6525357
    inttype: AE_INTERP_LINEAR
    fvalue1: 0.80161333
    isCookedKeytime: true
  }
  keytimes {
    datatype: AE_FLOAT_DATA
    timeOffset: 2.6691957
    inttype: AE_INTERP_LINEAR
    fvalue1: 0.76754677
    isCookedKeytime: true
  }
  keytimes {
    datatype: AE_FLOAT_DATA
    timeOffset: 2.6858556
    inttype: AE_INTERP_LINEAR
    fvalue1: 0.75364709
    isCookedKeytime: true
  }
  keytimes {
    datatype: AE_FLOAT_DATA
    timeOffset: 2.7025156
    inttype: AE_INTERP_LINEAR
    fvalue1: 0.75000119
    isCookedKeytime: true
  }
  keytimes {
    datatype: AE_FLOAT_DATA
    timeOffset: 2.7027028
    inttype: AE_INTERP_LINEAR
    fvalue1: 0.75
  }
  keytimes {
    datatype: AE_FLOAT_DATA
    timeOffset: 2.7193627
    inttype: AE_INTERP_LINEAR
    fvalue1: 0.75349259
    isCookedKeytime: true
  }
  keytimes {
    datatype: AE_FLOAT_DATA
    timeOffset: 2.7360227
    inttype: AE_INTERP_LINEAR
    fvalue1: 0.76712
    isCookedKeytime: true
  }
  keytimes {
    datatype: AE_FLOAT_DATA
    timeOffset: 2.7526827
    inttype: AE_INTERP_LINEAR
    fvalue1: 0.80060577
    isCookedKeytime: true
  }
  keytimes {
    datatype: AE_FLOAT_DATA
    timeOffset: 2.7693427
    inttype: AE_INTERP_LINEAR
    fvalue1: 0.8740809
    isCookedKeytime: true
  }
  keytimes {
    datatype: AE_FLOAT_DATA
    timeOffset: 2.7860026
    inttype: AE_INTERP_LINEAR
    fvalue1: 0.94838667
    isCookedKeytime: true
  }
  keytimes {
    datatype: AE_FLOAT_DATA
    timeOffset: 2.8026626
    inttype: AE_INTERP_LINEAR
    fvalue1: 0.98245323
    isCookedKeytime: true
  }
  keytimes {
    datatype: AE_FLOAT_DATA
    timeOffset: 2.8193226
    inttype: AE_INTERP_LINEAR
    fvalue1: 0.99635291
    isCookedKeytime: true
  }
  keytimes {
    datatype: AE_FLOAT_DATA
    timeOffset: 2.8359826
    inttype: AE_INTERP_LINEAR
    fvalue1: 0.99999881
    isCookedKeytime: true
  }
  keytimes {
    datatype: AE_FLOAT_DATA
    timeOffset: 2.8361695
    inttype: AE_INTERP_LINEAR
    fvalue1: 1
  }
  trackName: "Opacity"
}
tracks {
  binding: IS_VISIBLE
  targetid: 66321
  targetname: "Dark Gray Solid 6"
  keytimes {
    datatype: AE_INT_DATA
    timeOffset: 0
    inttype: AE_INTERP_HOLD
    ivalue1: 1
  }
}
tracks {
  binding: OPACITY
  targetid: 66321
  targetname: "Dark Gray Solid 6"
  keytimes {
    datatype: AE_FLOAT_DATA
    timeOffset: 0
    inttype: AE_INTERP_LINEAR
    fvalue1: 1
  }
  keytimes {
    datatype: AE_FLOAT_DATA
    timeOffset: 2.5358691
    inttype: AE_INTERP_LINEAR
    fvalue1: 1
  }
  keytimes {
    datatype: AE_FLOAT_DATA
    timeOffset: 2.5525291
    inttype: AE_INTERP_LINEAR
    fvalue1: 0.99650741
    isCookedKeytime: true
  }
  keytimes {
    datatype: AE_FLOAT_DATA
    timeOffset: 2.5691891
    inttype: AE_INTERP_LINEAR
    fvalue1: 0.98288
    isCookedKeytime: true
  }
  keytimes {
    datatype: AE_FLOAT_DATA
    timeOffset: 2.585849
    inttype: AE_INTERP_LINEAR
    fvalue1: 0.94939423
    isCookedKeytime: true
  }
  keytimes {
    datatype: AE_FLOAT_DATA
    timeOffset: 2.602509
    inttype: AE_INTERP_LINEAR
    fvalue1: 0.8759191
    isCookedKeytime: true
  }
  keytimes {
    datatype: AE_FLOAT_DATA
    timeOffset: 2.619169
    inttype: AE_INTERP_LINEAR
    fvalue1: 0.80161333
    isCookedKeytime: true
  }
  keytimes {
    datatype: AE_FLOAT_DATA
    timeOffset: 2.635829
    inttype: AE_INTERP_LINEAR
    fvalue1: 0.76754677
    isCookedKeytime: true
  }
  keytimes {
    datatype: AE_FLOAT_DATA
    timeOffset: 2.6524889
    inttype: AE_INTERP_LINEAR
    fvalue1: 0.75364709
    isCookedKeytime: true
  }
  keytimes {
    datatype: AE_FLOAT_DATA
    timeOffset: 2.6691489
    inttype: AE_INTERP_LINEAR
    fvalue1: 0.75000119
    isCookedKeytime: true
  }
  keytimes {
    datatype: AE_FLOAT_DATA
    timeOffset: 2.6693361
    inttype: AE_INTERP_LINEAR
    fvalue1: 0.75
  }
  keytimes {
    datatype: AE_FLOAT_DATA
    timeOffset: 2.6859961
    inttype: AE_INTERP_LINEAR
    fvalue1: 0.75349259
    isCookedKeytime: true
  }
  keytimes {
    datatype: AE_FLOAT_DATA
    timeOffset: 2.702656
    inttype: AE_INTERP_LINEAR
    fvalue1: 0.76712
    isCookedKeytime: true
  }
  keytimes {
    datatype: AE_FLOAT_DATA
    timeOffset: 2.719316
    inttype: AE_INTERP_LINEAR
    fvalue1: 0.80060577
    isCookedKeytime: true
  }
  keytimes {
    datatype: AE_FLOAT_DATA
    timeOffset: 2.735976
    inttype: AE_INTERP_LINEAR
    fvalue1: 0.8740809
    isCookedKeytime: true
  }
  keytimes {
    datatype: AE_FLOAT_DATA
    timeOffset: 2.752636
    inttype: AE_INTERP_LINEAR
    fvalue1: 0.94838667
    isCookedKeytime: true
  }
  keytimes {
    datatype: AE_FLOAT_DATA
    timeOffset: 2.7692959
    inttype: AE_INTERP_LINEAR
    fvalue1: 0.98245323
    isCookedKeytime: true
  }
  keytimes {
    datatype: AE_FLOAT_DATA
    timeOffset: 2.7859559
    inttype: AE_INTERP_LINEAR
    fvalue1: 0.99635291
    isCookedKeytime: true
  }
  keytimes {
    datatype: AE_FLOAT_DATA
    timeOffset: 2.8026159
    inttype: AE_INTERP_LINEAR
    fvalue1: 0.99999881
    isCookedKeytime: true
  }
  keytimes {
    datatype: AE_FLOAT_DATA
    timeOffset: 2.8028028
    inttype: AE_INTERP_LINEAR
    fvalue1: 1
  }
  trackName: "Opacity"
}
tracks {
  binding: IS_VISIBLE
  targetid: 66322
  targetname: "Dark Gray Solid 6"
  keytimes {
    datatype: AE_INT_DATA
    timeOffset: 0
    inttype: AE_INTERP_HOLD
    ivalue1: 1
  }
}
tracks {
  binding: OPACITY
  targetid: 66322
  targetname: "Dark Gray Solid 6"
  keytimes {
    datatype: AE_FLOAT_DATA
    timeOffset: 0
    inttype: AE_INTERP_LINEAR
    fvalue1: 1
  }
  keytimes {
    datatype: AE_FLOAT_DATA
    timeOffset: 2.5025024
    inttype: AE_INTERP_LINEAR
    fvalue1: 1
  }
  keytimes {
    datatype: AE_FLOAT_DATA
    timeOffset: 2.5191624
    inttype: AE_INTERP_LINEAR
    fvalue1: 0.99650741
    isCookedKeytime: true
  }
  keytimes {
    datatype: AE_FLOAT_DATA
    timeOffset: 2.5358224
    inttype: AE_INTERP_LINEAR
    fvalue1: 0.98288
    isCookedKeytime: true
  }
  keytimes {
    datatype: AE_FLOAT_DATA
    timeOffset: 2.5524824
    inttype: AE_INTERP_LINEAR
    fvalue1: 0.94939423
    isCookedKeytime: true
  }
  keytimes {
    datatype: AE_FLOAT_DATA
    timeOffset: 2.5691423
    inttype: AE_INTERP_LINEAR
    fvalue1: 0.8759191
    isCookedKeytime: true
  }
  keytimes {
    datatype: AE_FLOAT_DATA
    timeOffset: 2.5858023
    inttype: AE_INTERP_LINEAR
    fvalue1: 0.80161333
    isCookedKeytime: true
  }
  keytimes {
    datatype: AE_FLOAT_DATA
    timeOffset: 2.6024623
    inttype: AE_INTERP_LINEAR
    fvalue1: 0.76754677
    isCookedKeytime: true
  }
  keytimes {
    datatype: AE_FLOAT_DATA
    timeOffset: 2.6191223
    inttype: AE_INTERP_LINEAR
    fvalue1: 0.75364709
    isCookedKeytime: true
  }
  keytimes {
    datatype: AE_FLOAT_DATA
    timeOffset: 2.6357822
    inttype: AE_INTERP_LINEAR
    fvalue1: 0.75000119
    isCookedKeytime: true
  }
  keytimes {
    datatype: AE_FLOAT_DATA
    timeOffset: 2.6359694
    inttype: AE_INTERP_LINEAR
    fvalue1: 0.75
  }
  keytimes {
    datatype: AE_FLOAT_DATA
    timeOffset: 2.6526294
    inttype: AE_INTERP_LINEAR
    fvalue1: 0.75349259
    isCookedKeytime: true
  }
  keytimes {
    datatype: AE_FLOAT_DATA
    timeOffset: 2.6692894
    inttype: AE_INTERP_LINEAR
    fvalue1: 0.76712
    isCookedKeytime: true
  }
  keytimes {
    datatype: AE_FLOAT_DATA
    timeOffset: 2.6859493
    inttype: AE_INTERP_LINEAR
    fvalue1: 0.80060577
    isCookedKeytime: true
  }
  keytimes {
    datatype: AE_FLOAT_DATA
    timeOffset: 2.7026093
    inttype: AE_INTERP_LINEAR
    fvalue1: 0.8740809
    isCookedKeytime: true
  }
  keytimes {
    datatype: AE_FLOAT_DATA
    timeOffset: 2.7192693
    inttype: AE_INTERP_LINEAR
    fvalue1: 0.94838667
    isCookedKeytime: true
  }
  keytimes {
    datatype: AE_FLOAT_DATA
    timeOffset: 2.7359293
    inttype: AE_INTERP_LINEAR
    fvalue1: 0.98245323
    isCookedKeytime: true
  }
  keytimes {
    datatype: AE_FLOAT_DATA
    timeOffset: 2.7525892
    inttype: AE_INTERP_LINEAR
    fvalue1: 0.99635291
    isCookedKeytime: true
  }
  keytimes {
    datatype: AE_FLOAT_DATA
    timeOffset: 2.7692492
    inttype: AE_INTERP_LINEAR
    fvalue1: 0.99999881
    isCookedKeytime: true
  }
  keytimes {
    datatype: AE_FLOAT_DATA
    timeOffset: 2.7694361
    inttype: AE_INTERP_LINEAR
    fvalue1: 1
  }
  trackName: "Opacity"
}
tracks {
  binding: IS_VISIBLE
  targetid: 66323
  targetname: "Dark Gray Solid 6"
  keytimes {
    datatype: AE_INT_DATA
    timeOffset: 0
    inttype: AE_INTERP_HOLD
    ivalue1: 1
  }
}
tracks {
  binding: OPACITY
  targetid: 66323
  targetname: "Dark Gray Solid 6"
  keytimes {
    datatype: AE_FLOAT_DATA
    timeOffset: 0
    inttype: AE_INTERP_LINEAR
    fvalue1: 1
  }
  keytimes {
    datatype: AE_FLOAT_DATA
    timeOffset: 2.4691358
    inttype: AE_INTERP_LINEAR
    fvalue1: 1
  }
  keytimes {
    datatype: AE_FLOAT_DATA
    timeOffset: 2.4857957
    inttype: AE_INTERP_LINEAR
    fvalue1: 0.99650741
    isCookedKeytime: true
  }
  keytimes {
    datatype: AE_FLOAT_DATA
    timeOffset: 2.5024557
    inttype: AE_INTERP_LINEAR
    fvalue1: 0.98288
    isCookedKeytime: true
  }
  keytimes {
    datatype: AE_FLOAT_DATA
    timeOffset: 2.5191157
    inttype: AE_INTERP_LINEAR
    fvalue1: 0.94939423
    isCookedKeytime: true
  }
  keytimes {
    datatype: AE_FLOAT_DATA
    timeOffset: 2.5357757
    inttype: AE_INTERP_LINEAR
    fvalue1: 0.8759191
    isCookedKeytime: true
  }
  keytimes {
    datatype: AE_FLOAT_DATA
    timeOffset: 2.5524356
    inttype: AE_INTERP_LINEAR
    fvalue1: 0.80161333
    isCookedKeytime: true
  }
  keytimes {
    datatype: AE_FLOAT_DATA
    timeOffset: 2.5690956
    inttype: AE_INTERP_LINEAR
    fvalue1: 0.76754677
    isCookedKeytime: true
  }
  keytimes {
    datatype: AE_FLOAT_DATA
    timeOffset: 2.5857556
    inttype: AE_INTERP_LINEAR
    fvalue1: 0.75364709
    isCookedKeytime: true
  }
  keytimes {
    datatype: AE_FLOAT_DATA
    timeOffset: 2.6024156
    inttype: AE_INTERP_LINEAR
    fvalue1: 0.75000119
    isCookedKeytime: true
  }
  keytimes {
    datatype: AE_FLOAT_DATA
    timeOffset: 2.6026027
    inttype: AE_INTERP_LINEAR
    fvalue1: 0.75
  }
  keytimes {
    datatype: AE_FLOAT_DATA
    timeOffset: 2.6192627
    inttype: AE_INTERP_LINEAR
    fvalue1: 0.75349259
    isCookedKeytime: true
  }
  keytimes {
    datatype: AE_FLOAT_DATA
    timeOffset: 2.6359227
    inttype: AE_INTERP_LINEAR
    fvalue1: 0.76712
    isCookedKeytime: true
  }
  keytimes {
    datatype: AE_FLOAT_DATA
    timeOffset: 2.6525826
    inttype: AE_INTERP_LINEAR
    fvalue1: 0.80060577
    isCookedKeytime: true
  }
  keytimes {
    datatype: AE_FLOAT_DATA
    timeOffset: 2.6692426
    inttype: AE_INTERP_LINEAR
    fvalue1: 0.8740809
    isCookedKeytime: true
  }
  keytimes {
    datatype: AE_FLOAT_DATA
    timeOffset: 2.6859026
    inttype: AE_INTERP_LINEAR
    fvalue1: 0.94838667
    isCookedKeytime: true
  }
  keytimes {
    datatype: AE_FLOAT_DATA
    timeOffset: 2.7025626
    inttype: AE_INTERP_LINEAR
    fvalue1: 0.98245323
    isCookedKeytime: true
  }
  keytimes {
    datatype: AE_FLOAT_DATA
    timeOffset: 2.7192225
    inttype: AE_INTERP_LINEAR
    fvalue1: 0.99635291
    isCookedKeytime: true
  }
  keytimes {
    datatype: AE_FLOAT_DATA
    timeOffset: 2.7358825
    inttype: AE_INTERP_LINEAR
    fvalue1: 0.99999881
    isCookedKeytime: true
  }
  keytimes {
    datatype: AE_FLOAT_DATA
    timeOffset: 2.7360694
    inttype: AE_INTERP_LINEAR
    fvalue1: 1
  }
  trackName: "Opacity"
}
tracks {
  binding: IS_VISIBLE
  targetid: 66324
  targetname: "Dark Gray Solid 6"
  keytimes {
    datatype: AE_INT_DATA
    timeOffset: 0
    inttype: AE_INTERP_HOLD
    ivalue1: 1
  }
}
tracks {
  binding: OPACITY
  targetid: 66324
  targetname: "Dark Gray Solid 6"
  keytimes {
    datatype: AE_FLOAT_DATA
    timeOffset: 0
    inttype: AE_INTERP_LINEAR
    fvalue1: 1
  }
  keytimes {
    datatype: AE_FLOAT_DATA
    timeOffset: 2.4357691
    inttype: AE_INTERP_LINEAR
    fvalue1: 1
  }
  keytimes {
    datatype: AE_FLOAT_DATA
    timeOffset: 2.4524291
    inttype: AE_INTERP_LINEAR
    fvalue1: 0.99650741
    isCookedKeytime: true
  }
  keytimes {
    datatype: AE_FLOAT_DATA
    timeOffset: 2.469089
    inttype: AE_INTERP_LINEAR
    fvalue1: 0.98288
    isCookedKeytime: true
  }
  keytimes {
    datatype: AE_FLOAT_DATA
    timeOffset: 2.485749
    inttype: AE_INTERP_LINEAR
    fvalue1: 0.94939423
    isCookedKeytime: true
  }
  keytimes {
    datatype: AE_FLOAT_DATA
    timeOffset: 2.502409
    inttype: AE_INTERP_LINEAR
    fvalue1: 0.8759191
    isCookedKeytime: true
  }
  keytimes {
    datatype: AE_FLOAT_DATA
    timeOffset: 2.519069
    inttype: AE_INTERP_LINEAR
    fvalue1: 0.80161333
    isCookedKeytime: true
  }
  keytimes {
    datatype: AE_FLOAT_DATA
    timeOffset: 2.5357289
    inttype: AE_INTERP_LINEAR
    fvalue1: 0.76754677
    isCookedKeytime: true
  }
  keytimes {
    datatype: AE_FLOAT_DATA
    timeOffset: 2.5523889
    inttype: AE_INTERP_LINEAR
    fvalue1: 0.75364709
    isCookedKeytime: true
  }
  keytimes {
    datatype: AE_FLOAT_DATA
    timeOffset: 2.5690489
    inttype: AE_INTERP_LINEAR
    fvalue1: 0.75000119
    isCookedKeytime: true
  }
  keytimes {
    datatype: AE_FLOAT_DATA
    timeOffset: 2.5692358
    inttype: AE_INTERP_LINEAR
    fvalue1: 0.75
  }
  keytimes {
    datatype: AE_FLOAT_DATA
    timeOffset: 2.5858958
    inttype: AE_INTERP_LINEAR
    fvalue1: 0.75349259
    isCookedKeytime: true
  }
  keytimes {
    datatype: AE_FLOAT_DATA
    timeOffset: 2.6025558
    inttype: AE_INTERP_LINEAR
    fvalue1: 0.76712
    isCookedKeytime: true
  }
  keytimes {
    datatype: AE_FLOAT_DATA
    timeOffset: 2.6192157
    inttype: AE_INTERP_LINEAR
    fvalue1: 0.80060577
    isCookedKeytime: true
  }
  keytimes {
    datatype: AE_FLOAT_DATA
    timeOffset: 2.6358757
    inttype: AE_INTERP_LINEAR
    fvalue1: 0.8740809
    isCookedKeytime: true
  }
  keytimes {
    datatype: AE_FLOAT_DATA
    timeOffset: 2.6525357
    inttype: AE_INTERP_LINEAR
    fvalue1: 0.94838667
    isCookedKeytime: true
  }
  keytimes {
    datatype: AE_FLOAT_DATA
    timeOffset: 2.6691957
    inttype: AE_INTERP_LINEAR
    fvalue1: 0.98245323
    isCookedKeytime: true
  }
  keytimes {
    datatype: AE_FLOAT_DATA
    timeOffset: 2.6858556
    inttype: AE_INTERP_LINEAR
    fvalue1: 0.99635291
    isCookedKeytime: true
  }
  keytimes {
    datatype: AE_FLOAT_DATA
    timeOffset: 2.7025156
    inttype: AE_INTERP_LINEAR
    fvalue1: 0.99999881
    isCookedKeytime: true
  }
  keytimes {
    datatype: AE_FLOAT_DATA
    timeOffset: 2.7027028
    inttype: AE_INTERP_LINEAR
    fvalue1: 1
  }
  trackName: "Opacity"
}
tracks {
  binding: IS_VISIBLE
  targetid: 66325
  targetname: "Dark Gray Solid 6"
  keytimes {
    datatype: AE_INT_DATA
    timeOffset: 0
    inttype: AE_INTERP_HOLD
    ivalue1: 1
  }
}
tracks {
  binding: OPACITY
  targetid: 66325
  targetname: "Dark Gray Solid 6"
  keytimes {
    datatype: AE_FLOAT_DATA
    timeOffset: 0
    inttype: AE_INTERP_LINEAR
    fvalue1: 1
  }
  keytimes {
    datatype: AE_FLOAT_DATA
    timeOffset: 2.4024024
    inttype: AE_INTERP_LINEAR
    fvalue1: 1
  }
  keytimes {
    datatype: AE_FLOAT_DATA
    timeOffset: 2.4190624
    inttype: AE_INTERP_LINEAR
    fvalue1: 0.99650741
    isCookedKeytime: true
  }
  keytimes {
    datatype: AE_FLOAT_DATA
    timeOffset: 2.4357224
    inttype: AE_INTERP_LINEAR
    fvalue1: 0.98288
    isCookedKeytime: true
  }
  keytimes {
    datatype: AE_FLOAT_DATA
    timeOffset: 2.4523823
    inttype: AE_INTERP_LINEAR
    fvalue1: 0.94939423
    isCookedKeytime: true
  }
  keytimes {
    datatype: AE_FLOAT_DATA
    timeOffset: 2.4690423
    inttype: AE_INTERP_LINEAR
    fvalue1: 0.8759191
    isCookedKeytime: true
  }
  keytimes {
    datatype: AE_FLOAT_DATA
    timeOffset: 2.4857023
    inttype: AE_INTERP_LINEAR
    fvalue1: 0.80161333
    isCookedKeytime: true
  }
  keytimes {
    datatype: AE_FLOAT_DATA
    timeOffset: 2.5023623
    inttype: AE_INTERP_LINEAR
    fvalue1: 0.76754677
    isCookedKeytime: true
  }
  keytimes {
    datatype: AE_FLOAT_DATA
    timeOffset: 2.5190222
    inttype: AE_INTERP_LINEAR
    fvalue1: 0.75364709
    isCookedKeytime: true
  }
  keytimes {
    datatype: AE_FLOAT_DATA
    timeOffset: 2.5356822
    inttype: AE_INTERP_LINEAR
    fvalue1: 0.75000119
    isCookedKeytime: true
  }
  keytimes {
    datatype: AE_FLOAT_DATA
    timeOffset: 2.5358691
    inttype: AE_INTERP_LINEAR
    fvalue1: 0.75
  }
  keytimes {
    datatype: AE_FLOAT_DATA
    timeOffset: 2.5525291
    inttype: AE_INTERP_LINEAR
    fvalue1: 0.75349259
    isCookedKeytime: true
  }
  keytimes {
    datatype: AE_FLOAT_DATA
    timeOffset: 2.5691891
    inttype: AE_INTERP_LINEAR
    fvalue1: 0.76712
    isCookedKeytime: true
  }
  keytimes {
    datatype: AE_FLOAT_DATA
    timeOffset: 2.585849
    inttype: AE_INTERP_LINEAR
    fvalue1: 0.80060577
    isCookedKeytime: true
  }
  keytimes {
    datatype: AE_FLOAT_DATA
    timeOffset: 2.602509
    inttype: AE_INTERP_LINEAR
    fvalue1: 0.8740809
    isCookedKeytime: true
  }
  keytimes {
    datatype: AE_FLOAT_DATA
    timeOffset: 2.619169
    inttype: AE_INTERP_LINEAR
    fvalue1: 0.94838667
    isCookedKeytime: true
  }
  keytimes {
    datatype: AE_FLOAT_DATA
    timeOffset: 2.635829
    inttype: AE_INTERP_LINEAR
    fvalue1: 0.98245323
    isCookedKeytime: true
  }
  keytimes {
    datatype: AE_FLOAT_DATA
    timeOffset: 2.6524889
    inttype: AE_INTERP_LINEAR
    fvalue1: 0.99635291
    isCookedKeytime: true
  }
  keytimes {
    datatype: AE_FLOAT_DATA
    timeOffset: 2.6691489
    inttype: AE_INTERP_LINEAR
    fvalue1: 0.99999881
    isCookedKeytime: true
  }
  keytimes {
    datatype: AE_FLOAT_DATA
    timeOffset: 2.6693361
    inttype: AE_INTERP_LINEAR
    fvalue1: 1
  }
  trackName: "Opacity"
}
tracks {
  binding: IS_VISIBLE
  targetid: 66326
  targetname: "Dark Gray Solid 6"
  keytimes {
    datatype: AE_INT_DATA
    timeOffset: 0
    inttype: AE_INTERP_HOLD
    ivalue1: 1
  }
}
tracks {
  binding: OPACITY
  targetid: 66326
  targetname: "Dark Gray Solid 6"
  keytimes {
    datatype: AE_FLOAT_DATA
    timeOffset: 0
    inttype: AE_INTERP_LINEAR
    fvalue1: 1
  }
  keytimes {
    datatype: AE_FLOAT_DATA
    timeOffset: 2.3690357
    inttype: AE_INTERP_LINEAR
    fvalue1: 1
  }
  keytimes {
    datatype: AE_FLOAT_DATA
    timeOffset: 2.3856957
    inttype: AE_INTERP_LINEAR
    fvalue1: 0.99650741
    isCookedKeytime: true
  }
  keytimes {
    datatype: AE_FLOAT_DATA
    timeOffset: 2.4023557
    inttype: AE_INTERP_LINEAR
    fvalue1: 0.98288
    isCookedKeytime: true
  }
  keytimes {
    datatype: AE_FLOAT_DATA
    timeOffset: 2.4190156
    inttype: AE_INTERP_LINEAR
    fvalue1: 0.94939423
    isCookedKeytime: true
  }
  keytimes {
    datatype: AE_FLOAT_DATA
    timeOffset: 2.4356756
    inttype: AE_INTERP_LINEAR
    fvalue1: 0.8759191
    isCookedKeytime: true
  }
  keytimes {
    datatype: AE_FLOAT_DATA
    timeOffset: 2.4523356
    inttype: AE_INTERP_LINEAR
    fvalue1: 0.80161333
    isCookedKeytime: true
  }
  keytimes {
    datatype: AE_FLOAT_DATA
    timeOffset: 2.4689956
    inttype: AE_INTERP_LINEAR
    fvalue1: 0.76754677
    isCookedKeytime: true
  }
  keytimes {
    datatype: AE_FLOAT_DATA
    timeOffset: 2.4856555
    inttype: AE_INTERP_LINEAR
    fvalue1: 0.75364709
    isCookedKeytime: true
  }
  keytimes {
    datatype: AE_FLOAT_DATA
    timeOffset: 2.5023155
    inttype: AE_INTERP_LINEAR
    fvalue1: 0.75000119
    isCookedKeytime: true
  }
  keytimes {
    datatype: AE_FLOAT_DATA
    timeOffset: 2.5025024
    inttype: AE_INTERP_LINEAR
    fvalue1: 0.75
  }
  keytimes {
    datatype: AE_FLOAT_DATA
    timeOffset: 2.5191624
    inttype: AE_INTERP_LINEAR
    fvalue1: 0.75349259
    isCookedKeytime: true
  }
  keytimes {
    datatype: AE_FLOAT_DATA
    timeOffset: 2.5358224
    inttype: AE_INTERP_LINEAR
    fvalue1: 0.76712
    isCookedKeytime: true
  }
  keytimes {
    datatype: AE_FLOAT_DATA
    timeOffset: 2.5524824
    inttype: AE_INTERP_LINEAR
    fvalue1: 0.80060577
    isCookedKeytime: true
  }
  keytimes {
    datatype: AE_FLOAT_DATA
    timeOffset: 2.5691423
    inttype: AE_INTERP_LINEAR
    fvalue1: 0.8740809
    isCookedKeytime: true
  }
  keytimes {
    datatype: AE_FLOAT_DATA
    timeOffset: 2.5858023
    inttype: AE_INTERP_LINEAR
    fvalue1: 0.94838667
    isCookedKeytime: true
  }
  keytimes {
    datatype: AE_FLOAT_DATA
    timeOffset: 2.6024623
    inttype: AE_INTERP_LINEAR
    fvalue1: 0.98245323
    isCookedKeytime: true
  }
  keytimes {
    datatype: AE_FLOAT_DATA
    timeOffset: 2.6191223
    inttype: AE_INTERP_LINEAR
    fvalue1: 0.99635291
    isCookedKeytime: true
  }
  keytimes {
    datatype: AE_FLOAT_DATA
    timeOffset: 2.6357822
    inttype: AE_INTERP_LINEAR
    fvalue1: 0.99999881
    isCookedKeytime: true
  }
  keytimes {
    datatype: AE_FLOAT_DATA
    timeOffset: 2.6359694
    inttype: AE_INTERP_LINEAR
    fvalue1: 1
  }
  trackName: "Opacity"
}
tracks {
  binding: IS_VISIBLE
  targetid: 66327
  targetname: "Dark Gray Solid 6"
  keytimes {
    datatype: AE_INT_DATA
    timeOffset: 0
    inttype: AE_INTERP_HOLD
    ivalue1: 1
  }
}
tracks {
  binding: OPACITY
  targetid: 66327
  targetname: "Dark Gray Solid 6"
  keytimes {
    datatype: AE_FLOAT_DATA
    timeOffset: 0
    inttype: AE_INTERP_LINEAR
    fvalue1: 1
  }
  keytimes {
    datatype: AE_FLOAT_DATA
    timeOffset: 2.335669
    inttype: AE_INTERP_LINEAR
    fvalue1: 1
  }
  keytimes {
    datatype: AE_FLOAT_DATA
    timeOffset: 2.352329
    inttype: AE_INTERP_LINEAR
    fvalue1: 0.99650741
    isCookedKeytime: true
  }
  keytimes {
    datatype: AE_FLOAT_DATA
    timeOffset: 2.368989
    inttype: AE_INTERP_LINEAR
    fvalue1: 0.98288
    isCookedKeytime: true
  }
  keytimes {
    datatype: AE_FLOAT_DATA
    timeOffset: 2.385649
    inttype: AE_INTERP_LINEAR
    fvalue1: 0.94939423
    isCookedKeytime: true
  }
  keytimes {
    datatype: AE_FLOAT_DATA
    timeOffset: 2.4023089
    inttype: AE_INTERP_LINEAR
    fvalue1: 0.8759191
    isCookedKeytime: true
  }
  keytimes {
    datatype: AE_FLOAT_DATA
    timeOffset: 2.4189689
    inttype: AE_INTERP_LINEAR
    fvalue1: 0.80161333
    isCookedKeytime: true
  }
  keytimes {
    datatype: AE_FLOAT_DATA
    timeOffset: 2.4356289
    inttype: AE_INTERP_LINEAR
    fvalue1: 0.76754677
    isCookedKeytime: true
  }
  keytimes {
    datatype: AE_FLOAT_DATA
    timeOffset: 2.4522889
    inttype: AE_INTERP_LINEAR
    fvalue1: 0.75364709
    isCookedKeytime: true
  }
  keytimes {
    datatype: AE_FLOAT_DATA
    timeOffset: 2.4689488
    inttype: AE_INTERP_LINEAR
    fvalue1: 0.75000119
    isCookedKeytime: true
  }
  keytimes {
    datatype: AE_FLOAT_DATA
    timeOffset: 2.4691358
    inttype: AE_INTERP_LINEAR
    fvalue1: 0.75
  }
  keytimes {
    datatype: AE_FLOAT_DATA
    timeOffset: 2.4857957
    inttype: AE_INTERP_LINEAR
    fvalue1: 0.75349259
    isCookedKeytime: true
  }
  keytimes {
    datatype: AE_FLOAT_DATA
    timeOffset: 2.5024557
    inttype: AE_INTERP_LINEAR
    fvalue1: 0.76712
    isCookedKeytime: true
  }
  keytimes {
    datatype: AE_FLOAT_DATA
    timeOffset: 2.5191157
    inttype: AE_INTERP_LINEAR
    fvalue1: 0.80060577
    isCookedKeytime: true
  }
  keytimes {
    datatype: AE_FLOAT_DATA
    timeOffset: 2.5357757
    inttype: AE_INTERP_LINEAR
    fvalue1: 0.8740809
    isCookedKeytime: true
  }
  keytimes {
    datatype: AE_FLOAT_DATA
    timeOffset: 2.5524356
    inttype: AE_INTERP_LINEAR
    fvalue1: 0.94838667
    isCookedKeytime: true
  }
  keytimes {
    datatype: AE_FLOAT_DATA
    timeOffset: 2.5690956
    inttype: AE_INTERP_LINEAR
    fvalue1: 0.98245323
    isCookedKeytime: true
  }
  keytimes {
    datatype: AE_FLOAT_DATA
    timeOffset: 2.5857556
    inttype: AE_INTERP_LINEAR
    fvalue1: 0.99635291
    isCookedKeytime: true
  }
  keytimes {
    datatype: AE_FLOAT_DATA
    timeOffset: 2.6024156
    inttype: AE_INTERP_LINEAR
    fvalue1: 0.99999881
    isCookedKeytime: true
  }
  keytimes {
    datatype: AE_FLOAT_DATA
    timeOffset: 2.6026027
    inttype: AE_INTERP_LINEAR
    fvalue1: 1
  }
  trackName: "Opacity"
}
tracks {
  binding: IS_VISIBLE
  targetid: 66328
  targetname: "Dark Gray Solid 4"
  keytimes {
    datatype: AE_INT_DATA
    timeOffset: 0
    inttype: AE_INTERP_HOLD
    ivalue1: 1
  }
}
tracks {
  binding: OPACITY
  targetid: 66328
  targetname: "Dark Gray Solid 4"
  keytimes {
    datatype: AE_FLOAT_DATA
    timeOffset: 0
    inttype: AE_INTERP_LINEAR
    fvalue1: 1
  }
  keytimes {
    datatype: AE_FLOAT_DATA
    timeOffset: 2.3023024
    inttype: AE_INTERP_LINEAR
    fvalue1: 1
  }
  keytimes {
    datatype: AE_FLOAT_DATA
    timeOffset: 2.3189623
    inttype: AE_INTERP_LINEAR
    fvalue1: 0.99650741
    isCookedKeytime: true
  }
  keytimes {
    datatype: AE_FLOAT_DATA
    timeOffset: 2.3356223
    inttype: AE_INTERP_LINEAR
    fvalue1: 0.98288
    isCookedKeytime: true
  }
  keytimes {
    datatype: AE_FLOAT_DATA
    timeOffset: 2.3522823
    inttype: AE_INTERP_LINEAR
    fvalue1: 0.94939423
    isCookedKeytime: true
  }
  keytimes {
    datatype: AE_FLOAT_DATA
    timeOffset: 2.3689423
    inttype: AE_INTERP_LINEAR
    fvalue1: 0.8759191
    isCookedKeytime: true
  }
  keytimes {
    datatype: AE_FLOAT_DATA
    timeOffset: 2.3856022
    inttype: AE_INTERP_LINEAR
    fvalue1: 0.80161333
    isCookedKeytime: true
  }
  keytimes {
    datatype: AE_FLOAT_DATA
    timeOffset: 2.4022622
    inttype: AE_INTERP_LINEAR
    fvalue1: 0.76754677
    isCookedKeytime: true
  }
  keytimes {
    datatype: AE_FLOAT_DATA
    timeOffset: 2.4189222
    inttype: AE_INTERP_LINEAR
    fvalue1: 0.75364709
    isCookedKeytime: true
  }
  keytimes {
    datatype: AE_FLOAT_DATA
    timeOffset: 2.4355822
    inttype: AE_INTERP_LINEAR
    fvalue1: 0.75000119
    isCookedKeytime: true
  }
  keytimes {
    datatype: AE_FLOAT_DATA
    timeOffset: 2.4357691
    inttype: AE_INTERP_LINEAR
    fvalue1: 0.75
  }
  keytimes {
    datatype: AE_FLOAT_DATA
    timeOffset: 2.4524291
    inttype: AE_INTERP_LINEAR
    fvalue1: 0.75349259
    isCookedKeytime: true
  }
  keytimes {
    datatype: AE_FLOAT_DATA
    timeOffset: 2.469089
    inttype: AE_INTERP_LINEAR
    fvalue1: 0.76712
    isCookedKeytime: true
  }
  keytimes {
    datatype: AE_FLOAT_DATA
    timeOffset: 2.485749
    inttype: AE_INTERP_LINEAR
    fvalue1: 0.80060577
    isCookedKeytime: true
  }
  keytimes {
    datatype: AE_FLOAT_DATA
    timeOffset: 2.502409
    inttype: AE_INTERP_LINEAR
    fvalue1: 0.8740809
    isCookedKeytime: true
  }
  keytimes {
    datatype: AE_FLOAT_DATA
    timeOffset: 2.519069
    inttype: AE_INTERP_LINEAR
    fvalue1: 0.94838667
    isCookedKeytime: true
  }
  keytimes {
    datatype: AE_FLOAT_DATA
    timeOffset: 2.5357289
    inttype: AE_INTERP_LINEAR
    fvalue1: 0.98245323
    isCookedKeytime: true
  }
  keytimes {
    datatype: AE_FLOAT_DATA
    timeOffset: 2.5523889
    inttype: AE_INTERP_LINEAR
    fvalue1: 0.99635291
    isCookedKeytime: true
  }
  keytimes {
    datatype: AE_FLOAT_DATA
    timeOffset: 2.5690489
    inttype: AE_INTERP_LINEAR
    fvalue1: 0.99999881
    isCookedKeytime: true
  }
  keytimes {
    datatype: AE_FLOAT_DATA
    timeOffset: 2.5692358
    inttype: AE_INTERP_LINEAR
    fvalue1: 1
  }
  trackName: "Opacity"
}
tracks {
  binding: IS_VISIBLE
  targetid: 66329
  targetname: "Dark Gray Solid 4"
  keytimes {
    datatype: AE_INT_DATA
    timeOffset: 0
    inttype: AE_INTERP_HOLD
    ivalue1: 1
  }
}
tracks {
  binding: OPACITY
  targetid: 66329
  targetname: "Dark Gray Solid 4"
  keytimes {
    datatype: AE_FLOAT_DATA
    timeOffset: 0
    inttype: AE_INTERP_LINEAR
    fvalue1: 1
  }
  keytimes {
    datatype: AE_FLOAT_DATA
    timeOffset: 2.2689357
    inttype: AE_INTERP_LINEAR
    fvalue1: 1
  }
  keytimes {
    datatype: AE_FLOAT_DATA
    timeOffset: 2.2855957
    inttype: AE_INTERP_LINEAR
    fvalue1: 0.99650741
    isCookedKeytime: true
  }
  keytimes {
    datatype: AE_FLOAT_DATA
    timeOffset: 2.3022556
    inttype: AE_INTERP_LINEAR
    fvalue1: 0.98288
    isCookedKeytime: true
  }
  keytimes {
    datatype: AE_FLOAT_DATA
    timeOffset: 2.3189156
    inttype: AE_INTERP_LINEAR
    fvalue1: 0.94939423
    isCookedKeytime: true
  }
  keytimes {
    datatype: AE_FLOAT_DATA
    timeOffset: 2.3355756
    inttype: AE_INTERP_LINEAR
    fvalue1: 0.8759191
    isCookedKeytime: true
  }
  keytimes {
    datatype: AE_FLOAT_DATA
    timeOffset: 2.3522356
    inttype: AE_INTERP_LINEAR
    fvalue1: 0.80161333
    isCookedKeytime: true
  }
  keytimes {
    datatype: AE_FLOAT_DATA
    timeOffset: 2.3688955
    inttype: AE_INTERP_LINEAR
    fvalue1: 0.76754677
    isCookedKeytime: true
  }
  keytimes {
    datatype: AE_FLOAT_DATA
    timeOffset: 2.3855555
    inttype: AE_INTERP_LINEAR
    fvalue1: 0.75364709
    isCookedKeytime: true
  }
  keytimes {
    datatype: AE_FLOAT_DATA
    timeOffset: 2.4022155
    inttype: AE_INTERP_LINEAR
    fvalue1: 0.75000119
    isCookedKeytime: true
  }
  keytimes {
    datatype: AE_FLOAT_DATA
    timeOffset: 2.4024024
    inttype: AE_INTERP_LINEAR
    fvalue1: 0.75
  }
  keytimes {
    datatype: AE_FLOAT_DATA
    timeOffset: 2.4190624
    inttype: AE_INTERP_LINEAR
    fvalue1: 0.75349259
    isCookedKeytime: true
  }
  keytimes {
    datatype: AE_FLOAT_DATA
    timeOffset: 2.4357224
    inttype: AE_INTERP_LINEAR
    fvalue1: 0.76712
    isCookedKeytime: true
  }
  keytimes {
    datatype: AE_FLOAT_DATA
    timeOffset: 2.4523823
    inttype: AE_INTERP_LINEAR
    fvalue1: 0.80060577
    isCookedKeytime: true
  }
  keytimes {
    datatype: AE_FLOAT_DATA
    timeOffset: 2.4690423
    inttype: AE_INTERP_LINEAR
    fvalue1: 0.8740809
    isCookedKeytime: true
  }
  keytimes {
    datatype: AE_FLOAT_DATA
    timeOffset: 2.4857023
    inttype: AE_INTERP_LINEAR
    fvalue1: 0.94838667
    isCookedKeytime: true
  }
  keytimes {
    datatype: AE_FLOAT_DATA
    timeOffset: 2.5023623
    inttype: AE_INTERP_LINEAR
    fvalue1: 0.98245323
    isCookedKeytime: true
  }
  keytimes {
    datatype: AE_FLOAT_DATA
    timeOffset: 2.5190222
    inttype: AE_INTERP_LINEAR
    fvalue1: 0.99635291
    isCookedKeytime: true
  }
  keytimes {
    datatype: AE_FLOAT_DATA
    timeOffset: 2.5356822
    inttype: AE_INTERP_LINEAR
    fvalue1: 0.99999881
    isCookedKeytime: true
  }
  keytimes {
    datatype: AE_FLOAT_DATA
    timeOffset: 2.5358691
    inttype: AE_INTERP_LINEAR
    fvalue1: 1
  }
  trackName: "Opacity"
}
tracks {
  binding: IS_VISIBLE
  targetid: 66330
  targetname: "Dark Gray Solid 5"
  keytimes {
    datatype: AE_INT_DATA
    timeOffset: 0
    inttype: AE_INTERP_HOLD
    ivalue1: 1
  }
}
tracks {
  binding: OPACITY
  targetid: 66330
  targetname: "Dark Gray Solid 5"
  keytimes {
    datatype: AE_FLOAT_DATA
    timeOffset: 0
    inttype: AE_INTERP_LINEAR
    fvalue1: 1
  }
  keytimes {
    datatype: AE_FLOAT_DATA
    timeOffset: 2.235569
    inttype: AE_INTERP_LINEAR
    fvalue1: 1
  }
  keytimes {
    datatype: AE_FLOAT_DATA
    timeOffset: 2.252229
    inttype: AE_INTERP_LINEAR
    fvalue1: 0.99650741
    isCookedKeytime: true
  }
  keytimes {
    datatype: AE_FLOAT_DATA
    timeOffset: 2.268889
    inttype: AE_INTERP_LINEAR
    fvalue1: 0.98288
    isCookedKeytime: true
  }
  keytimes {
    datatype: AE_FLOAT_DATA
    timeOffset: 2.2855489
    inttype: AE_INTERP_LINEAR
    fvalue1: 0.94939423
    isCookedKeytime: true
  }
  keytimes {
    datatype: AE_FLOAT_DATA
    timeOffset: 2.3022089
    inttype: AE_INTERP_LINEAR
    fvalue1: 0.8759191
    isCookedKeytime: true
  }
  keytimes {
    datatype: AE_FLOAT_DATA
    timeOffset: 2.3188689
    inttype: AE_INTERP_LINEAR
    fvalue1: 0.80161333
    isCookedKeytime: true
  }
  keytimes {
    datatype: AE_FLOAT_DATA
    timeOffset: 2.3355289
    inttype: AE_INTERP_LINEAR
    fvalue1: 0.76754677
    isCookedKeytime: true
  }
  keytimes {
    datatype: AE_FLOAT_DATA
    timeOffset: 2.3521888
    inttype: AE_INTERP_LINEAR
    fvalue1: 0.75364709
    isCookedKeytime: true
  }
  keytimes {
    datatype: AE_FLOAT_DATA
    timeOffset: 2.3688488
    inttype: AE_INTERP_LINEAR
    fvalue1: 0.75000119
    isCookedKeytime: true
  }
  keytimes {
    datatype: AE_FLOAT_DATA
    timeOffset: 2.3690357
    inttype: AE_INTERP_LINEAR
    fvalue1: 0.75
  }
  keytimes {
    datatype: AE_FLOAT_DATA
    timeOffset: 2.3856957
    inttype: AE_INTERP_LINEAR
    fvalue1: 0.75349259
    isCookedKeytime: true
  }
  keytimes {
    datatype: AE_FLOAT_DATA
    timeOffset: 2.4023557
    inttype: AE_INTERP_LINEAR
    fvalue1: 0.76712
    isCookedKeytime: true
  }
  keytimes {
    datatype: AE_FLOAT_DATA
    timeOffset: 2.4190156
    inttype: AE_INTERP_LINEAR
    fvalue1: 0.80060577
    isCookedKeytime: true
  }
  keytimes {
    datatype: AE_FLOAT_DATA
    timeOffset: 2.4356756
    inttype: AE_INTERP_LINEAR
    fvalue1: 0.8740809
    isCookedKeytime: true
  }
  keytimes {
    datatype: AE_FLOAT_DATA
    timeOffset: 2.4523356
    inttype: AE_INTERP_LINEAR
    fvalue1: 0.94838667
    isCookedKeytime: true
  }
  keytimes {
    datatype: AE_FLOAT_DATA
    timeOffset: 2.4689956
    inttype: AE_INTERP_LINEAR
    fvalue1: 0.98245323
    isCookedKeytime: true
  }
  keytimes {
    datatype: AE_FLOAT_DATA
    timeOffset: 2.4856555
    inttype: AE_INTERP_LINEAR
    fvalue1: 0.99635291
    isCookedKeytime: true
  }
  keytimes {
    datatype: AE_FLOAT_DATA
    timeOffset: 2.5023155
    inttype: AE_INTERP_LINEAR
    fvalue1: 0.99999881
    isCookedKeytime: true
  }
  keytimes {
    datatype: AE_FLOAT_DATA
    timeOffset: 2.5025024
    inttype: AE_INTERP_LINEAR
    fvalue1: 1
  }
  trackName: "Opacity"
}
tracks {
  binding: IS_VISIBLE
  targetid: 66331
  targetname: "Dark Gray Solid 5"
  keytimes {
    datatype: AE_INT_DATA
    timeOffset: 0
    inttype: AE_INTERP_HOLD
    ivalue1: 1
  }
}
tracks {
  binding: OPACITY
  targetid: 66331
  targetname: "Dark Gray Solid 5"
  keytimes {
    datatype: AE_FLOAT_DATA
    timeOffset: 0
    inttype: AE_INTERP_LINEAR
    fvalue1: 1
  }
  keytimes {
    datatype: AE_FLOAT_DATA
    timeOffset: 2.2022023
    inttype: AE_INTERP_LINEAR
    fvalue1: 1
  }
  keytimes {
    datatype: AE_FLOAT_DATA
    timeOffset: 2.2188623
    inttype: AE_INTERP_LINEAR
    fvalue1: 0.99650741
    isCookedKeytime: true
  }
  keytimes {
    datatype: AE_FLOAT_DATA
    timeOffset: 2.2355223
    inttype: AE_INTERP_LINEAR
    fvalue1: 0.98288
    isCookedKeytime: true
  }
  keytimes {
    datatype: AE_FLOAT_DATA
    timeOffset: 2.2521822
    inttype: AE_INTERP_LINEAR
    fvalue1: 0.94939423
    isCookedKeytime: true
  }
  keytimes {
    datatype: AE_FLOAT_DATA
    timeOffset: 2.2688422
    inttype: AE_INTERP_LINEAR
    fvalue1: 0.8759191
    isCookedKeytime: true
  }
  keytimes {
    datatype: AE_FLOAT_DATA
    timeOffset: 2.2855022
    inttype: AE_INTERP_LINEAR
    fvalue1: 0.80161333
    isCookedKeytime: true
  }
  keytimes {
    datatype: AE_FLOAT_DATA
    timeOffset: 2.3021622
    inttype: AE_INTERP_LINEAR
    fvalue1: 0.76754677
    isCookedKeytime: true
  }
  keytimes {
    datatype: AE_FLOAT_DATA
    timeOffset: 2.3188221
    inttype: AE_INTERP_LINEAR
    fvalue1: 0.75364709
    isCookedKeytime: true
  }
  keytimes {
    datatype: AE_FLOAT_DATA
    timeOffset: 2.3354821
    inttype: AE_INTERP_LINEAR
    fvalue1: 0.75000119
    isCookedKeytime: true
  }
  keytimes {
    datatype: AE_FLOAT_DATA
    timeOffset: 2.335669
    inttype: AE_INTERP_LINEAR
    fvalue1: 0.75
  }
  keytimes {
    datatype: AE_FLOAT_DATA
    timeOffset: 2.352329
    inttype: AE_INTERP_LINEAR
    fvalue1: 0.75349259
    isCookedKeytime: true
  }
  keytimes {
    datatype: AE_FLOAT_DATA
    timeOffset: 2.368989
    inttype: AE_INTERP_LINEAR
    fvalue1: 0.76712
    isCookedKeytime: true
  }
  keytimes {
    datatype: AE_FLOAT_DATA
    timeOffset: 2.385649
    inttype: AE_INTERP_LINEAR
    fvalue1: 0.80060577
    isCookedKeytime: true
  }
  keytimes {
    datatype: AE_FLOAT_DATA
    timeOffset: 2.4023089
    inttype: AE_INTERP_LINEAR
    fvalue1: 0.8740809
    isCookedKeytime: true
  }
  keytimes {
    datatype: AE_FLOAT_DATA
    timeOffset: 2.4189689
    inttype: AE_INTERP_LINEAR
    fvalue1: 0.94838667
    isCookedKeytime: true
  }
  keytimes {
    datatype: AE_FLOAT_DATA
    timeOffset: 2.4356289
    inttype: AE_INTERP_LINEAR
    fvalue1: 0.98245323
    isCookedKeytime: true
  }
  keytimes {
    datatype: AE_FLOAT_DATA
    timeOffset: 2.4522889
    inttype: AE_INTERP_LINEAR
    fvalue1: 0.99635291
    isCookedKeytime: true
  }
  keytimes {
    datatype: AE_FLOAT_DATA
    timeOffset: 2.4689488
    inttype: AE_INTERP_LINEAR
    fvalue1: 0.99999881
    isCookedKeytime: true
  }
  keytimes {
    datatype: AE_FLOAT_DATA
    timeOffset: 2.4691358
    inttype: AE_INTERP_LINEAR
    fvalue1: 1
  }
  trackName: "Opacity"
}
tracks {
  binding: IS_VISIBLE
  targetid: 66332
  targetname: "Dark Gray Solid 5"
  keytimes {
    datatype: AE_INT_DATA
    timeOffset: 0
    inttype: AE_INTERP_HOLD
    ivalue1: 1
  }
}
tracks {
  binding: OPACITY
  targetid: 66332
  targetname: "Dark Gray Solid 5"
  keytimes {
    datatype: AE_FLOAT_DATA
    timeOffset: 0
    inttype: AE_INTERP_LINEAR
    fvalue1: 1
  }
  keytimes {
    datatype: AE_FLOAT_DATA
    timeOffset: 2.1688354
    inttype: AE_INTERP_LINEAR
    fvalue1: 1
  }
  keytimes {
    datatype: AE_FLOAT_DATA
    timeOffset: 2.1854954
    inttype: AE_INTERP_LINEAR
    fvalue1: 0.99650741
    isCookedKeytime: true
  }
  keytimes {
    datatype: AE_FLOAT_DATA
    timeOffset: 2.2021554
    inttype: AE_INTERP_LINEAR
    fvalue1: 0.98288
    isCookedKeytime: true
  }
  keytimes {
    datatype: AE_FLOAT_DATA
    timeOffset: 2.2188153
    inttype: AE_INTERP_LINEAR
    fvalue1: 0.94939423
    isCookedKeytime: true
  }
  keytimes {
    datatype: AE_FLOAT_DATA
    timeOffset: 2.2354753
    inttype: AE_INTERP_LINEAR
    fvalue1: 0.8759191
    isCookedKeytime: true
  }
  keytimes {
    datatype: AE_FLOAT_DATA
    timeOffset: 2.2521353
    inttype: AE_INTERP_LINEAR
    fvalue1: 0.80161333
    isCookedKeytime: true
  }
  keytimes {
    datatype: AE_FLOAT_DATA
    timeOffset: 2.2687953
    inttype: AE_INTERP_LINEAR
    fvalue1: 0.76754677
    isCookedKeytime: true
  }
  keytimes {
    datatype: AE_FLOAT_DATA
    timeOffset: 2.2854552
    inttype: AE_INTERP_LINEAR
    fvalue1: 0.75364709
    isCookedKeytime: true
  }
  keytimes {
    datatype: AE_FLOAT_DATA
    timeOffset: 2.3021152
    inttype: AE_INTERP_LINEAR
    fvalue1: 0.75000119
    isCookedKeytime: true
  }
  keytimes {
    datatype: AE_FLOAT_DATA
    timeOffset: 2.3023024
    inttype: AE_INTERP_LINEAR
    fvalue1: 0.75
  }
  keytimes {
    datatype: AE_FLOAT_DATA
    timeOffset: 2.3189623
    inttype: AE_INTERP_LINEAR
    fvalue1: 0.75349259
    isCookedKeytime: true
  }
  keytimes {
    datatype: AE_FLOAT_DATA
    timeOffset: 2.3356223
    inttype: AE_INTERP_LINEAR
    fvalue1: 0.76712
    isCookedKeytime: true
  }
  keytimes {
    datatype: AE_FLOAT_DATA
    timeOffset: 2.3522823
    inttype: AE_INTERP_LINEAR
    fvalue1: 0.80060577
    isCookedKeytime: true
  }
  keytimes {
    datatype: AE_FLOAT_DATA
    timeOffset: 2.3689423
    inttype: AE_INTERP_LINEAR
    fvalue1: 0.8740809
    isCookedKeytime: true
  }
  keytimes {
    datatype: AE_FLOAT_DATA
    timeOffset: 2.3856022
    inttype: AE_INTERP_LINEAR
    fvalue1: 0.94838667
    isCookedKeytime: true
  }
  keytimes {
    datatype: AE_FLOAT_DATA
    timeOffset: 2.4022622
    inttype: AE_INTERP_LINEAR
    fvalue1: 0.98245323
    isCookedKeytime: true
  }
  keytimes {
    datatype: AE_FLOAT_DATA
    timeOffset: 2.4189222
    inttype: AE_INTERP_LINEAR
    fvalue1: 0.99635291
    isCookedKeytime: true
  }
  keytimes {
    datatype: AE_FLOAT_DATA
    timeOffset: 2.4355822
    inttype: AE_INTERP_LINEAR
    fvalue1: 0.99999881
    isCookedKeytime: true
  }
  keytimes {
    datatype: AE_FLOAT_DATA
    timeOffset: 2.4357691
    inttype: AE_INTERP_LINEAR
    fvalue1: 1
  }
  trackName: "Opacity"
}
tracks {
  binding: IS_VISIBLE
  targetid: 66333
  targetname: "Dark Gray Solid 5"
  keytimes {
    datatype: AE_INT_DATA
    timeOffset: 0
    inttype: AE_INTERP_HOLD
    ivalue1: 1
  }
}
tracks {
  binding: OPACITY
  targetid: 66333
  targetname: "Dark Gray Solid 5"
  keytimes {
    datatype: AE_FLOAT_DATA
    timeOffset: 0
    inttype: AE_INTERP_LINEAR
    fvalue1: 1
  }
  keytimes {
    datatype: AE_FLOAT_DATA
    timeOffset: 2.1354687
    inttype: AE_INTERP_LINEAR
    fvalue1: 1
  }
  keytimes {
    datatype: AE_FLOAT_DATA
    timeOffset: 2.1521287
    inttype: AE_INTERP_LINEAR
    fvalue1: 0.99650741
    isCookedKeytime: true
  }
  keytimes {
    datatype: AE_FLOAT_DATA
    timeOffset: 2.1687887
    inttype: AE_INTERP_LINEAR
    fvalue1: 0.98288
    isCookedKeytime: true
  }
  keytimes {
    datatype: AE_FLOAT_DATA
    timeOffset: 2.1854486
    inttype: AE_INTERP_LINEAR
    fvalue1: 0.94939423
    isCookedKeytime: true
  }
  keytimes {
    datatype: AE_FLOAT_DATA
    timeOffset: 2.2021086
    inttype: AE_INTERP_LINEAR
    fvalue1: 0.8759191
    isCookedKeytime: true
  }
  keytimes {
    datatype: AE_FLOAT_DATA
    timeOffset: 2.2187686
    inttype: AE_INTERP_LINEAR
    fvalue1: 0.80161333
    isCookedKeytime: true
  }
  keytimes {
    datatype: AE_FLOAT_DATA
    timeOffset: 2.2354286
    inttype: AE_INTERP_LINEAR
    fvalue1: 0.76754677
    isCookedKeytime: true
  }
  keytimes {
    datatype: AE_FLOAT_DATA
    timeOffset: 2.2520885
    inttype: AE_INTERP_LINEAR
    fvalue1: 0.75364709
    isCookedKeytime: true
  }
  keytimes {
    datatype: AE_FLOAT_DATA
    timeOffset: 2.2687485
    inttype: AE_INTERP_LINEAR
    fvalue1: 0.75000119
    isCookedKeytime: true
  }
  keytimes {
    datatype: AE_FLOAT_DATA
    timeOffset: 2.2689357
    inttype: AE_INTERP_LINEAR
    fvalue1: 0.75
  }
  keytimes {
    datatype: AE_FLOAT_DATA
    timeOffset: 2.2855957
    inttype: AE_INTERP_LINEAR
    fvalue1: 0.75349259
    isCookedKeytime: true
  }
  keytimes {
    datatype: AE_FLOAT_DATA
    timeOffset: 2.3022556
    inttype: AE_INTERP_LINEAR
    fvalue1: 0.76712
    isCookedKeytime: true
  }
  keytimes {
    datatype: AE_FLOAT_DATA
    timeOffset: 2.3189156
    inttype: AE_INTERP_LINEAR
    fvalue1: 0.80060577
    isCookedKeytime: true
  }
  keytimes {
    datatype: AE_FLOAT_DATA
    timeOffset: 2.3355756
    inttype: AE_INTERP_LINEAR
    fvalue1: 0.8740809
    isCookedKeytime: true
  }
  keytimes {
    datatype: AE_FLOAT_DATA
    timeOffset: 2.3522356
    inttype: AE_INTERP_LINEAR
    fvalue1: 0.94838667
    isCookedKeytime: true
  }
  keytimes {
    datatype: AE_FLOAT_DATA
    timeOffset: 2.3688955
    inttype: AE_INTERP_LINEAR
    fvalue1: 0.98245323
    isCookedKeytime: true
  }
  keytimes {
    datatype: AE_FLOAT_DATA
    timeOffset: 2.3855555
    inttype: AE_INTERP_LINEAR
    fvalue1: 0.99635291
    isCookedKeytime: true
  }
  keytimes {
    datatype: AE_FLOAT_DATA
    timeOffset: 2.4022155
    inttype: AE_INTERP_LINEAR
    fvalue1: 0.99999881
    isCookedKeytime: true
  }
  keytimes {
    datatype: AE_FLOAT_DATA
    timeOffset: 2.4024024
    inttype: AE_INTERP_LINEAR
    fvalue1: 1
  }
  trackName: "Opacity"
}
tracks {
  binding: IS_VISIBLE
  targetid: 66334
  targetname: "Dark Gray Solid 5"
  keytimes {
    datatype: AE_INT_DATA
    timeOffset: 0
    inttype: AE_INTERP_HOLD
    ivalue1: 1
  }
}
tracks {
  binding: OPACITY
  targetid: 66334
  targetname: "Dark Gray Solid 5"
  keytimes {
    datatype: AE_FLOAT_DATA
    timeOffset: 0
    inttype: AE_INTERP_LINEAR
    fvalue1: 1
  }
  keytimes {
    datatype: AE_FLOAT_DATA
    timeOffset: 2.102102
    inttype: AE_INTERP_LINEAR
    fvalue1: 1
  }
  keytimes {
    datatype: AE_FLOAT_DATA
    timeOffset: 2.118762
    inttype: AE_INTERP_LINEAR
    fvalue1: 0.99650741
    isCookedKeytime: true
  }
  keytimes {
    datatype: AE_FLOAT_DATA
    timeOffset: 2.135422
    inttype: AE_INTERP_LINEAR
    fvalue1: 0.98288
    isCookedKeytime: true
  }
  keytimes {
    datatype: AE_FLOAT_DATA
    timeOffset: 2.152082
    inttype: AE_INTERP_LINEAR
    fvalue1: 0.94939423
    isCookedKeytime: true
  }
  keytimes {
    datatype: AE_FLOAT_DATA
    timeOffset: 2.1687419
    inttype: AE_INTERP_LINEAR
    fvalue1: 0.8759191
    isCookedKeytime: true
  }
  keytimes {
    datatype: AE_FLOAT_DATA
    timeOffset: 2.1854019
    inttype: AE_INTERP_LINEAR
    fvalue1: 0.80161333
    isCookedKeytime: true
  }
  keytimes {
    datatype: AE_FLOAT_DATA
    timeOffset: 2.2020619
    inttype: AE_INTERP_LINEAR
    fvalue1: 0.76754677
    isCookedKeytime: true
  }
  keytimes {
    datatype: AE_FLOAT_DATA
    timeOffset: 2.2187219
    inttype: AE_INTERP_LINEAR
    fvalue1: 0.75364709
    isCookedKeytime: true
  }
  keytimes {
    datatype: AE_FLOAT_DATA
    timeOffset: 2.2353818
    inttype: AE_INTERP_LINEAR
    fvalue1: 0.75000119
    isCookedKeytime: true
  }
  keytimes {
    datatype: AE_FLOAT_DATA
    timeOffset: 2.235569
    inttype: AE_INTERP_LINEAR
    fvalue1: 0.75
  }
  keytimes {
    datatype: AE_FLOAT_DATA
    timeOffset: 2.252229
    inttype: AE_INTERP_LINEAR
    fvalue1: 0.75349259
    isCookedKeytime: true
  }
  keytimes {
    datatype: AE_FLOAT_DATA
    timeOffset: 2.268889
    inttype: AE_INTERP_LINEAR
    fvalue1: 0.76712
    isCookedKeytime: true
  }
  keytimes {
    datatype: AE_FLOAT_DATA
    timeOffset: 2.2855489
    inttype: AE_INTERP_LINEAR
    fvalue1: 0.80060577
    isCookedKeytime: true
  }
  keytimes {
    datatype: AE_FLOAT_DATA
    timeOffset: 2.3022089
    inttype: AE_INTERP_LINEAR
    fvalue1: 0.8740809
    isCookedKeytime: true
  }
  keytimes {
    datatype: AE_FLOAT_DATA
    timeOffset: 2.3188689
    inttype: AE_INTERP_LINEAR
    fvalue1: 0.94838667
    isCookedKeytime: true
  }
  keytimes {
    datatype: AE_FLOAT_DATA
    timeOffset: 2.3355289
    inttype: AE_INTERP_LINEAR
    fvalue1: 0.98245323
    isCookedKeytime: true
  }
  keytimes {
    datatype: AE_FLOAT_DATA
    timeOffset: 2.3521888
    inttype: AE_INTERP_LINEAR
    fvalue1: 0.99635291
    isCookedKeytime: true
  }
  keytimes {
    datatype: AE_FLOAT_DATA
    timeOffset: 2.3688488
    inttype: AE_INTERP_LINEAR
    fvalue1: 0.99999881
    isCookedKeytime: true
  }
  keytimes {
    datatype: AE_FLOAT_DATA
    timeOffset: 2.3690357
    inttype: AE_INTERP_LINEAR
    fvalue1: 1
  }
  trackName: "Opacity"
}
tracks {
  binding: IS_VISIBLE
  targetid: 66335
  targetname: "Dark Gray Solid 5"
  keytimes {
    datatype: AE_INT_DATA
    timeOffset: 0
    inttype: AE_INTERP_HOLD
    ivalue1: 1
  }
}
tracks {
  binding: OPACITY
  targetid: 66335
  targetname: "Dark Gray Solid 5"
  keytimes {
    datatype: AE_FLOAT_DATA
    timeOffset: 0
    inttype: AE_INTERP_LINEAR
    fvalue1: 1
  }
  keytimes {
    datatype: AE_FLOAT_DATA
    timeOffset: 2.0687354
    inttype: AE_INTERP_LINEAR
    fvalue1: 1
  }
  keytimes {
    datatype: AE_FLOAT_DATA
    timeOffset: 2.0853953
    inttype: AE_INTERP_LINEAR
    fvalue1: 0.99650741
    isCookedKeytime: true
  }
  keytimes {
    datatype: AE_FLOAT_DATA
    timeOffset: 2.1020553
    inttype: AE_INTERP_LINEAR
    fvalue1: 0.98288
    isCookedKeytime: true
  }
  keytimes {
    datatype: AE_FLOAT_DATA
    timeOffset: 2.1187153
    inttype: AE_INTERP_LINEAR
    fvalue1: 0.94939423
    isCookedKeytime: true
  }
  keytimes {
    datatype: AE_FLOAT_DATA
    timeOffset: 2.1353753
    inttype: AE_INTERP_LINEAR
    fvalue1: 0.8759191
    isCookedKeytime: true
  }
  keytimes {
    datatype: AE_FLOAT_DATA
    timeOffset: 2.1520352
    inttype: AE_INTERP_LINEAR
    fvalue1: 0.80161333
    isCookedKeytime: true
  }
  keytimes {
    datatype: AE_FLOAT_DATA
    timeOffset: 2.1686952
    inttype: AE_INTERP_LINEAR
    fvalue1: 0.76754677
    isCookedKeytime: true
  }
  keytimes {
    datatype: AE_FLOAT_DATA
    timeOffset: 2.1853552
    inttype: AE_INTERP_LINEAR
    fvalue1: 0.75364709
    isCookedKeytime: true
  }
  keytimes {
    datatype: AE_FLOAT_DATA
    timeOffset: 2.2020152
    inttype: AE_INTERP_LINEAR
    fvalue1: 0.75000119
    isCookedKeytime: true
  }
  keytimes {
    datatype: AE_FLOAT_DATA
    timeOffset: 2.2022023
    inttype: AE_INTERP_LINEAR
    fvalue1: 0.75
  }
  keytimes {
    datatype: AE_FLOAT_DATA
    timeOffset: 2.2188623
    inttype: AE_INTERP_LINEAR
    fvalue1: 0.75349259
    isCookedKeytime: true
  }
  keytimes {
    datatype: AE_FLOAT_DATA
    timeOffset: 2.2355223
    inttype: AE_INTERP_LINEAR
    fvalue1: 0.76712
    isCookedKeytime: true
  }
  keytimes {
    datatype: AE_FLOAT_DATA
    timeOffset: 2.2521822
    inttype: AE_INTERP_LINEAR
    fvalue1: 0.80060577
    isCookedKeytime: true
  }
  keytimes {
    datatype: AE_FLOAT_DATA
    timeOffset: 2.2688422
    inttype: AE_INTERP_LINEAR
    fvalue1: 0.8740809
    isCookedKeytime: true
  }
  keytimes {
    datatype: AE_FLOAT_DATA
    timeOffset: 2.2855022
    inttype: AE_INTERP_LINEAR
    fvalue1: 0.94838667
    isCookedKeytime: true
  }
  keytimes {
    datatype: AE_FLOAT_DATA
    timeOffset: 2.3021622
    inttype: AE_INTERP_LINEAR
    fvalue1: 0.98245323
    isCookedKeytime: true
  }
  keytimes {
    datatype: AE_FLOAT_DATA
    timeOffset: 2.3188221
    inttype: AE_INTERP_LINEAR
    fvalue1: 0.99635291
    isCookedKeytime: true
  }
  keytimes {
    datatype: AE_FLOAT_DATA
    timeOffset: 2.3354821
    inttype: AE_INTERP_LINEAR
    fvalue1: 0.99999881
    isCookedKeytime: true
  }
  keytimes {
    datatype: AE_FLOAT_DATA
    timeOffset: 2.335669
    inttype: AE_INTERP_LINEAR
    fvalue1: 1
  }
  trackName: "Opacity"
}
tracks {
  binding: IS_VISIBLE
  targetid: 66336
  targetname: "Dark Gray Solid 5"
  keytimes {
    datatype: AE_INT_DATA
    timeOffset: 0
    inttype: AE_INTERP_HOLD
    ivalue1: 1
  }
}
tracks {
  binding: OPACITY
  targetid: 66336
  targetname: "Dark Gray Solid 5"
  keytimes {
    datatype: AE_FLOAT_DATA
    timeOffset: 0
    inttype: AE_INTERP_LINEAR
    fvalue1: 1
  }
  keytimes {
    datatype: AE_FLOAT_DATA
    timeOffset: 2.0353687
    inttype: AE_INTERP_LINEAR
    fvalue1: 1
  }
  keytimes {
    datatype: AE_FLOAT_DATA
    timeOffset: 2.0520287
    inttype: AE_INTERP_LINEAR
    fvalue1: 0.99650741
    isCookedKeytime: true
  }
  keytimes {
    datatype: AE_FLOAT_DATA
    timeOffset: 2.0686886
    inttype: AE_INTERP_LINEAR
    fvalue1: 0.98288
    isCookedKeytime: true
  }
  keytimes {
    datatype: AE_FLOAT_DATA
    timeOffset: 2.0853486
    inttype: AE_INTERP_LINEAR
    fvalue1: 0.94939423
    isCookedKeytime: true
  }
  keytimes {
    datatype: AE_FLOAT_DATA
    timeOffset: 2.1020086
    inttype: AE_INTERP_LINEAR
    fvalue1: 0.8759191
    isCookedKeytime: true
  }
  keytimes {
    datatype: AE_FLOAT_DATA
    timeOffset: 2.1186686
    inttype: AE_INTERP_LINEAR
    fvalue1: 0.80161333
    isCookedKeytime: true
  }
  keytimes {
    datatype: AE_FLOAT_DATA
    timeOffset: 2.1353285
    inttype: AE_INTERP_LINEAR
    fvalue1: 0.76754677
    isCookedKeytime: true
  }
  keytimes {
    datatype: AE_FLOAT_DATA
    timeOffset: 2.1519885
    inttype: AE_INTERP_LINEAR
    fvalue1: 0.75364709
    isCookedKeytime: true
  }
  keytimes {
    datatype: AE_FLOAT_DATA
    timeOffset: 2.1686485
    inttype: AE_INTERP_LINEAR
    fvalue1: 0.75000119
    isCookedKeytime: true
  }
  keytimes {
    datatype: AE_FLOAT_DATA
    timeOffset: 2.1688354
    inttype: AE_INTERP_LINEAR
    fvalue1: 0.75
  }
  keytimes {
    datatype: AE_FLOAT_DATA
    timeOffset: 2.1854954
    inttype: AE_INTERP_LINEAR
    fvalue1: 0.75349259
    isCookedKeytime: true
  }
  keytimes {
    datatype: AE_FLOAT_DATA
    timeOffset: 2.2021554
    inttype: AE_INTERP_LINEAR
    fvalue1: 0.76712
    isCookedKeytime: true
  }
  keytimes {
    datatype: AE_FLOAT_DATA
    timeOffset: 2.2188153
    inttype: AE_INTERP_LINEAR
    fvalue1: 0.80060577
    isCookedKeytime: true
  }
  keytimes {
    datatype: AE_FLOAT_DATA
    timeOffset: 2.2354753
    inttype: AE_INTERP_LINEAR
    fvalue1: 0.8740809
    isCookedKeytime: true
  }
  keytimes {
    datatype: AE_FLOAT_DATA
    timeOffset: 2.2521353
    inttype: AE_INTERP_LINEAR
    fvalue1: 0.94838667
    isCookedKeytime: true
  }
  keytimes {
    datatype: AE_FLOAT_DATA
    timeOffset: 2.2687953
    inttype: AE_INTERP_LINEAR
    fvalue1: 0.98245323
    isCookedKeytime: true
  }
  keytimes {
    datatype: AE_FLOAT_DATA
    timeOffset: 2.2854552
    inttype: AE_INTERP_LINEAR
    fvalue1: 0.99635291
    isCookedKeytime: true
  }
  keytimes {
    datatype: AE_FLOAT_DATA
    timeOffset: 2.3021152
    inttype: AE_INTERP_LINEAR
    fvalue1: 0.99999881
    isCookedKeytime: true
  }
  keytimes {
    datatype: AE_FLOAT_DATA
    timeOffset: 2.3023024
    inttype: AE_INTERP_LINEAR
    fvalue1: 1
  }
  trackName: "Opacity"
}
tracks {
  binding: IS_VISIBLE
  targetid: 66337
  targetname: "Dark Gray Solid 5"
  keytimes {
    datatype: AE_INT_DATA
    timeOffset: 0
    inttype: AE_INTERP_HOLD
    ivalue1: 1
  }
}
tracks {
  binding: OPACITY
  targetid: 66337
  targetname: "Dark Gray Solid 5"
  keytimes {
    datatype: AE_FLOAT_DATA
    timeOffset: 0
    inttype: AE_INTERP_LINEAR
    fvalue1: 1
  }
  keytimes {
    datatype: AE_FLOAT_DATA
    timeOffset: 2.002002
    inttype: AE_INTERP_LINEAR
    fvalue1: 1
  }
  keytimes {
    datatype: AE_FLOAT_DATA
    timeOffset: 2.018662
    inttype: AE_INTERP_LINEAR
    fvalue1: 0.99650741
    isCookedKeytime: true
  }
  keytimes {
    datatype: AE_FLOAT_DATA
    timeOffset: 2.035322
    inttype: AE_INTERP_LINEAR
    fvalue1: 0.98288
    isCookedKeytime: true
  }
  keytimes {
    datatype: AE_FLOAT_DATA
    timeOffset: 2.0519819
    inttype: AE_INTERP_LINEAR
    fvalue1: 0.94939423
    isCookedKeytime: true
  }
  keytimes {
    datatype: AE_FLOAT_DATA
    timeOffset: 2.0686419
    inttype: AE_INTERP_LINEAR
    fvalue1: 0.8759191
    isCookedKeytime: true
  }
  keytimes {
    datatype: AE_FLOAT_DATA
    timeOffset: 2.0853019
    inttype: AE_INTERP_LINEAR
    fvalue1: 0.80161333
    isCookedKeytime: true
  }
  keytimes {
    datatype: AE_FLOAT_DATA
    timeOffset: 2.1019619
    inttype: AE_INTERP_LINEAR
    fvalue1: 0.76754677
    isCookedKeytime: true
  }
  keytimes {
    datatype: AE_FLOAT_DATA
    timeOffset: 2.1186218
    inttype: AE_INTERP_LINEAR
    fvalue1: 0.75364709
    isCookedKeytime: true
  }
  keytimes {
    datatype: AE_FLOAT_DATA
    timeOffset: 2.1352818
    inttype: AE_INTERP_LINEAR
    fvalue1: 0.75000119
    isCookedKeytime: true
  }
  keytimes {
    datatype: AE_FLOAT_DATA
    timeOffset: 2.1354687
    inttype: AE_INTERP_LINEAR
    fvalue1: 0.75
  }
  keytimes {
    datatype: AE_FLOAT_DATA
    timeOffset: 2.1521287
    inttype: AE_INTERP_LINEAR
    fvalue1: 0.75349259
    isCookedKeytime: true
  }
  keytimes {
    datatype: AE_FLOAT_DATA
    timeOffset: 2.1687887
    inttype: AE_INTERP_LINEAR
    fvalue1: 0.76712
    isCookedKeytime: true
  }
  keytimes {
    datatype: AE_FLOAT_DATA
    timeOffset: 2.1854486
    inttype: AE_INTERP_LINEAR
    fvalue1: 0.80060577
    isCookedKeytime: true
  }
  keytimes {
    datatype: AE_FLOAT_DATA
    timeOffset: 2.2021086
    inttype: AE_INTERP_LINEAR
    fvalue1: 0.8740809
    isCookedKeytime: true
  }
  keytimes {
    datatype: AE_FLOAT_DATA
    timeOffset: 2.2187686
    inttype: AE_INTERP_LINEAR
    fvalue1: 0.94838667
    isCookedKeytime: true
  }
  keytimes {
    datatype: AE_FLOAT_DATA
    timeOffset: 2.2354286
    inttype: AE_INTERP_LINEAR
    fvalue1: 0.98245323
    isCookedKeytime: true
  }
  keytimes {
    datatype: AE_FLOAT_DATA
    timeOffset: 2.2520885
    inttype: AE_INTERP_LINEAR
    fvalue1: 0.99635291
    isCookedKeytime: true
  }
  keytimes {
    datatype: AE_FLOAT_DATA
    timeOffset: 2.2687485
    inttype: AE_INTERP_LINEAR
    fvalue1: 0.99999881
    isCookedKeytime: true
  }
  keytimes {
    datatype: AE_FLOAT_DATA
    timeOffset: 2.2689357
    inttype: AE_INTERP_LINEAR
    fvalue1: 1
  }
  trackName: "Opacity"
}
markers {
  starttime: 2.002002
  duration: 1.001001
  name: "Loop"
  tracksSelection {
    targetid: 66318
    binding: OPACITY
  }
  tracksSelection {
    targetid: 66319
    binding: OPACITY
  }
  tracksSelection {
    targetid: 66320
    binding: OPACITY
  }
  tracksSelection {
    targetid: 66321
    binding: OPACITY
  }
  tracksSelection {
    targetid: 66322
    binding: OPACITY
  }
  tracksSelection {
    targetid: 66323
    binding: OPACITY
  }
  tracksSelection {
    targetid: 66324
    binding: OPACITY
  }
  tracksSelection {
    targetid: 66325
    binding: OPACITY
  }
  tracksSelection {
    targetid: 66326
    binding: OPACITY
  }
  tracksSelection {
    targetid: 66327
    binding: OPACITY
  }
  tracksSelection {
    targetid: 66328
    binding: OPACITY
  }
  tracksSelection {
    targetid: 66329
    binding: OPACITY
  }
  tracksSelection {
    targetid: 66330
    binding: OPACITY
  }
  tracksSelection {
    targetid: 66331
    binding: OPACITY
  }
  tracksSelection {
    targetid: 66332
    binding: OPACITY
  }
  tracksSelection {
    targetid: 66333
    binding: OPACITY
  }
  tracksSelection {
    targetid: 66334
    binding: OPACITY
  }
  tracksSelection {
    targetid: 66335
    binding: OPACITY
  }
  tracksSelection {
    targetid: 66336
    binding: OPACITY
  }
  tracksSelection {
    targetid: 66337
    binding: OPACITY
  }
  alltracks: false
  looping: false
}
