activecomp {
  name: "Home-TransitionOverlay_GUIDE"
  width: 1920
  height: 1080
  defaultcameradistance: 2666.6667
  layer {
    name: "guidecellSmall"
    id: 66685
    sourceid: 66771
    transform {
      anchorPoint {
        x: 195
        y: 65
        z: 0
      }
      scale {
        x: 1
        y: 1
        z: 1
      }
      position {
        x: 490
        y: 584
        z: 0
      }
      orientation {
        x: 0
        y: 0
        z: 0
      }
      rotationX: 0
      rotationY: 0
      rotationZ: 0
      opacity: 1
    }
    acceptsshadows: true
    acceptslights: true
    castsshadows: false
  }
  layer {
    name: "guidecellSmall 2"
    id: 66686
    sourceid: 66771
    transform {
      anchorPoint {
        x: 195
        y: 65
        z: 0
      }
      scale {
        x: 1
        y: 1
        z: 1
      }
      position {
        x: 490
        y: 713
        z: 0
      }
      orientation {
        x: 0
        y: 0
        z: 0
      }
      rotationX: 0
      rotationY: 0
      rotationZ: 0
      opacity: 1
    }
    acceptsshadows: true
    acceptslights: true
    castsshadows: false
  }
  layer {
    name: "guidecellSmall 5"
    id: 66687
    sourceid: 66771
    transform {
      anchorPoint {
        x: 195
        y: 65
        z: 0
      }
      scale {
        x: 1
        y: 1
        z: 1
      }
      position {
        x: 490
        y: 1102
        z: 0
      }
      orientation {
        x: 0
        y: 0
        z: 0
      }
      rotationX: 0
      rotationY: 0
      rotationZ: 0
      opacity: 1
    }
    acceptsshadows: true
    acceptslights: true
    castsshadows: false
  }
  layer {
    name: "guidecellSmall 4"
    id: 66688
    sourceid: 66771
    transform {
      anchorPoint {
        x: 195
        y: 65
        z: 0
      }
      scale {
        x: 1
        y: 1
        z: 1
      }
      position {
        x: 490
        y: 973
        z: 0
      }
      orientation {
        x: 0
        y: 0
        z: 0
      }
      rotationX: 0
      rotationY: 0
      rotationZ: 0
      opacity: 1
    }
    acceptsshadows: true
    acceptslights: true
    castsshadows: false
  }
  layer {
    name: "guidecellMed"
    id: 66689
    sourceid: 66749
    transform {
      anchorPoint {
        x: 390
        y: 65
        z: 0
      }
      scale {
        x: 1
        y: 1
        z: 1
      }
      position {
        x: 1074.5
        y: 583.875
        z: 0
      }
      orientation {
        x: 0
        y: 0
        z: 0
      }
      rotationX: 0
      rotationY: 0
      rotationZ: 0
      opacity: 1
    }
    acceptsshadows: true
    acceptslights: true
    castsshadows: false
  }
  layer {
    name: "guidecellMed 5"
    id: 66690
    sourceid: 66749
    transform {
      anchorPoint {
        x: 390
        y: 65
        z: 0
      }
      scale {
        x: 1
        y: 1
        z: 1
      }
      position {
        x: 685
        y: 842.875
        z: 0
      }
      orientation {
        x: 0
        y: 0
        z: 0
      }
      rotationX: 0
      rotationY: 0
      rotationZ: 0
      opacity: 1
    }
    acceptsshadows: true
    acceptslights: true
    castsshadows: false
  }
  layer {
    name: "guidecellMed 7"
    id: 66691
    sourceid: 66749
    transform {
      anchorPoint {
        x: 390
        y: 65
        z: 0
      }
      scale {
        x: 1
        y: 1
        z: 1
      }
      position {
        x: 1074.5
        y: 972.875
        z: 0
      }
      orientation {
        x: 0
        y: 0
        z: 0
      }
      rotationX: 0
      rotationY: 0
      rotationZ: 0
      opacity: 1
    }
    acceptsshadows: true
    acceptslights: true
    castsshadows: false
  }
  layer {
    name: "guidecellMed 2"
    id: 66692
    sourceid: 66749
    transform {
      anchorPoint {
        x: 390
        y: 65
        z: 0
      }
      scale {
        x: 1
        y: 1
        z: 1
      }
      position {
        x: 1853.875
        y: 583.875
        z: 0
      }
      orientation {
        x: 0
        y: 0
        z: 0
      }
      rotationX: 0
      rotationY: 0
      rotationZ: 0
      opacity: 1
    }
    acceptsshadows: true
    acceptslights: true
    castsshadows: false
  }
  layer {
    name: "guidecellMed 11"
    id: 66693
    sourceid: 66749
    transform {
      anchorPoint {
        x: 390
        y: 65
        z: 0
      }
      scale {
        x: 1
        y: 1
        z: 1
      }
      position {
        x: 2114.375
        y: 713.375
        z: 0
      }
      orientation {
        x: 0
        y: 0
        z: 0
      }
      rotationX: 0
      rotationY: 0
      rotationZ: 0
      opacity: 1
    }
    acceptsshadows: true
    acceptslights: true
    castsshadows: false
  }
  layer {
    name: "guidecellMed 13"
    id: 66694
    sourceid: 66749
    transform {
      anchorPoint {
        x: 390
        y: 65
        z: 0
      }
      scale {
        x: 1
        y: 1
        z: 1
      }
      position {
        x: 2114.375
        y: 1102.375
        z: 0
      }
      orientation {
        x: 0
        y: 0
        z: 0
      }
      rotationX: 0
      rotationY: 0
      rotationZ: 0
      opacity: 1
    }
    acceptsshadows: true
    acceptslights: true
    castsshadows: false
  }
  layer {
    name: "guidecellMed 6"
    id: 66695
    sourceid: 66749
    transform {
      anchorPoint {
        x: 390
        y: 65
        z: 0
      }
      scale {
        x: 1
        y: 1
        z: 1
      }
      position {
        x: 1464.875
        y: 842.875
        z: 0
      }
      orientation {
        x: 0
        y: 0
        z: 0
      }
      rotationX: 0
      rotationY: 0
      rotationZ: 0
      opacity: 1
    }
    acceptsshadows: true
    acceptslights: true
    castsshadows: false
  }
  layer {
    name: "guidecellMed 12"
    id: 66696
    sourceid: 66749
    transform {
      anchorPoint {
        x: 390
        y: 65
        z: 0
      }
      scale {
        x: 1
        y: 1
        z: 1
      }
      position {
        x: 2244.375
        y: 842.875
        z: 0
      }
      orientation {
        x: 0
        y: 0
        z: 0
      }
      rotationX: 0
      rotationY: 0
      rotationZ: 0
      opacity: 1
    }
    acceptsshadows: true
    acceptslights: true
    castsshadows: false
  }
  layer {
    name: "guidecellMed 8"
    id: 66697
    sourceid: 66749
    transform {
      anchorPoint {
        x: 390
        y: 65
        z: 0
      }
      scale {
        x: 1
        y: 1
        z: 1
      }
      position {
        x: 1853.875
        y: 972.875
        z: 0
      }
      orientation {
        x: 0
        y: 0
        z: 0
      }
      rotationX: 0
      rotationY: 0
      rotationZ: 0
      opacity: 1
    }
    acceptsshadows: true
    acceptslights: true
    castsshadows: false
  }
  layer {
    name: "guidecellLarge"
    id: 66698
    sourceid: 66786
    transform {
      anchorPoint {
        x: 520
        y: 65
        z: 0
      }
      scale {
        x: 1
        y: 1
        z: 1
      }
      position {
        x: 1204.5
        y: 713.25
        z: 0
      }
      orientation {
        x: 0
        y: 0
        z: 0
      }
      rotationX: 0
      rotationY: 0
      rotationZ: 0
      opacity: 1
    }
    acceptsshadows: true
    acceptslights: true
    castsshadows: false
  }
  layer {
    name: "guidecellLarge"
    id: 66699
    sourceid: 66786
    transform {
      anchorPoint {
        x: 520
        y: 65
        z: 0
      }
      scale {
        x: 1
        y: 1
        z: 1
      }
      position {
        x: 1204.5
        y: 1102.25
        z: 0
      }
      orientation {
        x: 0
        y: 0
        z: 0
      }
      rotationX: 0
      rotationY: 0
      rotationZ: 0
      opacity: 1
    }
    acceptsshadows: true
    acceptslights: true
    castsshadows: false
  }
  layer {
    name: "Dark Gray Solid 13"
    id: 66700
    sourceid: 66725
    transform {
      anchorPoint {
        x: 0.5
        y: 65
        z: 0
      }
      scale {
        x: 1
        y: 4.35
        z: 1
      }
      position {
        x: 295.5
        y: 801.625
        z: 0
      }
      orientation {
        x: 0
        y: 0
        z: 0
      }
      rotationX: 0
      rotationY: 0
      rotationZ: 0
      opacity: 1
    }
    acceptsshadows: true
    acceptslights: true
    castsshadows: false
  }
  layer {
    name: "Dark Gray Solid 3"
    id: 66701
    sourceid: 66573
    transform {
      anchorPoint {
        x: 150
        y: 15
        z: 0
      }
      scale {
        x: 1
        y: 1
        z: 1
      }
      position {
        x: 480
        y: 584
        z: 0
      }
      orientation {
        x: 0
        y: 0
        z: 0
      }
      rotationX: 0
      rotationY: 0
      rotationZ: 0
      opacity: 1
    }
    acceptsshadows: true
    acceptslights: true
    castsshadows: false
  }
  layer {
    name: "Dark Gray Solid 3"
    id: 66702
    sourceid: 66573
    transform {
      anchorPoint {
        x: 150
        y: 15
        z: 0
      }
      scale {
        x: 1
        y: 1
        z: 1
      }
      position {
        x: 480
        y: 713
        z: 0
      }
      orientation {
        x: 0
        y: 0
        z: 0
      }
      rotationX: 0
      rotationY: 0
      rotationZ: 0
      opacity: 1
    }
    acceptsshadows: true
    acceptslights: true
    castsshadows: false
  }
  layer {
    name: "Dark Gray Solid 3"
    id: 66703
    sourceid: 66573
    transform {
      anchorPoint {
        x: 150
        y: 15
        z: 0
      }
      scale {
        x: 1
        y: 1
        z: 1
      }
      position {
        x: 480
        y: 1102
        z: 0
      }
      orientation {
        x: 0
        y: 0
        z: 0
      }
      rotationX: 0
      rotationY: 0
      rotationZ: 0
      opacity: 1
    }
    acceptsshadows: true
    acceptslights: true
    castsshadows: false
  }
  layer {
    name: "Dark Gray Solid 3"
    id: 66704
    sourceid: 66573
    transform {
      anchorPoint {
        x: 150
        y: 15
        z: 0
      }
      scale {
        x: 1
        y: 1
        z: 1
      }
      position {
        x: 480
        y: 973
        z: 0
      }
      orientation {
        x: 0
        y: 0
        z: 0
      }
      rotationX: 0
      rotationY: 0
      rotationZ: 0
      opacity: 1
    }
    acceptsshadows: true
    acceptslights: true
    castsshadows: false
  }
  layer {
    name: "Dark Gray Solid 3"
    id: 66705
    sourceid: 66573
    transform {
      anchorPoint {
        x: 150
        y: 15
        z: 0
      }
      scale {
        x: 2
        y: 1
        z: 1
      }
      position {
        x: 1025
        y: 584
        z: 0
      }
      orientation {
        x: 0
        y: 0
        z: 0
      }
      rotationX: 0
      rotationY: 0
      rotationZ: 0
      opacity: 1
    }
    acceptsshadows: true
    acceptslights: true
    castsshadows: false
  }
  layer {
    name: "Dark Gray Solid 3"
    id: 66706
    sourceid: 66573
    transform {
      anchorPoint {
        x: 150
        y: 15
        z: 0
      }
      scale {
        x: 3
        y: 1
        z: 1
      }
      position {
        x: 1175
        y: 722
        z: 0
      }
      orientation {
        x: 0
        y: 0
        z: 0
      }
      rotationX: 0
      rotationY: 0
      rotationZ: 0
      opacity: 1
    }
    acceptsshadows: true
    acceptslights: true
    castsshadows: false
  }
  layer {
    name: "Dark Gray Solid 3"
    id: 66707
    sourceid: 66573
    transform {
      anchorPoint {
        x: 150
        y: 15
        z: 0
      }
      scale {
        x: 3
        y: 1
        z: 1
      }
      position {
        x: 1175
        y: 1111
        z: 0
      }
      orientation {
        x: 0
        y: 0
        z: 0
      }
      rotationX: 0
      rotationY: 0
      rotationZ: 0
      opacity: 1
    }
    acceptsshadows: true
    acceptslights: true
    castsshadows: false
  }
  layer {
    name: "Dark Gray Solid 3"
    id: 66708
    sourceid: 66573
    transform {
      anchorPoint {
        x: 150
        y: 15
        z: 0
      }
      scale {
        x: 2
        y: 1
        z: 1
      }
      position {
        x: 635.5
        y: 843
        z: 0
      }
      orientation {
        x: 0
        y: 0
        z: 0
      }
      rotationX: 0
      rotationY: 0
      rotationZ: 0
      opacity: 1
    }
    acceptsshadows: true
    acceptslights: true
    castsshadows: false
  }
  layer {
    name: "Dark Gray Solid 3"
    id: 66709
    sourceid: 66573
    transform {
      anchorPoint {
        x: 150
        y: 15
        z: 0
      }
      scale {
        x: 2
        y: 1
        z: 1
      }
      position {
        x: 1025
        y: 973
        z: 0
      }
      orientation {
        x: 0
        y: 0
        z: 0
      }
      rotationX: 0
      rotationY: 0
      rotationZ: 0
      opacity: 1
    }
    acceptsshadows: true
    acceptslights: true
    castsshadows: false
  }
  layer {
    name: "Dark Gray Solid 3"
    id: 66710
    sourceid: 66573
    transform {
      anchorPoint {
        x: 150
        y: 15
        z: 0
      }
      scale {
        x: 2
        y: 1
        z: 1
      }
      position {
        x: 1804.375
        y: 584
        z: 0
      }
      orientation {
        x: 0
        y: 0
        z: 0
      }
      rotationX: 0
      rotationY: 0
      rotationZ: 0
      opacity: 1
    }
    acceptsshadows: true
    acceptslights: true
    castsshadows: false
  }
  layer {
    name: "Dark Gray Solid 3"
    id: 66711
    sourceid: 66573
    transform {
      anchorPoint {
        x: 150
        y: 15
        z: 0
      }
      scale {
        x: 2
        y: 1
        z: 1
      }
      position {
        x: 2064.875
        y: 713.5
        z: 0
      }
      orientation {
        x: 0
        y: 0
        z: 0
      }
      rotationX: 0
      rotationY: 0
      rotationZ: 0
      opacity: 1
    }
    acceptsshadows: true
    acceptslights: true
    castsshadows: false
  }
  layer {
    name: "Dark Gray Solid 3"
    id: 66712
    sourceid: 66573
    transform {
      anchorPoint {
        x: 150
        y: 15
        z: 0
      }
      scale {
        x: 2
        y: 1
        z: 1
      }
      position {
        x: 2064.875
        y: 1102.5
        z: 0
      }
      orientation {
        x: 0
        y: 0
        z: 0
      }
      rotationX: 0
      rotationY: 0
      rotationZ: 0
      opacity: 1
    }
    acceptsshadows: true
    acceptslights: true
    castsshadows: false
  }
  layer {
    name: "Dark Gray Solid 3"
    id: 66713
    sourceid: 66573
    transform {
      anchorPoint {
        x: 150
        y: 15
        z: 0
      }
      scale {
        x: 2
        y: 1
        z: 1
      }
      position {
        x: 1415.375
        y: 843
        z: 0
      }
      orientation {
        x: 0
        y: 0
        z: 0
      }
      rotationX: 0
      rotationY: 0
      rotationZ: 0
      opacity: 1
    }
    acceptsshadows: true
    acceptslights: true
    castsshadows: false
  }
  layer {
    name: "Dark Gray Solid 3"
    id: 66714
    sourceid: 66573
    transform {
      anchorPoint {
        x: 150
        y: 15
        z: 0
      }
      scale {
        x: 2
        y: 1
        z: 1
      }
      position {
        x: 2194.875
        y: 843
        z: 0
      }
      orientation {
        x: 0
        y: 0
        z: 0
      }
      rotationX: 0
      rotationY: 0
      rotationZ: 0
      opacity: 1
    }
    acceptsshadows: true
    acceptslights: true
    castsshadows: false
  }
  layer {
    name: "Dark Gray Solid 3"
    id: 66715
    sourceid: 66573
    transform {
      anchorPoint {
        x: 150
        y: 15
        z: 0
      }
      scale {
        x: 2
        y: 1
        z: 1
      }
      position {
        x: 1804.375
        y: 973
        z: 0
      }
      orientation {
        x: 0
        y: 0
        z: 0
      }
      rotationX: 0
      rotationY: 0
      rotationZ: 0
      opacity: 1
    }
    acceptsshadows: true
    acceptslights: true
    castsshadows: false
  }
  layer {
    name: "Dark Gray Solid 11"
    id: 66716
    sourceid: 66721
    transform {
      anchorPoint {
        x: 30
        y: 50
        z: 0
      }
      scale {
        x: 0.57
        y: 0.57
        z: 1
      }
      position {
        x: 163
        y: 582
        z: 0
      }
      orientation {
        x: 0
        y: 0
        z: 0
      }
      rotationX: 0
      rotationY: 0
      rotationZ: 0
      opacity: 1
    }
    acceptsshadows: true
    acceptslights: true
    castsshadows: false
  }
  layer {
    name: "Dark Gray Solid 11"
    id: 66717
    sourceid: 66721
    transform {
      anchorPoint {
        x: 30
        y: 50
        z: 0
      }
      scale {
        x: 0.57
        y: 0.57
        z: 1
      }
      position {
        x: 163
        y: 711
        z: 0
      }
      orientation {
        x: 0
        y: 0
        z: 0
      }
      rotationX: 0
      rotationY: 0
      rotationZ: 0
      opacity: 1
    }
    acceptsshadows: true
    acceptslights: true
    castsshadows: false
  }
  layer {
    name: "Dark Gray Solid 11"
    id: 66718
    sourceid: 66721
    transform {
      anchorPoint {
        x: 30
        y: 50
        z: 0
      }
      scale {
        x: 0.57
        y: 0.57
        z: 1
      }
      position {
        x: 163
        y: 841
        z: 0
      }
      orientation {
        x: 0
        y: 0
        z: 0
      }
      rotationX: 0
      rotationY: 0
      rotationZ: 0
      opacity: 1
    }
    acceptsshadows: true
    acceptslights: true
    castsshadows: false
  }
  layer {
    name: "Dark Gray Solid 11"
    id: 66719
    sourceid: 66721
    transform {
      anchorPoint {
        x: 30
        y: 50
        z: 0
      }
      scale {
        x: 0.57
        y: 0.57
        z: 1
      }
      position {
        x: 163
        y: 971
        z: 0
      }
      orientation {
        x: 0
        y: 0
        z: 0
      }
      rotationX: 0
      rotationY: 0
      rotationZ: 0
      opacity: 1
    }
    acceptsshadows: true
    acceptslights: true
    castsshadows: false
  }
  layer {
    name: "Dark Gray Solid 11"
    id: 66720
    sourceid: 66721
    transform {
      anchorPoint {
        x: 30
        y: 50
        z: 0
      }
      scale {
        x: 0.57
        y: 0.57
        z: 1
      }
      position {
        x: 163
        y: 1099
        z: 0
      }
      orientation {
        x: 0
        y: 0
        z: 0
      }
      rotationX: 0
      rotationY: 0
      rotationZ: 0
      opacity: 1
    }
    acceptsshadows: true
    acceptslights: true
    castsshadows: false
  }
  layer {
    name: "Dark Gray Solid 10"
    id: 66721
    sourceid: 66717
    transform {
      anchorPoint {
        x: 35
        y: 50
        z: 0
      }
      scale {
        x: 1
        y: 1
        z: 1
      }
      position {
        x: 251
        y: 584
        z: 0
      }
      orientation {
        x: 0
        y: 0
        z: 0
      }
      rotationX: 0
      rotationY: 0
      rotationZ: 0
      opacity: 1
    }
    acceptsshadows: true
    acceptslights: true
    castsshadows: false
  }
  layer {
    name: "Dark Gray Solid 10"
    id: 66722
    sourceid: 66717
    transform {
      anchorPoint {
        x: 35
        y: 50
        z: 0
      }
      scale {
        x: 1
        y: 1
        z: 1
      }
      position {
        x: 251
        y: 713
        z: 0
      }
      orientation {
        x: 0
        y: 0
        z: 0
      }
      rotationX: 0
      rotationY: 0
      rotationZ: 0
      opacity: 1
    }
    acceptsshadows: true
    acceptslights: true
    castsshadows: false
  }
  layer {
    name: "Dark Gray Solid 10"
    id: 66723
    sourceid: 66717
    transform {
      anchorPoint {
        x: 35
        y: 50
        z: 0
      }
      scale {
        x: 1
        y: 1
        z: 1
      }
      position {
        x: 251
        y: 843
        z: 0
      }
      orientation {
        x: 0
        y: 0
        z: 0
      }
      rotationX: 0
      rotationY: 0
      rotationZ: 0
      opacity: 1
    }
    acceptsshadows: true
    acceptslights: true
    castsshadows: false
  }
  layer {
    name: "Dark Gray Solid 10"
    id: 66724
    sourceid: 66717
    transform {
      anchorPoint {
        x: 35
        y: 50
        z: 0
      }
      scale {
        x: 1
        y: 1
        z: 1
      }
      position {
        x: 251
        y: 973
        z: 0
      }
      orientation {
        x: 0
        y: 0
        z: 0
      }
      rotationX: 0
      rotationY: 0
      rotationZ: 0
      opacity: 1
    }
    acceptsshadows: true
    acceptslights: true
    castsshadows: false
  }
  layer {
    name: "Dark Gray Solid 10"
    id: 66725
    sourceid: 66717
    transform {
      anchorPoint {
        x: 35
        y: 50
        z: 0
      }
      scale {
        x: 1
        y: 1
        z: 1
      }
      position {
        x: 251
        y: 1101
        z: 0
      }
      orientation {
        x: 0
        y: 0
        z: 0
      }
      rotationX: 0
      rotationY: 0
      rotationZ: 0
      opacity: 1
    }
    acceptsshadows: true
    acceptslights: true
    castsshadows: false
  }
  bgcolor {
    alpha: 1
    red: 0
    green: 0
    blue: 0
  }
  properties {
    key: "interactive"
    value: "off"
  }
  childtemplates: "Home-TransitionOverlay_guidecellSmall"
  childtemplates: "Home-TransitionOverlay_guidecellMed"
  childtemplates: "Home-TransitionOverlay_guidecellLarge"
}
sources {
  uid: 66771
  srctype: AE_COMP_SRC
  name: "Home-TransitionOverlay_guidecellSmall.layout"
  width: 390
  height: 130
  copy_source: true
}
sources {
  uid: 66749
  srctype: AE_COMP_SRC
  name: "Home-TransitionOverlay_guidecellMed.layout"
  width: 780
  height: 130
  copy_source: true
}
sources {
  uid: 66786
  srctype: AE_COMP_SRC
  name: "Home-TransitionOverlay_guidecellLarge.layout"
  width: 1040
  height: 130
  copy_source: true
}
sources {
  uid: 66725
  srctype: AE_SOLID_SRC
  color {
    alpha: 1
    red: 0.25097998976707458
    green: 0.25097998976707458
    blue: 0.25097998976707458
  }
  width: 1
  height: 130
  copy_source: false
}
sources {
  uid: 66573
  srctype: AE_SOLID_SRC
  color {
    alpha: 1
    red: 0.25174599885940552
    green: 0.25174599885940552
    blue: 0.25174599885940552
  }
  width: 300
  height: 30
  copy_source: false
}
sources {
  uid: 66721
  srctype: AE_SOLID_SRC
  color {
    alpha: 1
    red: 0.25097998976707458
    green: 0.25097998976707458
    blue: 0.25097998976707458
  }
  width: 60
  height: 100
  copy_source: false
}
sources {
  uid: 66717
  srctype: AE_SOLID_SRC
  color {
    alpha: 1
    red: 0.25097998976707458
    green: 0.25097998976707458
    blue: 0.25097998976707458
  }
  width: 70
  height: 100
  copy_source: false
}
