activecomp {
  name: "Home-TransitionOverlay_guidecellLarge"
  width: 1040
  height: 130
  defaultcameradistance: 1444.4445
  layer {
    name: "Dark Gray Solid 12"
    id: 66786
    sourceid: 66722
    transform {
      anchorPoint {
        x: 194
        y: 0.5
        z: 0
      }
      scale {
        x: 2.6804123
        y: 1
        z: 1
      }
      position {
        x: 520
        y: 0.5
        z: 0
      }
      orientation {
        x: 0
        y: 0
        z: 0
      }
      rotationX: 0
      rotationY: 0
      rotationZ: 0
      opacity: 1
    }
    acceptsshadows: true
    acceptslights: true
    castsshadows: false
  }
  layer {
    name: "Dark Gray Solid 14"
    id: 66787
    sourceid: 66729
    transform {
      anchorPoint {
        x: 194
        y: 0.5
        z: 0
      }
      scale {
        x: 2.6804123
        y: 1
        z: 1
      }
      position {
        x: 520
        y: 129.5
        z: 0
      }
      orientation {
        x: 0
        y: 0
        z: 0
      }
      rotationX: 0
      rotationY: 0
      rotationZ: 0
      opacity: 1
    }
    acceptsshadows: true
    acceptslights: true
    castsshadows: false
  }
  layer {
    name: "Dark Gray Solid 13"
    id: 66788
    sourceid: 66725
    transform {
      anchorPoint {
        x: 0.5
        y: 65
        z: 0
      }
      scale {
        x: 1
        y: 1
        z: 1
      }
      position {
        x: 1039.5
        y: 65
        z: 0
      }
      orientation {
        x: 0
        y: 0
        z: 0
      }
      rotationX: 0
      rotationY: 0
      rotationZ: 0
      opacity: 1
    }
    acceptsshadows: true
    acceptslights: true
    castsshadows: false
  }
  bgcolor {
    alpha: 1
    red: 0
    green: 0
    blue: 0
  }
  properties {
    key: "interactive"
    value: "off"
  }
}
sources {
  uid: 66722
  srctype: AE_SOLID_SRC
  color {
    alpha: 1
    red: 0.25097998976707458
    green: 0.25097998976707458
    blue: 0.25097998976707458
  }
  width: 388
  height: 1
  copy_source: false
}
sources {
  uid: 66729
  srctype: AE_SOLID_SRC
  color {
    alpha: 1
    red: 0.25097998976707458
    green: 0.25097998976707458
    blue: 0.25097998976707458
  }
  width: 388
  height: 1
  copy_source: false
}
sources {
  uid: 66725
  srctype: AE_SOLID_SRC
  color {
    alpha: 1
    red: 0.25097998976707458
    green: 0.25097998976707458
    blue: 0.25097998976707458
  }
  width: 1
  height: 130
  copy_source: false
}
