activecomp {
  name: "Home-TransitionOverlay_Main-Root"
  width: 1920
  height: 1080
  defaultcameradistance: 2666.6667
  layer {
    name: "Main"
    id: 66293
    sourceid: 66253
    transform {
      anchorPoint {
        x: 960
        y: 540
        z: 0
      }
      scale {
        x: 1
        y: 1
        z: 1
      }
      position {
        x: 960
        y: 540
        z: 0
      }
      orientation {
        x: 0
        y: 0
        z: 0
      }
      rotationX: 0
      rotationY: 0
      rotationZ: 0
      opacity: 1
    }
    acceptsshadows: true
    acceptslights: true
    castsshadows: false
    properties {
      key: "interactive"
      value: "off"
    }
  }
  bgcolor {
    alpha: 1
    red: 0
    green: 0
    blue: 0
  }
  properties {
    key: "interactive"
    value: "off"
  }
  childtemplates: "Home-TransitionOverlay_Main"
}
sources {
  uid: 66253
  srctype: AE_COMP_SRC
  name: "Home-TransitionOverlay_Main.layout"
  width: 1920
  height: 1080
  copy_source: true
}
