tracks {
  binding: IS_VISIBLE
  targetid: 66198
  targetname: "Dark Gray Solid 8"
  keytimes {
    datatype: AE_INT_DATA
    timeOffset: 0
    inttype: AE_INTERP_HOLD
    ivalue1: 1
  }
}
tracks {
  binding: OPACITY
  targetid: 66198
  targetname: "Dark Gray Solid 8"
  keytimes {
    datatype: AE_FLOAT_DATA
    timeOffset: 0
    inttype: AE_INTERP_LINEAR
    fvalue1: 1
  }
  keytimes {
    datatype: AE_FLOAT_DATA
    timeOffset: 2.7360694
    inttype: AE_INTERP_LINEAR
    fvalue1: 1
  }
  keytimes {
    datatype: AE_FLOAT_DATA
    timeOffset: 2.8695362
    inttype: AE_INTERP_LINEAR
    fvalue1: 0.75
  }
  keytimes {
    datatype: AE_FLOAT_DATA
    timeOffset: 3.0030031
    inttype: AE_INTERP_LINEAR
    fvalue1: 1
  }
  trackName: "Opacity"
}
tracks {
  binding: IS_VISIBLE
  targetid: 66199
  targetname: "Dark Gray Solid 8"
  keytimes {
    datatype: AE_INT_DATA
    timeOffset: 0
    inttype: AE_INTERP_HOLD
    ivalue1: 1
  }
}
tracks {
  binding: OPACITY
  targetid: 66199
  targetname: "Dark Gray Solid 8"
  keytimes {
    datatype: AE_FLOAT_DATA
    timeOffset: 0
    inttype: AE_INTERP_LINEAR
    fvalue1: 1
  }
  keytimes {
    datatype: AE_FLOAT_DATA
    timeOffset: 2.7360694
    inttype: AE_INTERP_LINEAR
    fvalue1: 1
  }
  keytimes {
    datatype: AE_FLOAT_DATA
    timeOffset: 2.8695362
    inttype: AE_INTERP_LINEAR
    fvalue1: 0.75
  }
  keytimes {
    datatype: AE_FLOAT_DATA
    timeOffset: 3.0030031
    inttype: AE_INTERP_LINEAR
    fvalue1: 1
  }
  trackName: "Opacity"
}
tracks {
  binding: IS_VISIBLE
  targetid: 66200
  targetname: "Dark Gray Solid 8"
  keytimes {
    datatype: AE_INT_DATA
    timeOffset: 0
    inttype: AE_INTERP_HOLD
    ivalue1: 1
  }
}
tracks {
  binding: OPACITY
  targetid: 66200
  targetname: "Dark Gray Solid 8"
  keytimes {
    datatype: AE_FLOAT_DATA
    timeOffset: 0
    inttype: AE_INTERP_LINEAR
    fvalue1: 1
  }
  keytimes {
    datatype: AE_FLOAT_DATA
    timeOffset: 2.6693361
    inttype: AE_INTERP_LINEAR
    fvalue1: 1
  }
  keytimes {
    datatype: AE_FLOAT_DATA
    timeOffset: 2.8028028
    inttype: AE_INTERP_LINEAR
    fvalue1: 0.75
  }
  keytimes {
    datatype: AE_FLOAT_DATA
    timeOffset: 2.9362695
    inttype: AE_INTERP_LINEAR
    fvalue1: 1
  }
  trackName: "Opacity"
}
tracks {
  binding: IS_VISIBLE
  targetid: 66201
  targetname: "Dark Gray Solid 3"
  keytimes {
    datatype: AE_INT_DATA
    timeOffset: 0
    inttype: AE_INTERP_HOLD
    ivalue1: 1
  }
}
tracks {
  binding: OPACITY
  targetid: 66201
  targetname: "Dark Gray Solid 3"
  keytimes {
    datatype: AE_FLOAT_DATA
    timeOffset: 0
    inttype: AE_INTERP_LINEAR
    fvalue1: 1
  }
  keytimes {
    datatype: AE_FLOAT_DATA
    timeOffset: 2.6026027
    inttype: AE_INTERP_LINEAR
    fvalue1: 1
  }
  keytimes {
    datatype: AE_FLOAT_DATA
    timeOffset: 2.7360694
    inttype: AE_INTERP_LINEAR
    fvalue1: 0.75
  }
  keytimes {
    datatype: AE_FLOAT_DATA
    timeOffset: 2.8695362
    inttype: AE_INTERP_LINEAR
    fvalue1: 1
  }
  trackName: "Opacity"
}
tracks {
  binding: IS_VISIBLE
  targetid: 66202
  targetname: "Dark Gray Solid 4"
  keytimes {
    datatype: AE_INT_DATA
    timeOffset: 0
    inttype: AE_INTERP_HOLD
    ivalue1: 1
  }
}
tracks {
  binding: OPACITY
  targetid: 66202
  targetname: "Dark Gray Solid 4"
  keytimes {
    datatype: AE_FLOAT_DATA
    timeOffset: 0
    inttype: AE_INTERP_LINEAR
    fvalue1: 1
  }
  keytimes {
    datatype: AE_FLOAT_DATA
    timeOffset: 2.5358691
    inttype: AE_INTERP_LINEAR
    fvalue1: 1
  }
  keytimes {
    datatype: AE_FLOAT_DATA
    timeOffset: 2.6693361
    inttype: AE_INTERP_LINEAR
    fvalue1: 0.75
  }
  keytimes {
    datatype: AE_FLOAT_DATA
    timeOffset: 2.8028028
    inttype: AE_INTERP_LINEAR
    fvalue1: 1
  }
  trackName: "Opacity"
}
tracks {
  binding: IS_VISIBLE
  targetid: 66203
  targetname: "Dark Gray Solid 9"
  keytimes {
    datatype: AE_INT_DATA
    timeOffset: 0
    inttype: AE_INTERP_HOLD
    ivalue1: 1
  }
}
tracks {
  binding: OPACITY
  targetid: 66203
  targetname: "Dark Gray Solid 9"
  keytimes {
    datatype: AE_FLOAT_DATA
    timeOffset: 0
    inttype: AE_INTERP_LINEAR
    fvalue1: 1
  }
  keytimes {
    datatype: AE_FLOAT_DATA
    timeOffset: 2.4691358
    inttype: AE_INTERP_LINEAR
    fvalue1: 1
  }
  keytimes {
    datatype: AE_FLOAT_DATA
    timeOffset: 2.6026027
    inttype: AE_INTERP_LINEAR
    fvalue1: 0.75
  }
  keytimes {
    datatype: AE_FLOAT_DATA
    timeOffset: 2.7360694
    inttype: AE_INTERP_LINEAR
    fvalue1: 1
  }
  trackName: "Opacity"
}
tracks {
  binding: IS_VISIBLE
  targetid: 66204
  targetname: "Dark Gray Solid 9"
  keytimes {
    datatype: AE_INT_DATA
    timeOffset: 0
    inttype: AE_INTERP_HOLD
    ivalue1: 1
  }
}
tracks {
  binding: OPACITY
  targetid: 66204
  targetname: "Dark Gray Solid 9"
  keytimes {
    datatype: AE_FLOAT_DATA
    timeOffset: 0
    inttype: AE_INTERP_LINEAR
    fvalue1: 1
  }
  keytimes {
    datatype: AE_FLOAT_DATA
    timeOffset: 2.4024024
    inttype: AE_INTERP_LINEAR
    fvalue1: 1
  }
  keytimes {
    datatype: AE_FLOAT_DATA
    timeOffset: 2.5358691
    inttype: AE_INTERP_LINEAR
    fvalue1: 0.75
  }
  keytimes {
    datatype: AE_FLOAT_DATA
    timeOffset: 2.6693361
    inttype: AE_INTERP_LINEAR
    fvalue1: 1
  }
  trackName: "Opacity"
}
tracks {
  binding: IS_VISIBLE
  targetid: 66205
  targetname: "Dark Gray Solid 9"
  keytimes {
    datatype: AE_INT_DATA
    timeOffset: 0
    inttype: AE_INTERP_HOLD
    ivalue1: 1
  }
}
tracks {
  binding: OPACITY
  targetid: 66205
  targetname: "Dark Gray Solid 9"
  keytimes {
    datatype: AE_FLOAT_DATA
    timeOffset: 0
    inttype: AE_INTERP_LINEAR
    fvalue1: 1
  }
  keytimes {
    datatype: AE_FLOAT_DATA
    timeOffset: 2.335669
    inttype: AE_INTERP_LINEAR
    fvalue1: 1
  }
  keytimes {
    datatype: AE_FLOAT_DATA
    timeOffset: 2.4691358
    inttype: AE_INTERP_LINEAR
    fvalue1: 0.75
  }
  keytimes {
    datatype: AE_FLOAT_DATA
    timeOffset: 2.6026027
    inttype: AE_INTERP_LINEAR
    fvalue1: 1
  }
  trackName: "Opacity"
}
tracks {
  binding: IS_VISIBLE
  targetid: 66206
  targetname: "Dark Gray Solid 9"
  keytimes {
    datatype: AE_INT_DATA
    timeOffset: 0
    inttype: AE_INTERP_HOLD
    ivalue1: 1
  }
}
tracks {
  binding: OPACITY
  targetid: 66206
  targetname: "Dark Gray Solid 9"
  keytimes {
    datatype: AE_FLOAT_DATA
    timeOffset: 0
    inttype: AE_INTERP_LINEAR
    fvalue1: 1
  }
  keytimes {
    datatype: AE_FLOAT_DATA
    timeOffset: 2.2689357
    inttype: AE_INTERP_LINEAR
    fvalue1: 1
  }
  keytimes {
    datatype: AE_FLOAT_DATA
    timeOffset: 2.4024024
    inttype: AE_INTERP_LINEAR
    fvalue1: 0.75
  }
  keytimes {
    datatype: AE_FLOAT_DATA
    timeOffset: 2.5358691
    inttype: AE_INTERP_LINEAR
    fvalue1: 1
  }
  trackName: "Opacity"
}
tracks {
  binding: IS_VISIBLE
  targetid: 66207
  targetname: "Dark Gray Solid 9"
  keytimes {
    datatype: AE_INT_DATA
    timeOffset: 0
    inttype: AE_INTERP_HOLD
    ivalue1: 1
  }
}
tracks {
  binding: OPACITY
  targetid: 66207
  targetname: "Dark Gray Solid 9"
  keytimes {
    datatype: AE_FLOAT_DATA
    timeOffset: 0
    inttype: AE_INTERP_LINEAR
    fvalue1: 1
  }
  keytimes {
    datatype: AE_FLOAT_DATA
    timeOffset: 2.2022023
    inttype: AE_INTERP_LINEAR
    fvalue1: 1
  }
  keytimes {
    datatype: AE_FLOAT_DATA
    timeOffset: 2.335669
    inttype: AE_INTERP_LINEAR
    fvalue1: 0.75
  }
  keytimes {
    datatype: AE_FLOAT_DATA
    timeOffset: 2.4691358
    inttype: AE_INTERP_LINEAR
    fvalue1: 1
  }
  trackName: "Opacity"
}
tracks {
  binding: IS_VISIBLE
  targetid: 66208
  targetname: "Dark Gray Solid 9"
  keytimes {
    datatype: AE_INT_DATA
    timeOffset: 0
    inttype: AE_INTERP_HOLD
    ivalue1: 1
  }
}
tracks {
  binding: OPACITY
  targetid: 66208
  targetname: "Dark Gray Solid 9"
  keytimes {
    datatype: AE_FLOAT_DATA
    timeOffset: 0
    inttype: AE_INTERP_LINEAR
    fvalue1: 1
  }
  keytimes {
    datatype: AE_FLOAT_DATA
    timeOffset: 2.1354687
    inttype: AE_INTERP_LINEAR
    fvalue1: 1
  }
  keytimes {
    datatype: AE_FLOAT_DATA
    timeOffset: 2.2689357
    inttype: AE_INTERP_LINEAR
    fvalue1: 0.75
  }
  keytimes {
    datatype: AE_FLOAT_DATA
    timeOffset: 2.4024024
    inttype: AE_INTERP_LINEAR
    fvalue1: 1
  }
  trackName: "Opacity"
}
tracks {
  binding: IS_VISIBLE
  targetid: 66209
  targetname: "Dark Gray Solid 9"
  keytimes {
    datatype: AE_INT_DATA
    timeOffset: 0
    inttype: AE_INTERP_HOLD
    ivalue1: 1
  }
}
tracks {
  binding: OPACITY
  targetid: 66209
  targetname: "Dark Gray Solid 9"
  keytimes {
    datatype: AE_FLOAT_DATA
    timeOffset: 0
    inttype: AE_INTERP_LINEAR
    fvalue1: 1
  }
  keytimes {
    datatype: AE_FLOAT_DATA
    timeOffset: 2.0687354
    inttype: AE_INTERP_LINEAR
    fvalue1: 1
  }
  keytimes {
    datatype: AE_FLOAT_DATA
    timeOffset: 2.2022023
    inttype: AE_INTERP_LINEAR
    fvalue1: 0.75
  }
  keytimes {
    datatype: AE_FLOAT_DATA
    timeOffset: 2.335669
    inttype: AE_INTERP_LINEAR
    fvalue1: 1
  }
  trackName: "Opacity"
}
tracks {
  binding: IS_VISIBLE
  targetid: 66210
  targetname: "Dark Gray Solid 9"
  keytimes {
    datatype: AE_INT_DATA
    timeOffset: 0
    inttype: AE_INTERP_HOLD
    ivalue1: 1
  }
}
tracks {
  binding: OPACITY
  targetid: 66210
  targetname: "Dark Gray Solid 9"
  keytimes {
    datatype: AE_FLOAT_DATA
    timeOffset: 0
    inttype: AE_INTERP_LINEAR
    fvalue1: 1
  }
  keytimes {
    datatype: AE_FLOAT_DATA
    timeOffset: 2.002002
    inttype: AE_INTERP_LINEAR
    fvalue1: 1
  }
  keytimes {
    datatype: AE_FLOAT_DATA
    timeOffset: 2.1354687
    inttype: AE_INTERP_LINEAR
    fvalue1: 0.75
  }
  keytimes {
    datatype: AE_FLOAT_DATA
    timeOffset: 2.2689357
    inttype: AE_INTERP_LINEAR
    fvalue1: 1
  }
  trackName: "Opacity"
}
markers {
  starttime: 2.002002
  duration: 1.001001
  name: "Loop"
  tracksSelection {
    targetid: 66198
    binding: OPACITY
  }
  tracksSelection {
    targetid: 66199
    binding: OPACITY
  }
  tracksSelection {
    targetid: 66200
    binding: OPACITY
  }
  tracksSelection {
    targetid: 66201
    binding: OPACITY
  }
  tracksSelection {
    targetid: 66202
    binding: OPACITY
  }
  tracksSelection {
    targetid: 66203
    binding: OPACITY
  }
  tracksSelection {
    targetid: 66204
    binding: OPACITY
  }
  tracksSelection {
    targetid: 66205
    binding: OPACITY
  }
  tracksSelection {
    targetid: 66206
    binding: OPACITY
  }
  tracksSelection {
    targetid: 66207
    binding: OPACITY
  }
  tracksSelection {
    targetid: 66208
    binding: OPACITY
  }
  tracksSelection {
    targetid: 66209
    binding: OPACITY
  }
  tracksSelection {
    targetid: 66210
    binding: OPACITY
  }
  alltracks: false
  looping: false
}
