activecomp {
  name: "Home-TransitionOverlay_Main"
  width: 1920
  height: 1080
  defaultcameradistance: 2666.6667
  layer {
    name: "BG"
    id: 66253
    sourceid: 66186
    transform {
      anchorPoint {
        x: 960
        y: 540
        z: 0
      }
      scale {
        x: 1
        y: 1
        z: 1
      }
      position {
        x: 0
        y: 0
        z: 0
      }
      orientation {
        x: 0
        y: 0
        z: 0
      }
      rotationX: 0
      rotationY: 0
      rotationZ: 0
      opacity: 0
    }
    acceptsshadows: true
    acceptslights: true
    castsshadows: false
    parentid: 66258
    properties {
      key: "interactive"
      value: "off"
    }
  }
  layer {
    name: "DISCOVER"
    id: 66254
    sourceid: 66198
    transform {
      anchorPoint {
        x: 960
        y: 540
        z: 0
      }
      scale {
        x: 1
        y: 1
        z: 1
      }
      position {
        x: 0
        y: 0
        z: 0
      }
      orientation {
        x: 0
        y: 0
        z: 0
      }
      rotationX: 0
      rotationY: 0
      rotationZ: 0
      opacity: 0
    }
    acceptsshadows: true
    acceptslights: true
    castsshadows: false
    parentid: 66258
    properties {
      key: "interactive"
      value: "off"
    }
  }
  layer {
    name: "MY_LIBRARY"
    id: 66255
    sourceid: 66619
    transform {
      anchorPoint {
        x: 960
        y: 540
        z: 0
      }
      scale {
        x: 1
        y: 1
        z: 1
      }
      position {
        x: 0
        y: 0
        z: 0
      }
      orientation {
        x: 0
        y: 0
        z: 0
      }
      rotationX: 0
      rotationY: 0
      rotationZ: 0
      opacity: 0
    }
    acceptsshadows: true
    acceptslights: true
    castsshadows: false
    parentid: 66258
    properties {
      key: "interactive"
      value: "off"
    }
  }
  layer {
    name: "WATCH_NOW"
    id: 66256
    sourceid: 66318
    transform {
      anchorPoint {
        x: 960
        y: 540
        z: 0
      }
      scale {
        x: 1
        y: 1
        z: 1
      }
      position {
        x: 0
        y: 0
        z: 0
      }
      orientation {
        x: 0
        y: 0
        z: 0
      }
      rotationX: 0
      rotationY: 0
      rotationZ: 0
      opacity: 0
    }
    acceptsshadows: true
    acceptslights: true
    castsshadows: false
    parentid: 66258
    properties {
      key: "interactive"
      value: "off"
    }
  }
  layer {
    name: "GUIDE"
    id: 66257
    sourceid: 66685
    transform {
      anchorPoint {
        x: 960
        y: 540
        z: 0
      }
      scale {
        x: 1
        y: 1
        z: 1
      }
      position {
        x: 0
        y: 0
        z: 0
      }
      orientation {
        x: 0
        y: 0
        z: 0
      }
      rotationX: 0
      rotationY: 0
      rotationZ: 0
      opacity: 0
    }
    acceptsshadows: true
    acceptslights: true
    castsshadows: false
    parentid: 66258
  }
  layer {
    name: "POSITION"
    id: 66258
    sourceid: 65626
    transform {
      anchorPoint {
        x: 0
        y: 0
        z: 0
      }
      scale {
        x: 1
        y: 1
        z: 1
      }
      position {
        x: 960
        y: 1076
        z: 0
      }
      orientation {
        x: 0
        y: 0
        z: 0
      }
      rotationX: 0
      rotationY: 0
      rotationZ: 0
      opacity: 1
    }
    acceptsshadows: true
    acceptslights: true
    castsshadows: false
    properties {
      key: "interactive"
      value: "off"
    }
  }
  bgcolor {
    alpha: 1
    red: 0
    green: 0
    blue: 0
  }
  properties {
    key: "interactive"
    value: "off"
  }
  childtemplates: "Home-TransitionOverlay_BG"
  childtemplates: "Home-TransitionOverlay_DISCOVER"
  childtemplates: "Home-TransitionOverlay_MY_LIBRARY"
  childtemplates: "Home-TransitionOverlay_WATCH_NOW"
  childtemplates: "Home-TransitionOverlay_GUIDE"
}
sources {
  uid: 66186
  srctype: AE_COMP_SRC
  name: "Home-TransitionOverlay_BG.layout"
  width: 1920
  height: 1080
  copy_source: true
}
sources {
  uid: 66198
  srctype: AE_COMP_SRC
  name: "Home-TransitionOverlay_DISCOVER.layout"
  width: 1920
  height: 1080
  copy_source: true
}
sources {
  uid: 66619
  srctype: AE_COMP_SRC
  name: "Home-TransitionOverlay_MY_LIBRARY.layout"
  width: 1920
  height: 1080
  copy_source: true
}
sources {
  uid: 66318
  srctype: AE_COMP_SRC
  name: "Home-TransitionOverlay_WATCH_NOW.layout"
  width: 1920
  height: 1080
  copy_source: true
}
sources {
  uid: 66685
  srctype: AE_COMP_SRC
  name: "Home-TransitionOverlay_GUIDE.layout"
  width: 1920
  height: 1080
  copy_source: true
}
sources {
  uid: 65626
  srctype: AE_NULL_SRC
  width: 100
  height: 100
  copy_source: false
}
