activecomp {
  name: "Home-TransitionOverlay_BG"
  width: 1920
  height: 1080
  defaultcameradistance: 2666.6667
  layer {
    name: "tv-menu-gradient.png"
    id: 66186
    sourceid: 66683
    transform {
      anchorPoint {
        x: 1
        y: 540
        z: 0
      }
      scale {
        x: 2172
        y: 1
        z: 1
      }
      position {
        x: 960
        y: 540
        z: 0
      }
      orientation {
        x: 0
        y: 0
        z: 0
      }
      rotationX: 0
      rotationY: 0
      rotationZ: 0
      opacity: 1
    }
    acceptsshadows: true
    acceptslights: true
    castsshadows: false
  }
  bgcolor {
    alpha: 1
    red: 0
    green: 0
    blue: 0
  }
  properties {
    key: "interactive"
    value: "off"
  }
}
sources {
  uid: 66683
  srctype: AE_IMAGE_SRC
  name: "tv-menu-gradient.png"
  width: 2
  height: 1080
  numberOfFrames: 1
  fps: 0
  loops: 1
  copy_source: true
}
