activecomp {
  name: "Home-TransitionOverlay_DISCOVER"
  width: 1920
  height: 1080
  defaultcameradistance: 2666.6667
  layer {
    name: "Dark Gray Solid 8"
    id: 66198
    sourceid: 66650
    transform {
      anchorPoint {
        x: 240
        y: 75
        z: 0
      }
      scale {
        x: 1
        y: 1
        z: 1
      }
      position {
        x: 535
        y: 618
        z: 0
      }
      orientation {
        x: 0
        y: 0
        z: 0
      }
      rotationX: 0
      rotationY: 0
      rotationZ: 0
      opacity: 1
    }
    acceptsshadows: true
    acceptslights: true
    castsshadows: false
  }
  layer {
    name: "Dark Gray Solid 8"
    id: 66199
    sourceid: 66650
    transform {
      anchorPoint {
        x: 240
        y: 75
        z: 0
      }
      scale {
        x: 1
        y: 1
        z: 1
      }
      position {
        x: 1039
        y: 618
        z: 0
      }
      orientation {
        x: 0
        y: 0
        z: 0
      }
      rotationX: 0
      rotationY: 0
      rotationZ: 0
      opacity: 1
    }
    acceptsshadows: true
    acceptslights: true
    castsshadows: false
  }
  layer {
    name: "Dark Gray Solid 8"
    id: 66200
    sourceid: 66650
    transform {
      anchorPoint {
        x: 240
        y: 75
        z: 0
      }
      scale {
        x: 1
        y: 1
        z: 1
      }
      position {
        x: 1543
        y: 618
        z: 0
      }
      orientation {
        x: 0
        y: 0
        z: 0
      }
      rotationX: 0
      rotationY: 0
      rotationZ: 0
      opacity: 1
    }
    acceptsshadows: true
    acceptslights: true
    castsshadows: false
  }
  layer {
    name: "Dark Gray Solid 3"
    id: 66201
    sourceid: 66573
    transform {
      anchorPoint {
        x: 150
        y: 15
        z: 0
      }
      scale {
        x: 1
        y: 1
        z: 1
      }
      position {
        x: 445
        y: 819
        z: 0
      }
      orientation {
        x: 0
        y: 0
        z: 0
      }
      rotationX: 0
      rotationY: 0
      rotationZ: 0
      opacity: 1
    }
    acceptsshadows: true
    acceptslights: true
    castsshadows: false
  }
  layer {
    name: "Dark Gray Solid 4"
    id: 66202
    sourceid: 66575
    transform {
      anchorPoint {
        x: 87
        y: 38
        z: 0
      }
      scale {
        x: 1
        y: 1
        z: 1
      }
      position {
        x: 183
        y: 888
        z: 0
      }
      orientation {
        x: 0
        y: 0
        z: 0
      }
      rotationX: 0
      rotationY: 0
      rotationZ: 0
      opacity: 1
    }
    acceptsshadows: true
    acceptslights: true
    castsshadows: false
  }
  layer {
    name: "Dark Gray Solid 9"
    id: 66203
    sourceid: 66674
    transform {
      anchorPoint {
        x: 100
        y: 150
        z: 0
      }
      scale {
        x: 1
        y: 1
        z: 1
      }
      position {
        x: 1739
        y: 999
        z: 0
      }
      orientation {
        x: 0
        y: 0
        z: 0
      }
      rotationX: 0
      rotationY: 0
      rotationZ: 0
      opacity: 1
    }
    acceptsshadows: true
    acceptslights: true
    castsshadows: false
  }
  layer {
    name: "Dark Gray Solid 9"
    id: 66204
    sourceid: 66674
    transform {
      anchorPoint {
        x: 100
        y: 150
        z: 0
      }
      scale {
        x: 1
        y: 1
        z: 1
      }
      position {
        x: 1515
        y: 999
        z: 0
      }
      orientation {
        x: 0
        y: 0
        z: 0
      }
      rotationX: 0
      rotationY: 0
      rotationZ: 0
      opacity: 1
    }
    acceptsshadows: true
    acceptslights: true
    castsshadows: false
  }
  layer {
    name: "Dark Gray Solid 9"
    id: 66205
    sourceid: 66674
    transform {
      anchorPoint {
        x: 100
        y: 150
        z: 0
      }
      scale {
        x: 1
        y: 1
        z: 1
      }
      position {
        x: 1291
        y: 999
        z: 0
      }
      orientation {
        x: 0
        y: 0
        z: 0
      }
      rotationX: 0
      rotationY: 0
      rotationZ: 0
      opacity: 1
    }
    acceptsshadows: true
    acceptslights: true
    castsshadows: false
  }
  layer {
    name: "Dark Gray Solid 9"
    id: 66206
    sourceid: 66674
    transform {
      anchorPoint {
        x: 100
        y: 150
        z: 0
      }
      scale {
        x: 1
        y: 1
        z: 1
      }
      position {
        x: 1067
        y: 999
        z: 0
      }
      orientation {
        x: 0
        y: 0
        z: 0
      }
      rotationX: 0
      rotationY: 0
      rotationZ: 0
      opacity: 1
    }
    acceptsshadows: true
    acceptslights: true
    castsshadows: false
  }
  layer {
    name: "Dark Gray Solid 9"
    id: 66207
    sourceid: 66674
    transform {
      anchorPoint {
        x: 100
        y: 150
        z: 0
      }
      scale {
        x: 1
        y: 1
        z: 1
      }
      position {
        x: 843
        y: 999
        z: 0
      }
      orientation {
        x: 0
        y: 0
        z: 0
      }
      rotationX: 0
      rotationY: 0
      rotationZ: 0
      opacity: 1
    }
    acceptsshadows: true
    acceptslights: true
    castsshadows: false
  }
  layer {
    name: "Dark Gray Solid 9"
    id: 66208
    sourceid: 66674
    transform {
      anchorPoint {
        x: 100
        y: 150
        z: 0
      }
      scale {
        x: 1
        y: 1
        z: 1
      }
      position {
        x: 619
        y: 999
        z: 0
      }
      orientation {
        x: 0
        y: 0
        z: 0
      }
      rotationX: 0
      rotationY: 0
      rotationZ: 0
      opacity: 1
    }
    acceptsshadows: true
    acceptslights: true
    castsshadows: false
  }
  layer {
    name: "Dark Gray Solid 9"
    id: 66209
    sourceid: 66674
    transform {
      anchorPoint {
        x: 100
        y: 150
        z: 0
      }
      scale {
        x: 1
        y: 1
        z: 1
      }
      position {
        x: 395
        y: 999
        z: 0
      }
      orientation {
        x: 0
        y: 0
        z: 0
      }
      rotationX: 0
      rotationY: 0
      rotationZ: 0
      opacity: 1
    }
    acceptsshadows: true
    acceptslights: true
    castsshadows: false
  }
  layer {
    name: "Dark Gray Solid 9"
    id: 66210
    sourceid: 66674
    transform {
      anchorPoint {
        x: 100
        y: 150
        z: 0
      }
      scale {
        x: 1
        y: 1
        z: 1
      }
      position {
        x: 1963
        y: 999
        z: 0
      }
      orientation {
        x: 0
        y: 0
        z: 0
      }
      rotationX: 0
      rotationY: 0
      rotationZ: 0
      opacity: 1
    }
    acceptsshadows: true
    acceptslights: true
    castsshadows: false
  }
  bgcolor {
    alpha: 1
    red: 0
    green: 0
    blue: 0
  }
  properties {
    key: "interactive"
    value: "off"
  }
}
sources {
  uid: 66650
  srctype: AE_SOLID_SRC
  color {
    alpha: 1
    red: 0.250980406999588
    green: 0.250980406999588
    blue: 0.250980406999588
  }
  width: 480
  height: 150
  copy_source: false
}
sources {
  uid: 66573
  srctype: AE_SOLID_SRC
  color {
    alpha: 1
    red: 0.25174599885940552
    green: 0.25174599885940552
    blue: 0.25174599885940552
  }
  width: 300
  height: 30
  copy_source: false
}
sources {
  uid: 66575
  srctype: AE_SOLID_SRC
  color {
    alpha: 1
    red: 0.25174599885940552
    green: 0.25174599885940552
    blue: 0.25174599885940552
  }
  width: 174
  height: 76
  copy_source: false
}
sources {
  uid: 66674
  srctype: AE_SOLID_SRC
  color {
    alpha: 1
    red: 0.25097998976707458
    green: 0.25097998976707458
    blue: 0.25097998976707458
  }
  width: 200
  height: 300
  copy_source: false
}
