activecomp {
  name: "Home-TransitionOverlay_Main-Layout"
  width: 1080
  height: 1575
  defaultcameradistance: 1500
  layer {
    name: "Main"
    id: 66269
    sourceid: 65435
    transform {
      anchorPoint {
        x: 540
        y: 787.5
        z: 0
      }
      scale {
        x: 1
        y: 1
        z: 1
      }
      position {
        x: 540
        y: 787.5
        z: 0
      }
      orientation {
        x: 0
        y: 0
        z: 0
      }
      rotationX: 0
      rotationY: 0
      rotationZ: 0
      opacity: 1
    }
    acceptsshadows: true
    acceptslights: true
    castsshadows: false
    properties {
      key: "interactive"
      value: "off"
    }
  }
  bgcolor {
    alpha: 1
    red: 0
    green: 0
    blue: 0
  }
  properties {
    key: "layout"
    value: "CYIColumnLayout"
  }
  properties {
    key: "interactive"
    value: "off"
  }
  childtemplates: "Home-TransitionOverlay_Main"
}
sources {
  uid: 65435
  srctype: AE_COMP_SRC
  name: "Home-TransitionOverlay_Main.layout"
  width: 1080
  height: 1575
  copy_source: true
}
