activecomp {
  name: "Home-TransitionOverlay_Main-Squash"
  width: 1080
  height: 1575
  defaultcameradistance: 1500
  layer {
    name: "Main-Resize"
    id: 66305
    sourceid: 65831
    transform {
      anchorPoint {
        x: 540
        y: 787.5
        z: 0
      }
      scale {
        x: 1
        y: 1
        z: 1
      }
      position {
        x: 540
        y: 787.5
        z: 0
      }
      orientation {
        x: 0
        y: 0
        z: 0
      }
      rotationX: 0
      rotationY: 0
      rotationZ: 0
      opacity: 1
    }
    acceptsshadows: true
    acceptslights: true
    castsshadows: false
    parentid: 66306
    properties {
      key: "interactive"
      value: "off"
    }
  }
  layer {
    name: "SizingAnchor"
    id: 66306
    sourceid: 65817
    transform {
      anchorPoint {
        x: 0
        y: 0
        z: 0
      }
      scale {
        x: 1
        y: 1
        z: 1
      }
      position {
        x: 0
        y: 0
        z: 0
      }
      orientation {
        x: 0
        y: 0
        z: 0
      }
      rotationX: 0
      rotationY: 0
      rotationZ: 0
      opacity: 1
    }
    acceptsshadows: true
    acceptslights: true
    castsshadows: false
  }
  bgcolor {
    alpha: 1
    red: 0
    green: 0
    blue: 0
  }
  properties {
    key: "interactive"
    value: "off"
  }
  childtemplates: "Home-TransitionOverlay_Main-Resize"
}
sources {
  uid: 65831
  srctype: AE_COMP_SRC
  name: "Home-TransitionOverlay_Main-Resize.layout"
  width: 1080
  height: 1575
  copy_source: true
}
sources {
  uid: 65817
  srctype: AE_NULL_SRC
  width: 100
  height: 100
  copy_source: false
}
