tracks {
  binding: IS_VISIBLE
  targetid: 66771
  targetname: "Dark Gray Solid 12"
  keytimes {
    datatype: AE_INT_DATA
    timeOffset: 0
    inttype: AE_INTERP_HOLD
    ivalue1: 1
  }
}
tracks {
  binding: IS_VISIBLE
  targetid: 66772
  targetname: "Dark Gray Solid 14"
  keytimes {
    datatype: AE_INT_DATA
    timeOffset: 0
    inttype: AE_INTERP_HOLD
    ivalue1: 1
  }
}
tracks {
  binding: IS_VISIBLE
  targetid: 66773
  targetname: "Dark Gray Solid 13"
  keytimes {
    datatype: AE_INT_DATA
    timeOffset: 0
    inttype: AE_INTERP_HOLD
    ivalue1: 1
  }
}
markers {
  starttime: 2.002002
  duration: 1.001001
  name: "Loop"
  alltracks: false
  looping: false
}
