activecomp {
  name: "Video-LoadingIndicator_LoaderBar-Root"
  width: 1920
  height: 20
  defaultcameradistance: 2666.6667
  layer {
    name: "LoaderBar"
    id: 65606
    sourceid: 65591
    transform {
      anchorPoint {
        x: 960
        y: 10
        z: 0
      }
      scale {
        x: 1
        y: 1
        z: 1
      }
      position {
        x: 960
        y: 10
        z: 0
      }
      orientation {
        x: 0
        y: 0
        z: 0
      }
      rotationX: 0
      rotationY: 0
      rotationZ: 0
      opacity: 1
    }
    acceptsshadows: true
    acceptslights: true
    castsshadows: false
    properties {
      key: "interactive"
      value: "off"
    }
  }
  bgcolor {
    alpha: 1
    red: 0
    green: 0
    blue: 0
  }
  childtemplates: "Video-LoadingIndicator_LoaderBar"
}
sources {
  uid: 65591
  srctype: AE_COMP_SRC
  name: "Video-LoadingIndicator_LoaderBar.layout"
  width: 1920
  height: 20
  copy_source: true
}
